{"$message_type":"diagnostic","message":"the trait bound `NaiveDateTime: diesel::Queryable<diesel::sql_types::Nullable<diesel::sql_types::Timestamp>, Pg>` is not satisfied","code":{"code":"E0277","explanation":"You tried to use a type which doesn't implement some trait in a place which\nexpected that trait.\n\nErroneous code example:\n\n```compile_fail,E0277\n// here we declare the Foo trait with a bar method\ntrait Foo {\n    fn bar(&self);\n}\n\n// we now declare a function which takes an object implementing the Foo trait\nfn some_func<T: Foo>(foo: T) {\n    foo.bar();\n}\n\nfn main() {\n    // we now call the method with the i32 type, which doesn't implement\n    // the Foo trait\n    some_func(5i32); // error: the trait bound `i32 : Foo` is not satisfied\n}\n```\n\nIn order to fix this error, verify that the type you're using does implement\nthe trait. Example:\n\n```\ntrait Foo {\n    fn bar(&self);\n}\n\n// we implement the trait on the i32 type\nimpl Foo for i32 {\n    fn bar(&self) {}\n}\n\nfn some_func<T: Foo>(foo: T) {\n    foo.bar(); // we can now use this method since i32 implements the\n               // Foo trait\n}\n\nfn main() {\n    some_func(5i32); // ok!\n}\n```\n\nOr in a generic context, an erroneous code example would look like:\n\n```compile_fail,E0277\nfn some_func<T>(foo: T) {\n    println!(\"{:?}\", foo); // error: the trait `core::fmt::Debug` is not\n                           //        implemented for the type `T`\n}\n\nfn main() {\n    // We now call the method with the i32 type,\n    // which *does* implement the Debug trait.\n    some_func(5i32);\n}\n```\n\nNote that the error here is in the definition of the generic function. Although\nwe only call it with a parameter that does implement `Debug`, the compiler\nstill rejects the function. It must work with all possible input types. In\norder to make this example compile, we need to restrict the generic type we're\naccepting:\n\n```\nuse std::fmt;\n\n// Restrict the input type to types that implement Debug.\nfn some_func<T: fmt::Debug>(foo: T) {\n    println!(\"{:?}\", foo);\n}\n\nfn main() {\n    // Calling the method is still fine, as i32 implements Debug.\n    some_func(5i32);\n\n    // This would fail to compile now:\n    // struct WithoutDebug;\n    // some_func(WithoutDebug);\n}\n```\n\nRust only looks at the signature of the called function, as such it must\nalready specify all requirements that will be used for every type parameter.\n"},"level":"error","spans":[{"file_name":"db/src/models.rs","byte_start":280,"byte_end":286,"line_start":11,"line_end":11,"column_start":21,"column_end":27,"is_primary":true,"text":[{"text":"    pub created_at: chrono::NaiveDateTime,","highlight_start":21,"highlight_end":27}],"label":"the trait `diesel::Queryable<diesel::sql_types::Nullable<diesel::sql_types::Timestamp>, Pg>` is not implemented for `NaiveDateTime`","suggested_replacement":null,"suggestion_applicability":null,"expansion":null}],"children":[{"message":"the following other types implement trait `diesel::Queryable<ST, DB>`:\n  <bool as diesel::Queryable<__ST, __DB>>\n  <i8 as diesel::Queryable<__ST, __DB>>\n  <i16 as diesel::Queryable<__ST, __DB>>\n  <i32 as diesel::Queryable<__ST, __DB>>\n  <i64 as diesel::Queryable<__ST, __DB>>\n  <u8 as diesel::Queryable<__ST, __DB>>\n  <u16 as diesel::Queryable<__ST, __DB>>\n  <u32 as diesel::Queryable<__ST, __DB>>\nand 120 others","code":null,"level":"help","spans":[],"children":[],"rendered":null},{"message":"required for `NaiveDateTime` to implement `FromSqlRow<diesel::sql_types::Nullable<diesel::sql_types::Timestamp>, Pg>`","code":null,"level":"note","spans":[],"children":[],"rendered":null},{"message":"see issue #48214","code":null,"level":"help","spans":[],"children":[],"rendered":null}],"rendered":"\u001b[0m\u001b[1m\u001b[38;5;9merror[E0277]\u001b[0m\u001b[0m\u001b[1m: the trait bound `NaiveDateTime: diesel::Queryable<diesel::sql_types::Nullable<diesel::sql_types::Timestamp>, Pg>` is not satisfied\u001b[0m\n\u001b[0m  \u001b[0m\u001b[0m\u001b[1m\u001b[38;5;12m--> \u001b[0m\u001b[0mdb/src/models.rs:11:21\u001b[0m\n\u001b[0m   \u001b[0m\u001b[0m\u001b[1m\u001b[38;5;12m|\u001b[0m\n\u001b[0m\u001b[1m\u001b[38;5;12m11\u001b[0m\u001b[0m \u001b[0m\u001b[0m\u001b[1m\u001b[38;5;12m|\u001b[0m\u001b[0m \u001b[0m\u001b[0m    pub created_at: chrono::NaiveDateTime,\u001b[0m\n\u001b[0m   \u001b[0m\u001b[0m\u001b[1m\u001b[38;5;12m| \u001b[0m\u001b[0m                    \u001b[0m\u001b[0m\u001b[1m\u001b[38;5;9m^^^^^^\u001b[0m\u001b[0m \u001b[0m\u001b[0m\u001b[1m\u001b[38;5;9mthe trait `diesel::Queryable<diesel::sql_types::Nullable<diesel::sql_types::Timestamp>, Pg>` is not implemented for `NaiveDateTime`\u001b[0m\n\u001b[0m   \u001b[0m\u001b[0m\u001b[1m\u001b[38;5;12m|\u001b[0m\n\u001b[0m   \u001b[0m\u001b[0m\u001b[1m\u001b[38;5;12m= \u001b[0m\u001b[0m\u001b[1mhelp\u001b[0m\u001b[0m: the following other types implement trait `diesel::Queryable<ST, DB>`:\u001b[0m\n\u001b[0m             <bool as diesel::Queryable<__ST, __DB>>\u001b[0m\n\u001b[0m             <i8 as diesel::Queryable<__ST, __DB>>\u001b[0m\n\u001b[0m             <i16 as diesel::Queryable<__ST, __DB>>\u001b[0m\n\u001b[0m             <i32 as diesel::Queryable<__ST, __DB>>\u001b[0m\n\u001b[0m             <i64 as diesel::Queryable<__ST, __DB>>\u001b[0m\n\u001b[0m             <u8 as diesel::Queryable<__ST, __DB>>\u001b[0m\n\u001b[0m             <u16 as diesel::Queryable<__ST, __DB>>\u001b[0m\n\u001b[0m             <u32 as diesel::Queryable<__ST, __DB>>\u001b[0m\n\u001b[0m           and 120 others\u001b[0m\n\u001b[0m   \u001b[0m\u001b[0m\u001b[1m\u001b[38;5;12m= \u001b[0m\u001b[0m\u001b[1mnote\u001b[0m\u001b[0m: required for `NaiveDateTime` to implement `FromSqlRow<diesel::sql_types::Nullable<diesel::sql_types::Timestamp>, Pg>`\u001b[0m\n\u001b[0m   \u001b[0m\u001b[0m\u001b[1m\u001b[38;5;12m= \u001b[0m\u001b[0m\u001b[1mhelp\u001b[0m\u001b[0m: see issue #48214\u001b[0m\n\n"}
{"$message_type":"diagnostic","message":"the trait bound `NaiveDateTime: diesel::Queryable<diesel::sql_types::Nullable<diesel::sql_types::Timestamp>, Pg>` is not satisfied","code":{"code":"E0277","explanation":"You tried to use a type which doesn't implement some trait in a place which\nexpected that trait.\n\nErroneous code example:\n\n```compile_fail,E0277\n// here we declare the Foo trait with a bar method\ntrait Foo {\n    fn bar(&self);\n}\n\n// we now declare a function which takes an object implementing the Foo trait\nfn some_func<T: Foo>(foo: T) {\n    foo.bar();\n}\n\nfn main() {\n    // we now call the method with the i32 type, which doesn't implement\n    // the Foo trait\n    some_func(5i32); // error: the trait bound `i32 : Foo` is not satisfied\n}\n```\n\nIn order to fix this error, verify that the type you're using does implement\nthe trait. Example:\n\n```\ntrait Foo {\n    fn bar(&self);\n}\n\n// we implement the trait on the i32 type\nimpl Foo for i32 {\n    fn bar(&self) {}\n}\n\nfn some_func<T: Foo>(foo: T) {\n    foo.bar(); // we can now use this method since i32 implements the\n               // Foo trait\n}\n\nfn main() {\n    some_func(5i32); // ok!\n}\n```\n\nOr in a generic context, an erroneous code example would look like:\n\n```compile_fail,E0277\nfn some_func<T>(foo: T) {\n    println!(\"{:?}\", foo); // error: the trait `core::fmt::Debug` is not\n                           //        implemented for the type `T`\n}\n\nfn main() {\n    // We now call the method with the i32 type,\n    // which *does* implement the Debug trait.\n    some_func(5i32);\n}\n```\n\nNote that the error here is in the definition of the generic function. Although\nwe only call it with a parameter that does implement `Debug`, the compiler\nstill rejects the function. It must work with all possible input types. In\norder to make this example compile, we need to restrict the generic type we're\naccepting:\n\n```\nuse std::fmt;\n\n// Restrict the input type to types that implement Debug.\nfn some_func<T: fmt::Debug>(foo: T) {\n    println!(\"{:?}\", foo);\n}\n\nfn main() {\n    // Calling the method is still fine, as i32 implements Debug.\n    some_func(5i32);\n\n    // This would fail to compile now:\n    // struct WithoutDebug;\n    // some_func(WithoutDebug);\n}\n```\n\nRust only looks at the signature of the called function, as such it must\nalready specify all requirements that will be used for every type parameter.\n"},"level":"error","spans":[{"file_name":"db/src/models.rs","byte_start":824,"byte_end":830,"line_start":34,"line_end":34,"column_start":22,"column_end":28,"is_primary":true,"text":[{"text":"    pub finished_at: chrono::NaiveDateTime,","highlight_start":22,"highlight_end":28}],"label":"the trait `diesel::Queryable<diesel::sql_types::Nullable<diesel::sql_types::Timestamp>, Pg>` is not implemented for `NaiveDateTime`","suggested_replacement":null,"suggestion_applicability":null,"expansion":null}],"children":[{"message":"the following other types implement trait `diesel::Queryable<ST, DB>`:\n  <bool as diesel::Queryable<__ST, __DB>>\n  <i8 as diesel::Queryable<__ST, __DB>>\n  <i16 as diesel::Queryable<__ST, __DB>>\n  <i32 as diesel::Queryable<__ST, __DB>>\n  <i64 as diesel::Queryable<__ST, __DB>>\n  <u8 as diesel::Queryable<__ST, __DB>>\n  <u16 as diesel::Queryable<__ST, __DB>>\n  <u32 as diesel::Queryable<__ST, __DB>>\nand 120 others","code":null,"level":"help","spans":[],"children":[],"rendered":null},{"message":"required for `NaiveDateTime` to implement `FromSqlRow<diesel::sql_types::Nullable<diesel::sql_types::Timestamp>, Pg>`","code":null,"level":"note","spans":[],"children":[],"rendered":null},{"message":"see issue #48214","code":null,"level":"help","spans":[],"children":[],"rendered":null}],"rendered":"\u001b[0m\u001b[1m\u001b[38;5;9merror[E0277]\u001b[0m\u001b[0m\u001b[1m: the trait bound `NaiveDateTime: diesel::Queryable<diesel::sql_types::Nullable<diesel::sql_types::Timestamp>, Pg>` is not satisfied\u001b[0m\n\u001b[0m  \u001b[0m\u001b[0m\u001b[1m\u001b[38;5;12m--> \u001b[0m\u001b[0mdb/src/models.rs:34:22\u001b[0m\n\u001b[0m   \u001b[0m\u001b[0m\u001b[1m\u001b[38;5;12m|\u001b[0m\n\u001b[0m\u001b[1m\u001b[38;5;12m34\u001b[0m\u001b[0m \u001b[0m\u001b[0m\u001b[1m\u001b[38;5;12m|\u001b[0m\u001b[0m \u001b[0m\u001b[0m    pub finished_at: chrono::NaiveDateTime,\u001b[0m\n\u001b[0m   \u001b[0m\u001b[0m\u001b[1m\u001b[38;5;12m| \u001b[0m\u001b[0m                     \u001b[0m\u001b[0m\u001b[1m\u001b[38;5;9m^^^^^^\u001b[0m\u001b[0m \u001b[0m\u001b[0m\u001b[1m\u001b[38;5;9mthe trait `diesel::Queryable<diesel::sql_types::Nullable<diesel::sql_types::Timestamp>, Pg>` is not implemented for `NaiveDateTime`\u001b[0m\n\u001b[0m   \u001b[0m\u001b[0m\u001b[1m\u001b[38;5;12m|\u001b[0m\n\u001b[0m   \u001b[0m\u001b[0m\u001b[1m\u001b[38;5;12m= \u001b[0m\u001b[0m\u001b[1mhelp\u001b[0m\u001b[0m: the following other types implement trait `diesel::Queryable<ST, DB>`:\u001b[0m\n\u001b[0m             <bool as diesel::Queryable<__ST, __DB>>\u001b[0m\n\u001b[0m             <i8 as diesel::Queryable<__ST, __DB>>\u001b[0m\n\u001b[0m             <i16 as diesel::Queryable<__ST, __DB>>\u001b[0m\n\u001b[0m             <i32 as diesel::Queryable<__ST, __DB>>\u001b[0m\n\u001b[0m             <i64 as diesel::Queryable<__ST, __DB>>\u001b[0m\n\u001b[0m             <u8 as diesel::Queryable<__ST, __DB>>\u001b[0m\n\u001b[0m             <u16 as diesel::Queryable<__ST, __DB>>\u001b[0m\n\u001b[0m             <u32 as diesel::Queryable<__ST, __DB>>\u001b[0m\n\u001b[0m           and 120 others\u001b[0m\n\u001b[0m   \u001b[0m\u001b[0m\u001b[1m\u001b[38;5;12m= \u001b[0m\u001b[0m\u001b[1mnote\u001b[0m\u001b[0m: required for `NaiveDateTime` to implement `FromSqlRow<diesel::sql_types::Nullable<diesel::sql_types::Timestamp>, Pg>`\u001b[0m\n\u001b[0m   \u001b[0m\u001b[0m\u001b[1m\u001b[38;5;12m= \u001b[0m\u001b[0m\u001b[1mhelp\u001b[0m\u001b[0m: see issue #48214\u001b[0m\n\n"}
{"$message_type":"diagnostic","message":"the trait bound `i32: FromSql<diesel::sql_types::Nullable<Integer>, Pg>` is not satisfied","code":{"code":"E0277","explanation":"You tried to use a type which doesn't implement some trait in a place which\nexpected that trait.\n\nErroneous code example:\n\n```compile_fail,E0277\n// here we declare the Foo trait with a bar method\ntrait Foo {\n    fn bar(&self);\n}\n\n// we now declare a function which takes an object implementing the Foo trait\nfn some_func<T: Foo>(foo: T) {\n    foo.bar();\n}\n\nfn main() {\n    // we now call the method with the i32 type, which doesn't implement\n    // the Foo trait\n    some_func(5i32); // error: the trait bound `i32 : Foo` is not satisfied\n}\n```\n\nIn order to fix this error, verify that the type you're using does implement\nthe trait. Example:\n\n```\ntrait Foo {\n    fn bar(&self);\n}\n\n// we implement the trait on the i32 type\nimpl Foo for i32 {\n    fn bar(&self) {}\n}\n\nfn some_func<T: Foo>(foo: T) {\n    foo.bar(); // we can now use this method since i32 implements the\n               // Foo trait\n}\n\nfn main() {\n    some_func(5i32); // ok!\n}\n```\n\nOr in a generic context, an erroneous code example would look like:\n\n```compile_fail,E0277\nfn some_func<T>(foo: T) {\n    println!(\"{:?}\", foo); // error: the trait `core::fmt::Debug` is not\n                           //        implemented for the type `T`\n}\n\nfn main() {\n    // We now call the method with the i32 type,\n    // which *does* implement the Debug trait.\n    some_func(5i32);\n}\n```\n\nNote that the error here is in the definition of the generic function. Although\nwe only call it with a parameter that does implement `Debug`, the compiler\nstill rejects the function. It must work with all possible input types. In\norder to make this example compile, we need to restrict the generic type we're\naccepting:\n\n```\nuse std::fmt;\n\n// Restrict the input type to types that implement Debug.\nfn some_func<T: fmt::Debug>(foo: T) {\n    println!(\"{:?}\", foo);\n}\n\nfn main() {\n    // Calling the method is still fine, as i32 implements Debug.\n    some_func(5i32);\n\n    // This would fail to compile now:\n    // struct WithoutDebug;\n    // some_func(WithoutDebug);\n}\n```\n\nRust only looks at the signature of the called function, as such it must\nalready specify all requirements that will be used for every type parameter.\n"},"level":"error","spans":[{"file_name":"db/src/models.rs","byte_start":673,"byte_end":676,"line_start":29,"line_end":29,"column_start":23,"column_end":26,"is_primary":true,"text":[{"text":"    pub current_turn: i32,","highlight_start":23,"highlight_end":26}],"label":"the trait `FromSql<diesel::sql_types::Nullable<Integer>, Pg>` is not implemented for `i32`","suggested_replacement":null,"suggestion_applicability":null,"expansion":null}],"children":[{"message":"the trait `FromSql<Integer, Pg>` is implemented for `i32`","code":null,"level":"help","spans":[],"children":[],"rendered":null},{"message":"for that trait implementation, expected `Integer`, found `diesel::sql_types::Nullable<Integer>`","code":null,"level":"help","spans":[],"children":[],"rendered":null},{"message":"required for `i32` to implement `diesel::Queryable<diesel::sql_types::Nullable<Integer>, Pg>`","code":null,"level":"note","spans":[],"children":[],"rendered":null},{"message":"required for `i32` to implement `FromSqlRow<diesel::sql_types::Nullable<Integer>, Pg>`","code":null,"level":"note","spans":[],"children":[],"rendered":null},{"message":"see issue #48214","code":null,"level":"help","spans":[],"children":[],"rendered":null}],"rendered":"\u001b[0m\u001b[1m\u001b[38;5;9merror[E0277]\u001b[0m\u001b[0m\u001b[1m: the trait bound `i32: FromSql<diesel::sql_types::Nullable<Integer>, Pg>` is not satisfied\u001b[0m\n\u001b[0m  \u001b[0m\u001b[0m\u001b[1m\u001b[38;5;12m--> \u001b[0m\u001b[0mdb/src/models.rs:29:23\u001b[0m\n\u001b[0m   \u001b[0m\u001b[0m\u001b[1m\u001b[38;5;12m|\u001b[0m\n\u001b[0m\u001b[1m\u001b[38;5;12m29\u001b[0m\u001b[0m \u001b[0m\u001b[0m\u001b[1m\u001b[38;5;12m|\u001b[0m\u001b[0m \u001b[0m\u001b[0m    pub current_turn: i32,\u001b[0m\n\u001b[0m   \u001b[0m\u001b[0m\u001b[1m\u001b[38;5;12m| \u001b[0m\u001b[0m                      \u001b[0m\u001b[0m\u001b[1m\u001b[38;5;9m^^^\u001b[0m\u001b[0m \u001b[0m\u001b[0m\u001b[1m\u001b[38;5;9mthe trait `FromSql<diesel::sql_types::Nullable<Integer>, Pg>` is not implemented for `i32`\u001b[0m\n\u001b[0m   \u001b[0m\u001b[0m\u001b[1m\u001b[38;5;12m|\u001b[0m\n\u001b[0m   \u001b[0m\u001b[0m\u001b[1m\u001b[38;5;12m= \u001b[0m\u001b[0m\u001b[1mhelp\u001b[0m\u001b[0m: the trait `FromSql<Integer, Pg>` \u001b[0m\u001b[0m\u001b[1m\u001b[35mis\u001b[0m\u001b[0m implemented for `\u001b[0m\u001b[0m\u001b[1m\u001b[35mi32\u001b[0m\u001b[0m`\u001b[0m\n\u001b[0m   \u001b[0m\u001b[0m\u001b[1m\u001b[38;5;12m= \u001b[0m\u001b[0m\u001b[1mhelp\u001b[0m\u001b[0m: for that trait implementation, expected `Integer`, found `diesel::sql_types::Nullable<Integer>`\u001b[0m\n\u001b[0m   \u001b[0m\u001b[0m\u001b[1m\u001b[38;5;12m= \u001b[0m\u001b[0m\u001b[1mnote\u001b[0m\u001b[0m: required for `i32` to implement `diesel::Queryable<diesel::sql_types::Nullable<Integer>, Pg>`\u001b[0m\n\u001b[0m   \u001b[0m\u001b[0m\u001b[1m\u001b[38;5;12m= \u001b[0m\u001b[0m\u001b[1mnote\u001b[0m\u001b[0m: required for `i32` to implement `FromSqlRow<diesel::sql_types::Nullable<Integer>, Pg>`\u001b[0m\n\u001b[0m   \u001b[0m\u001b[0m\u001b[1m\u001b[38;5;12m= \u001b[0m\u001b[0m\u001b[1mhelp\u001b[0m\u001b[0m: see issue #48214\u001b[0m\n\n"}
{"$message_type":"diagnostic","message":"the trait bound `*const str: FromSql<diesel::sql_types::Nullable<Text>, Pg>` is not satisfied","code":{"code":"E0277","explanation":"You tried to use a type which doesn't implement some trait in a place which\nexpected that trait.\n\nErroneous code example:\n\n```compile_fail,E0277\n// here we declare the Foo trait with a bar method\ntrait Foo {\n    fn bar(&self);\n}\n\n// we now declare a function which takes an object implementing the Foo trait\nfn some_func<T: Foo>(foo: T) {\n    foo.bar();\n}\n\nfn main() {\n    // we now call the method with the i32 type, which doesn't implement\n    // the Foo trait\n    some_func(5i32); // error: the trait bound `i32 : Foo` is not satisfied\n}\n```\n\nIn order to fix this error, verify that the type you're using does implement\nthe trait. Example:\n\n```\ntrait Foo {\n    fn bar(&self);\n}\n\n// we implement the trait on the i32 type\nimpl Foo for i32 {\n    fn bar(&self) {}\n}\n\nfn some_func<T: Foo>(foo: T) {\n    foo.bar(); // we can now use this method since i32 implements the\n               // Foo trait\n}\n\nfn main() {\n    some_func(5i32); // ok!\n}\n```\n\nOr in a generic context, an erroneous code example would look like:\n\n```compile_fail,E0277\nfn some_func<T>(foo: T) {\n    println!(\"{:?}\", foo); // error: the trait `core::fmt::Debug` is not\n                           //        implemented for the type `T`\n}\n\nfn main() {\n    // We now call the method with the i32 type,\n    // which *does* implement the Debug trait.\n    some_func(5i32);\n}\n```\n\nNote that the error here is in the definition of the generic function. Although\nwe only call it with a parameter that does implement `Debug`, the compiler\nstill rejects the function. It must work with all possible input types. In\norder to make this example compile, we need to restrict the generic type we're\naccepting:\n\n```\nuse std::fmt;\n\n// Restrict the input type to types that implement Debug.\nfn some_func<T: fmt::Debug>(foo: T) {\n    println!(\"{:?}\", foo);\n}\n\nfn main() {\n    // Calling the method is still fine, as i32 implements Debug.\n    some_func(5i32);\n\n    // This would fail to compile now:\n    // struct WithoutDebug;\n    // some_func(WithoutDebug);\n}\n```\n\nRust only looks at the signature of the called function, as such it must\nalready specify all requirements that will be used for every type parameter.\n"},"level":"error","spans":[{"file_name":"db/src/models.rs","byte_start":694,"byte_end":700,"line_start":30,"line_end":30,"column_start":17,"column_end":23,"is_primary":true,"text":[{"text":"    pub status: String,","highlight_start":17,"highlight_end":23}],"label":"the trait `FromSql<diesel::sql_types::Nullable<Text>, Pg>` is not implemented for `*const str`","suggested_replacement":null,"suggestion_applicability":null,"expansion":null}],"children":[{"message":"the trait `FromSql<Text, Pg>` is implemented for `*const str`","code":null,"level":"help","spans":[],"children":[],"rendered":null},{"message":"for that trait implementation, expected `Text`, found `diesel::sql_types::Nullable<Text>`","code":null,"level":"help","spans":[],"children":[],"rendered":null},{"message":"required for `String` to implement `FromSql<diesel::sql_types::Nullable<Text>, Pg>`","code":null,"level":"note","spans":[],"children":[],"rendered":null},{"message":"required for `String` to implement `diesel::Queryable<diesel::sql_types::Nullable<Text>, Pg>`","code":null,"level":"note","spans":[],"children":[],"rendered":null},{"message":"required for `String` to implement `FromSqlRow<diesel::sql_types::Nullable<Text>, Pg>`","code":null,"level":"note","spans":[],"children":[],"rendered":null},{"message":"see issue #48214","code":null,"level":"help","spans":[],"children":[],"rendered":null}],"rendered":"\u001b[0m\u001b[1m\u001b[38;5;9merror[E0277]\u001b[0m\u001b[0m\u001b[1m: the trait bound `*const str: FromSql<diesel::sql_types::Nullable<Text>, Pg>` is not satisfied\u001b[0m\n\u001b[0m  \u001b[0m\u001b[0m\u001b[1m\u001b[38;5;12m--> \u001b[0m\u001b[0mdb/src/models.rs:30:17\u001b[0m\n\u001b[0m   \u001b[0m\u001b[0m\u001b[1m\u001b[38;5;12m|\u001b[0m\n\u001b[0m\u001b[1m\u001b[38;5;12m30\u001b[0m\u001b[0m \u001b[0m\u001b[0m\u001b[1m\u001b[38;5;12m|\u001b[0m\u001b[0m \u001b[0m\u001b[0m    pub status: String,\u001b[0m\n\u001b[0m   \u001b[0m\u001b[0m\u001b[1m\u001b[38;5;12m| \u001b[0m\u001b[0m                \u001b[0m\u001b[0m\u001b[1m\u001b[38;5;9m^^^^^^\u001b[0m\u001b[0m \u001b[0m\u001b[0m\u001b[1m\u001b[38;5;9mthe trait `FromSql<diesel::sql_types::Nullable<Text>, Pg>` is not implemented for `*const str`\u001b[0m\n\u001b[0m   \u001b[0m\u001b[0m\u001b[1m\u001b[38;5;12m|\u001b[0m\n\u001b[0m   \u001b[0m\u001b[0m\u001b[1m\u001b[38;5;12m= \u001b[0m\u001b[0m\u001b[1mhelp\u001b[0m\u001b[0m: the trait `FromSql<Text, Pg>` \u001b[0m\u001b[0m\u001b[1m\u001b[35mis\u001b[0m\u001b[0m implemented for `\u001b[0m\u001b[0m\u001b[1m\u001b[35m*const str\u001b[0m\u001b[0m`\u001b[0m\n\u001b[0m   \u001b[0m\u001b[0m\u001b[1m\u001b[38;5;12m= \u001b[0m\u001b[0m\u001b[1mhelp\u001b[0m\u001b[0m: for that trait implementation, expected `Text`, found `diesel::sql_types::Nullable<Text>`\u001b[0m\n\u001b[0m   \u001b[0m\u001b[0m\u001b[1m\u001b[38;5;12m= \u001b[0m\u001b[0m\u001b[1mnote\u001b[0m\u001b[0m: required for `String` to implement `FromSql<diesel::sql_types::Nullable<Text>, Pg>`\u001b[0m\n\u001b[0m   \u001b[0m\u001b[0m\u001b[1m\u001b[38;5;12m= \u001b[0m\u001b[0m\u001b[1mnote\u001b[0m\u001b[0m: required for `String` to implement `diesel::Queryable<diesel::sql_types::Nullable<Text>, Pg>`\u001b[0m\n\u001b[0m   \u001b[0m\u001b[0m\u001b[1m\u001b[38;5;12m= \u001b[0m\u001b[0m\u001b[1mnote\u001b[0m\u001b[0m: required for `String` to implement `FromSqlRow<diesel::sql_types::Nullable<Text>, Pg>`\u001b[0m\n\u001b[0m   \u001b[0m\u001b[0m\u001b[1m\u001b[38;5;12m= \u001b[0m\u001b[0m\u001b[1mhelp\u001b[0m\u001b[0m: see issue #48214\u001b[0m\n\n"}
{"$message_type":"diagnostic","message":"the trait bound `NaiveDateTime: diesel::Queryable<diesel::sql_types::Nullable<diesel::sql_types::Timestamp>, Pg>` is not satisfied","code":{"code":"E0277","explanation":"You tried to use a type which doesn't implement some trait in a place which\nexpected that trait.\n\nErroneous code example:\n\n```compile_fail,E0277\n// here we declare the Foo trait with a bar method\ntrait Foo {\n    fn bar(&self);\n}\n\n// we now declare a function which takes an object implementing the Foo trait\nfn some_func<T: Foo>(foo: T) {\n    foo.bar();\n}\n\nfn main() {\n    // we now call the method with the i32 type, which doesn't implement\n    // the Foo trait\n    some_func(5i32); // error: the trait bound `i32 : Foo` is not satisfied\n}\n```\n\nIn order to fix this error, verify that the type you're using does implement\nthe trait. Example:\n\n```\ntrait Foo {\n    fn bar(&self);\n}\n\n// we implement the trait on the i32 type\nimpl Foo for i32 {\n    fn bar(&self) {}\n}\n\nfn some_func<T: Foo>(foo: T) {\n    foo.bar(); // we can now use this method since i32 implements the\n               // Foo trait\n}\n\nfn main() {\n    some_func(5i32); // ok!\n}\n```\n\nOr in a generic context, an erroneous code example would look like:\n\n```compile_fail,E0277\nfn some_func<T>(foo: T) {\n    println!(\"{:?}\", foo); // error: the trait `core::fmt::Debug` is not\n                           //        implemented for the type `T`\n}\n\nfn main() {\n    // We now call the method with the i32 type,\n    // which *does* implement the Debug trait.\n    some_func(5i32);\n}\n```\n\nNote that the error here is in the definition of the generic function. Although\nwe only call it with a parameter that does implement `Debug`, the compiler\nstill rejects the function. It must work with all possible input types. In\norder to make this example compile, we need to restrict the generic type we're\naccepting:\n\n```\nuse std::fmt;\n\n// Restrict the input type to types that implement Debug.\nfn some_func<T: fmt::Debug>(foo: T) {\n    println!(\"{:?}\", foo);\n}\n\nfn main() {\n    // Calling the method is still fine, as i32 implements Debug.\n    some_func(5i32);\n\n    // This would fail to compile now:\n    // struct WithoutDebug;\n    // some_func(WithoutDebug);\n}\n```\n\nRust only looks at the signature of the called function, as such it must\nalready specify all requirements that will be used for every type parameter.\n"},"level":"error","spans":[{"file_name":"db/src/models.rs","byte_start":1453,"byte_end":1459,"line_start":59,"line_end":59,"column_start":21,"column_end":27,"is_primary":true,"text":[{"text":"    pub created_at: chrono::NaiveDateTime,","highlight_start":21,"highlight_end":27}],"label":"the trait `diesel::Queryable<diesel::sql_types::Nullable<diesel::sql_types::Timestamp>, Pg>` is not implemented for `NaiveDateTime`","suggested_replacement":null,"suggestion_applicability":null,"expansion":null}],"children":[{"message":"the following other types implement trait `diesel::Queryable<ST, DB>`:\n  <bool as diesel::Queryable<__ST, __DB>>\n  <i8 as diesel::Queryable<__ST, __DB>>\n  <i16 as diesel::Queryable<__ST, __DB>>\n  <i32 as diesel::Queryable<__ST, __DB>>\n  <i64 as diesel::Queryable<__ST, __DB>>\n  <u8 as diesel::Queryable<__ST, __DB>>\n  <u16 as diesel::Queryable<__ST, __DB>>\n  <u32 as diesel::Queryable<__ST, __DB>>\nand 120 others","code":null,"level":"help","spans":[],"children":[],"rendered":null},{"message":"required for `NaiveDateTime` to implement `FromSqlRow<diesel::sql_types::Nullable<diesel::sql_types::Timestamp>, Pg>`","code":null,"level":"note","spans":[],"children":[],"rendered":null},{"message":"see issue #48214","code":null,"level":"help","spans":[],"children":[],"rendered":null}],"rendered":"\u001b[0m\u001b[1m\u001b[38;5;9merror[E0277]\u001b[0m\u001b[0m\u001b[1m: the trait bound `NaiveDateTime: diesel::Queryable<diesel::sql_types::Nullable<diesel::sql_types::Timestamp>, Pg>` is not satisfied\u001b[0m\n\u001b[0m  \u001b[0m\u001b[0m\u001b[1m\u001b[38;5;12m--> \u001b[0m\u001b[0mdb/src/models.rs:59:21\u001b[0m\n\u001b[0m   \u001b[0m\u001b[0m\u001b[1m\u001b[38;5;12m|\u001b[0m\n\u001b[0m\u001b[1m\u001b[38;5;12m59\u001b[0m\u001b[0m \u001b[0m\u001b[0m\u001b[1m\u001b[38;5;12m|\u001b[0m\u001b[0m \u001b[0m\u001b[0m    pub created_at: chrono::NaiveDateTime,\u001b[0m\n\u001b[0m   \u001b[0m\u001b[0m\u001b[1m\u001b[38;5;12m| \u001b[0m\u001b[0m                    \u001b[0m\u001b[0m\u001b[1m\u001b[38;5;9m^^^^^^\u001b[0m\u001b[0m \u001b[0m\u001b[0m\u001b[1m\u001b[38;5;9mthe trait `diesel::Queryable<diesel::sql_types::Nullable<diesel::sql_types::Timestamp>, Pg>` is not implemented for `NaiveDateTime`\u001b[0m\n\u001b[0m   \u001b[0m\u001b[0m\u001b[1m\u001b[38;5;12m|\u001b[0m\n\u001b[0m   \u001b[0m\u001b[0m\u001b[1m\u001b[38;5;12m= \u001b[0m\u001b[0m\u001b[1mhelp\u001b[0m\u001b[0m: the following other types implement trait `diesel::Queryable<ST, DB>`:\u001b[0m\n\u001b[0m             <bool as diesel::Queryable<__ST, __DB>>\u001b[0m\n\u001b[0m             <i8 as diesel::Queryable<__ST, __DB>>\u001b[0m\n\u001b[0m             <i16 as diesel::Queryable<__ST, __DB>>\u001b[0m\n\u001b[0m             <i32 as diesel::Queryable<__ST, __DB>>\u001b[0m\n\u001b[0m             <i64 as diesel::Queryable<__ST, __DB>>\u001b[0m\n\u001b[0m             <u8 as diesel::Queryable<__ST, __DB>>\u001b[0m\n\u001b[0m             <u16 as diesel::Queryable<__ST, __DB>>\u001b[0m\n\u001b[0m             <u32 as diesel::Queryable<__ST, __DB>>\u001b[0m\n\u001b[0m           and 120 others\u001b[0m\n\u001b[0m   \u001b[0m\u001b[0m\u001b[1m\u001b[38;5;12m= \u001b[0m\u001b[0m\u001b[1mnote\u001b[0m\u001b[0m: required for `NaiveDateTime` to implement `FromSqlRow<diesel::sql_types::Nullable<diesel::sql_types::Timestamp>, Pg>`\u001b[0m\n\u001b[0m   \u001b[0m\u001b[0m\u001b[1m\u001b[38;5;12m= \u001b[0m\u001b[0m\u001b[1mhelp\u001b[0m\u001b[0m: see issue #48214\u001b[0m\n\n"}
{"$message_type":"diagnostic","message":"the trait bound `i32: FromSql<diesel::sql_types::Nullable<Integer>, Pg>` is not satisfied","code":{"code":"E0277","explanation":"You tried to use a type which doesn't implement some trait in a place which\nexpected that trait.\n\nErroneous code example:\n\n```compile_fail,E0277\n// here we declare the Foo trait with a bar method\ntrait Foo {\n    fn bar(&self);\n}\n\n// we now declare a function which takes an object implementing the Foo trait\nfn some_func<T: Foo>(foo: T) {\n    foo.bar();\n}\n\nfn main() {\n    // we now call the method with the i32 type, which doesn't implement\n    // the Foo trait\n    some_func(5i32); // error: the trait bound `i32 : Foo` is not satisfied\n}\n```\n\nIn order to fix this error, verify that the type you're using does implement\nthe trait. Example:\n\n```\ntrait Foo {\n    fn bar(&self);\n}\n\n// we implement the trait on the i32 type\nimpl Foo for i32 {\n    fn bar(&self) {}\n}\n\nfn some_func<T: Foo>(foo: T) {\n    foo.bar(); // we can now use this method since i32 implements the\n               // Foo trait\n}\n\nfn main() {\n    some_func(5i32); // ok!\n}\n```\n\nOr in a generic context, an erroneous code example would look like:\n\n```compile_fail,E0277\nfn some_func<T>(foo: T) {\n    println!(\"{:?}\", foo); // error: the trait `core::fmt::Debug` is not\n                           //        implemented for the type `T`\n}\n\nfn main() {\n    // We now call the method with the i32 type,\n    // which *does* implement the Debug trait.\n    some_func(5i32);\n}\n```\n\nNote that the error here is in the definition of the generic function. Although\nwe only call it with a parameter that does implement `Debug`, the compiler\nstill rejects the function. It must work with all possible input types. In\norder to make this example compile, we need to restrict the generic type we're\naccepting:\n\n```\nuse std::fmt;\n\n// Restrict the input type to types that implement Debug.\nfn some_func<T: fmt::Debug>(foo: T) {\n    println!(\"{:?}\", foo);\n}\n\nfn main() {\n    // Calling the method is still fine, as i32 implements Debug.\n    some_func(5i32);\n\n    // This would fail to compile now:\n    // struct WithoutDebug;\n    // some_func(WithoutDebug);\n}\n```\n\nRust only looks at the signature of the called function, as such it must\nalready specify all requirements that will be used for every type parameter.\n"},"level":"error","spans":[{"file_name":"db/src/models.rs","byte_start":1428,"byte_end":1431,"line_start":58,"line_end":58,"column_start":17,"column_end":20,"is_primary":true,"text":[{"text":"    pub move_y: i32,","highlight_start":17,"highlight_end":20}],"label":"the trait `FromSql<diesel::sql_types::Nullable<Integer>, Pg>` is not implemented for `i32`","suggested_replacement":null,"suggestion_applicability":null,"expansion":null}],"children":[{"message":"the trait `FromSql<Integer, Pg>` is implemented for `i32`","code":null,"level":"help","spans":[],"children":[],"rendered":null},{"message":"for that trait implementation, expected `Integer`, found `diesel::sql_types::Nullable<Integer>`","code":null,"level":"help","spans":[],"children":[],"rendered":null},{"message":"required for `i32` to implement `diesel::Queryable<diesel::sql_types::Nullable<Integer>, Pg>`","code":null,"level":"note","spans":[],"children":[],"rendered":null},{"message":"required for `i32` to implement `FromSqlRow<diesel::sql_types::Nullable<Integer>, Pg>`","code":null,"level":"note","spans":[],"children":[],"rendered":null},{"message":"see issue #48214","code":null,"level":"help","spans":[],"children":[],"rendered":null}],"rendered":"\u001b[0m\u001b[1m\u001b[38;5;9merror[E0277]\u001b[0m\u001b[0m\u001b[1m: the trait bound `i32: FromSql<diesel::sql_types::Nullable<Integer>, Pg>` is not satisfied\u001b[0m\n\u001b[0m  \u001b[0m\u001b[0m\u001b[1m\u001b[38;5;12m--> \u001b[0m\u001b[0mdb/src/models.rs:58:17\u001b[0m\n\u001b[0m   \u001b[0m\u001b[0m\u001b[1m\u001b[38;5;12m|\u001b[0m\n\u001b[0m\u001b[1m\u001b[38;5;12m58\u001b[0m\u001b[0m \u001b[0m\u001b[0m\u001b[1m\u001b[38;5;12m|\u001b[0m\u001b[0m \u001b[0m\u001b[0m    pub move_y: i32,\u001b[0m\n\u001b[0m   \u001b[0m\u001b[0m\u001b[1m\u001b[38;5;12m| \u001b[0m\u001b[0m                \u001b[0m\u001b[0m\u001b[1m\u001b[38;5;9m^^^\u001b[0m\u001b[0m \u001b[0m\u001b[0m\u001b[1m\u001b[38;5;9mthe trait `FromSql<diesel::sql_types::Nullable<Integer>, Pg>` is not implemented for `i32`\u001b[0m\n\u001b[0m   \u001b[0m\u001b[0m\u001b[1m\u001b[38;5;12m|\u001b[0m\n\u001b[0m   \u001b[0m\u001b[0m\u001b[1m\u001b[38;5;12m= \u001b[0m\u001b[0m\u001b[1mhelp\u001b[0m\u001b[0m: the trait `FromSql<Integer, Pg>` \u001b[0m\u001b[0m\u001b[1m\u001b[35mis\u001b[0m\u001b[0m implemented for `\u001b[0m\u001b[0m\u001b[1m\u001b[35mi32\u001b[0m\u001b[0m`\u001b[0m\n\u001b[0m   \u001b[0m\u001b[0m\u001b[1m\u001b[38;5;12m= \u001b[0m\u001b[0m\u001b[1mhelp\u001b[0m\u001b[0m: for that trait implementation, expected `Integer`, found `diesel::sql_types::Nullable<Integer>`\u001b[0m\n\u001b[0m   \u001b[0m\u001b[0m\u001b[1m\u001b[38;5;12m= \u001b[0m\u001b[0m\u001b[1mnote\u001b[0m\u001b[0m: required for `i32` to implement `diesel::Queryable<diesel::sql_types::Nullable<Integer>, Pg>`\u001b[0m\n\u001b[0m   \u001b[0m\u001b[0m\u001b[1m\u001b[38;5;12m= \u001b[0m\u001b[0m\u001b[1mnote\u001b[0m\u001b[0m: required for `i32` to implement `FromSqlRow<diesel::sql_types::Nullable<Integer>, Pg>`\u001b[0m\n\u001b[0m   \u001b[0m\u001b[0m\u001b[1m\u001b[38;5;12m= \u001b[0m\u001b[0m\u001b[1mhelp\u001b[0m\u001b[0m: see issue #48214\u001b[0m\n\n"}
{"$message_type":"diagnostic","message":"the trait bound `NaiveDateTime: diesel::Queryable<diesel::sql_types::Nullable<diesel::sql_types::Timestamp>, Pg>` is not satisfied","code":{"code":"E0277","explanation":"You tried to use a type which doesn't implement some trait in a place which\nexpected that trait.\n\nErroneous code example:\n\n```compile_fail,E0277\n// here we declare the Foo trait with a bar method\ntrait Foo {\n    fn bar(&self);\n}\n\n// we now declare a function which takes an object implementing the Foo trait\nfn some_func<T: Foo>(foo: T) {\n    foo.bar();\n}\n\nfn main() {\n    // we now call the method with the i32 type, which doesn't implement\n    // the Foo trait\n    some_func(5i32); // error: the trait bound `i32 : Foo` is not satisfied\n}\n```\n\nIn order to fix this error, verify that the type you're using does implement\nthe trait. Example:\n\n```\ntrait Foo {\n    fn bar(&self);\n}\n\n// we implement the trait on the i32 type\nimpl Foo for i32 {\n    fn bar(&self) {}\n}\n\nfn some_func<T: Foo>(foo: T) {\n    foo.bar(); // we can now use this method since i32 implements the\n               // Foo trait\n}\n\nfn main() {\n    some_func(5i32); // ok!\n}\n```\n\nOr in a generic context, an erroneous code example would look like:\n\n```compile_fail,E0277\nfn some_func<T>(foo: T) {\n    println!(\"{:?}\", foo); // error: the trait `core::fmt::Debug` is not\n                           //        implemented for the type `T`\n}\n\nfn main() {\n    // We now call the method with the i32 type,\n    // which *does* implement the Debug trait.\n    some_func(5i32);\n}\n```\n\nNote that the error here is in the definition of the generic function. Although\nwe only call it with a parameter that does implement `Debug`, the compiler\nstill rejects the function. It must work with all possible input types. In\norder to make this example compile, we need to restrict the generic type we're\naccepting:\n\n```\nuse std::fmt;\n\n// Restrict the input type to types that implement Debug.\nfn some_func<T: fmt::Debug>(foo: T) {\n    println!(\"{:?}\", foo);\n}\n\nfn main() {\n    // Calling the method is still fine, as i32 implements Debug.\n    some_func(5i32);\n\n    // This would fail to compile now:\n    // struct WithoutDebug;\n    // some_func(WithoutDebug);\n}\n```\n\nRust only looks at the signature of the called function, as such it must\nalready specify all requirements that will be used for every type parameter.\n"},"level":"error","spans":[{"file_name":"db/src/models.rs","byte_start":1935,"byte_end":1941,"line_start":81,"line_end":81,"column_start":21,"column_end":27,"is_primary":true,"text":[{"text":"    pub created_at: chrono::NaiveDateTime,","highlight_start":21,"highlight_end":27}],"label":"the trait `diesel::Queryable<diesel::sql_types::Nullable<diesel::sql_types::Timestamp>, Pg>` is not implemented for `NaiveDateTime`","suggested_replacement":null,"suggestion_applicability":null,"expansion":null}],"children":[{"message":"the following other types implement trait `diesel::Queryable<ST, DB>`:\n  <bool as diesel::Queryable<__ST, __DB>>\n  <i8 as diesel::Queryable<__ST, __DB>>\n  <i16 as diesel::Queryable<__ST, __DB>>\n  <i32 as diesel::Queryable<__ST, __DB>>\n  <i64 as diesel::Queryable<__ST, __DB>>\n  <u8 as diesel::Queryable<__ST, __DB>>\n  <u16 as diesel::Queryable<__ST, __DB>>\n  <u32 as diesel::Queryable<__ST, __DB>>\nand 120 others","code":null,"level":"help","spans":[],"children":[],"rendered":null},{"message":"required for `NaiveDateTime` to implement `FromSqlRow<diesel::sql_types::Nullable<diesel::sql_types::Timestamp>, Pg>`","code":null,"level":"note","spans":[],"children":[],"rendered":null},{"message":"see issue #48214","code":null,"level":"help","spans":[],"children":[],"rendered":null}],"rendered":"\u001b[0m\u001b[1m\u001b[38;5;9merror[E0277]\u001b[0m\u001b[0m\u001b[1m: the trait bound `NaiveDateTime: diesel::Queryable<diesel::sql_types::Nullable<diesel::sql_types::Timestamp>, Pg>` is not satisfied\u001b[0m\n\u001b[0m  \u001b[0m\u001b[0m\u001b[1m\u001b[38;5;12m--> \u001b[0m\u001b[0mdb/src/models.rs:81:21\u001b[0m\n\u001b[0m   \u001b[0m\u001b[0m\u001b[1m\u001b[38;5;12m|\u001b[0m\n\u001b[0m\u001b[1m\u001b[38;5;12m81\u001b[0m\u001b[0m \u001b[0m\u001b[0m\u001b[1m\u001b[38;5;12m|\u001b[0m\u001b[0m \u001b[0m\u001b[0m    pub created_at: chrono::NaiveDateTime,\u001b[0m\n\u001b[0m   \u001b[0m\u001b[0m\u001b[1m\u001b[38;5;12m| \u001b[0m\u001b[0m                    \u001b[0m\u001b[0m\u001b[1m\u001b[38;5;9m^^^^^^\u001b[0m\u001b[0m \u001b[0m\u001b[0m\u001b[1m\u001b[38;5;9mthe trait `diesel::Queryable<diesel::sql_types::Nullable<diesel::sql_types::Timestamp>, Pg>` is not implemented for `NaiveDateTime`\u001b[0m\n\u001b[0m   \u001b[0m\u001b[0m\u001b[1m\u001b[38;5;12m|\u001b[0m\n\u001b[0m   \u001b[0m\u001b[0m\u001b[1m\u001b[38;5;12m= \u001b[0m\u001b[0m\u001b[1mhelp\u001b[0m\u001b[0m: the following other types implement trait `diesel::Queryable<ST, DB>`:\u001b[0m\n\u001b[0m             <bool as diesel::Queryable<__ST, __DB>>\u001b[0m\n\u001b[0m             <i8 as diesel::Queryable<__ST, __DB>>\u001b[0m\n\u001b[0m             <i16 as diesel::Queryable<__ST, __DB>>\u001b[0m\n\u001b[0m             <i32 as diesel::Queryable<__ST, __DB>>\u001b[0m\n\u001b[0m             <i64 as diesel::Queryable<__ST, __DB>>\u001b[0m\n\u001b[0m             <u8 as diesel::Queryable<__ST, __DB>>\u001b[0m\n\u001b[0m             <u16 as diesel::Queryable<__ST, __DB>>\u001b[0m\n\u001b[0m             <u32 as diesel::Queryable<__ST, __DB>>\u001b[0m\n\u001b[0m           and 120 others\u001b[0m\n\u001b[0m   \u001b[0m\u001b[0m\u001b[1m\u001b[38;5;12m= \u001b[0m\u001b[0m\u001b[1mnote\u001b[0m\u001b[0m: required for `NaiveDateTime` to implement `FromSqlRow<diesel::sql_types::Nullable<diesel::sql_types::Timestamp>, Pg>`\u001b[0m\n\u001b[0m   \u001b[0m\u001b[0m\u001b[1m\u001b[38;5;12m= \u001b[0m\u001b[0m\u001b[1mhelp\u001b[0m\u001b[0m: see issue #48214\u001b[0m\n\n"}
{"$message_type":"diagnostic","message":"the trait bound `NaiveDateTime: diesel::Expression` is not satisfied","code":{"code":"E0277","explanation":"You tried to use a type which doesn't implement some trait in a place which\nexpected that trait.\n\nErroneous code example:\n\n```compile_fail,E0277\n// here we declare the Foo trait with a bar method\ntrait Foo {\n    fn bar(&self);\n}\n\n// we now declare a function which takes an object implementing the Foo trait\nfn some_func<T: Foo>(foo: T) {\n    foo.bar();\n}\n\nfn main() {\n    // we now call the method with the i32 type, which doesn't implement\n    // the Foo trait\n    some_func(5i32); // error: the trait bound `i32 : Foo` is not satisfied\n}\n```\n\nIn order to fix this error, verify that the type you're using does implement\nthe trait. Example:\n\n```\ntrait Foo {\n    fn bar(&self);\n}\n\n// we implement the trait on the i32 type\nimpl Foo for i32 {\n    fn bar(&self) {}\n}\n\nfn some_func<T: Foo>(foo: T) {\n    foo.bar(); // we can now use this method since i32 implements the\n               // Foo trait\n}\n\nfn main() {\n    some_func(5i32); // ok!\n}\n```\n\nOr in a generic context, an erroneous code example would look like:\n\n```compile_fail,E0277\nfn some_func<T>(foo: T) {\n    println!(\"{:?}\", foo); // error: the trait `core::fmt::Debug` is not\n                           //        implemented for the type `T`\n}\n\nfn main() {\n    // We now call the method with the i32 type,\n    // which *does* implement the Debug trait.\n    some_func(5i32);\n}\n```\n\nNote that the error here is in the definition of the generic function. Although\nwe only call it with a parameter that does implement `Debug`, the compiler\nstill rejects the function. It must work with all possible input types. In\norder to make this example compile, we need to restrict the generic type we're\naccepting:\n\n```\nuse std::fmt;\n\n// Restrict the input type to types that implement Debug.\nfn some_func<T: fmt::Debug>(foo: T) {\n    println!(\"{:?}\", foo);\n}\n\nfn main() {\n    // Calling the method is still fine, as i32 implements Debug.\n    some_func(5i32);\n\n    // This would fail to compile now:\n    // struct WithoutDebug;\n    // some_func(WithoutDebug);\n}\n```\n\nRust only looks at the signature of the called function, as such it must\nalready specify all requirements that will be used for every type parameter.\n"},"level":"error","spans":[{"file_name":"db/src/models.rs","byte_start":1133,"byte_end":1144,"line_start":47,"line_end":47,"column_start":9,"column_end":20,"is_primary":true,"text":[{"text":"    pub finished_at: chrono::NaiveDateTime,","highlight_start":9,"highlight_end":20}],"label":"the trait `diesel::Expression` is not implemented for `NaiveDateTime`","suggested_replacement":null,"suggestion_applicability":null,"expansion":null}],"children":[{"message":"the following other types implement trait `diesel::Expression`:\n  Box<T>\n  schema::users::columns::created_at\n  schema::users::columns::password\n  schema::users::columns::email\n  schema::users::columns::name\n  schema::users::columns::id\n  schema::users::columns::star\n  schema::moves::columns::created_at\nand 163 others","code":null,"level":"help","spans":[],"children":[],"rendered":null},{"message":"required for `NaiveDateTime` to implement `AsExpression<diesel::sql_types::Nullable<diesel::sql_types::Timestamp>>`","code":null,"level":"note","spans":[],"children":[],"rendered":null}],"rendered":"\u001b[0m\u001b[1m\u001b[38;5;9merror[E0277]\u001b[0m\u001b[0m\u001b[1m: the trait bound `NaiveDateTime: diesel::Expression` is not satisfied\u001b[0m\n\u001b[0m  \u001b[0m\u001b[0m\u001b[1m\u001b[38;5;12m--> \u001b[0m\u001b[0mdb/src/models.rs:47:9\u001b[0m\n\u001b[0m   \u001b[0m\u001b[0m\u001b[1m\u001b[38;5;12m|\u001b[0m\n\u001b[0m\u001b[1m\u001b[38;5;12m47\u001b[0m\u001b[0m \u001b[0m\u001b[0m\u001b[1m\u001b[38;5;12m|\u001b[0m\u001b[0m \u001b[0m\u001b[0m    pub finished_at: chrono::NaiveDateTime,\u001b[0m\n\u001b[0m   \u001b[0m\u001b[0m\u001b[1m\u001b[38;5;12m| \u001b[0m\u001b[0m        \u001b[0m\u001b[0m\u001b[1m\u001b[38;5;9m^^^^^^^^^^^\u001b[0m\u001b[0m \u001b[0m\u001b[0m\u001b[1m\u001b[38;5;9mthe trait `diesel::Expression` is not implemented for `NaiveDateTime`\u001b[0m\n\u001b[0m   \u001b[0m\u001b[0m\u001b[1m\u001b[38;5;12m|\u001b[0m\n\u001b[0m   \u001b[0m\u001b[0m\u001b[1m\u001b[38;5;12m= \u001b[0m\u001b[0m\u001b[1mhelp\u001b[0m\u001b[0m: the following other types implement trait `diesel::Expression`:\u001b[0m\n\u001b[0m             Box<T>\u001b[0m\n\u001b[0m             schema::users::columns::created_at\u001b[0m\n\u001b[0m             schema::users::columns::password\u001b[0m\n\u001b[0m             schema::users::columns::email\u001b[0m\n\u001b[0m             schema::users::columns::name\u001b[0m\n\u001b[0m             schema::users::columns::id\u001b[0m\n\u001b[0m             schema::users::columns::star\u001b[0m\n\u001b[0m             schema::moves::columns::created_at\u001b[0m\n\u001b[0m           and 163 others\u001b[0m\n\u001b[0m   \u001b[0m\u001b[0m\u001b[1m\u001b[38;5;12m= \u001b[0m\u001b[0m\u001b[1mnote\u001b[0m\u001b[0m: required for `NaiveDateTime` to implement `AsExpression<diesel::sql_types::Nullable<diesel::sql_types::Timestamp>>`\u001b[0m\n\n"}
{"$message_type":"diagnostic","message":"the trait bound `NaiveDateTime: diesel::Expression` is not satisfied","code":{"code":"E0277","explanation":"You tried to use a type which doesn't implement some trait in a place which\nexpected that trait.\n\nErroneous code example:\n\n```compile_fail,E0277\n// here we declare the Foo trait with a bar method\ntrait Foo {\n    fn bar(&self);\n}\n\n// we now declare a function which takes an object implementing the Foo trait\nfn some_func<T: Foo>(foo: T) {\n    foo.bar();\n}\n\nfn main() {\n    // we now call the method with the i32 type, which doesn't implement\n    // the Foo trait\n    some_func(5i32); // error: the trait bound `i32 : Foo` is not satisfied\n}\n```\n\nIn order to fix this error, verify that the type you're using does implement\nthe trait. Example:\n\n```\ntrait Foo {\n    fn bar(&self);\n}\n\n// we implement the trait on the i32 type\nimpl Foo for i32 {\n    fn bar(&self) {}\n}\n\nfn some_func<T: Foo>(foo: T) {\n    foo.bar(); // we can now use this method since i32 implements the\n               // Foo trait\n}\n\nfn main() {\n    some_func(5i32); // ok!\n}\n```\n\nOr in a generic context, an erroneous code example would look like:\n\n```compile_fail,E0277\nfn some_func<T>(foo: T) {\n    println!(\"{:?}\", foo); // error: the trait `core::fmt::Debug` is not\n                           //        implemented for the type `T`\n}\n\nfn main() {\n    // We now call the method with the i32 type,\n    // which *does* implement the Debug trait.\n    some_func(5i32);\n}\n```\n\nNote that the error here is in the definition of the generic function. Although\nwe only call it with a parameter that does implement `Debug`, the compiler\nstill rejects the function. It must work with all possible input types. In\norder to make this example compile, we need to restrict the generic type we're\naccepting:\n\n```\nuse std::fmt;\n\n// Restrict the input type to types that implement Debug.\nfn some_func<T: fmt::Debug>(foo: T) {\n    println!(\"{:?}\", foo);\n}\n\nfn main() {\n    // Calling the method is still fine, as i32 implements Debug.\n    some_func(5i32);\n\n    // This would fail to compile now:\n    // struct WithoutDebug;\n    // some_func(WithoutDebug);\n}\n```\n\nRust only looks at the signature of the called function, as such it must\nalready specify all requirements that will be used for every type parameter.\n"},"level":"error","spans":[{"file_name":"db/src/models.rs","byte_start":1133,"byte_end":1144,"line_start":47,"line_end":47,"column_start":9,"column_end":20,"is_primary":true,"text":[{"text":"    pub finished_at: chrono::NaiveDateTime,","highlight_start":9,"highlight_end":20}],"label":"the trait `diesel::Expression` is not implemented for `NaiveDateTime`","suggested_replacement":null,"suggestion_applicability":null,"expansion":null}],"children":[{"message":"the following other types implement trait `diesel::Expression`:\n  Box<T>\n  schema::users::columns::created_at\n  schema::users::columns::password\n  schema::users::columns::email\n  schema::users::columns::name\n  schema::users::columns::id\n  schema::users::columns::star\n  schema::moves::columns::created_at\nand 163 others","code":null,"level":"help","spans":[],"children":[],"rendered":null},{"message":"required for `NaiveDateTime` to implement `AsExpression<diesel::sql_types::Nullable<diesel::sql_types::Timestamp>>`","code":null,"level":"note","spans":[],"children":[],"rendered":null}],"rendered":"\u001b[0m\u001b[1m\u001b[38;5;9merror[E0277]\u001b[0m\u001b[0m\u001b[1m: the trait bound `NaiveDateTime: diesel::Expression` is not satisfied\u001b[0m\n\u001b[0m  \u001b[0m\u001b[0m\u001b[1m\u001b[38;5;12m--> \u001b[0m\u001b[0mdb/src/models.rs:47:9\u001b[0m\n\u001b[0m   \u001b[0m\u001b[0m\u001b[1m\u001b[38;5;12m|\u001b[0m\n\u001b[0m\u001b[1m\u001b[38;5;12m47\u001b[0m\u001b[0m \u001b[0m\u001b[0m\u001b[1m\u001b[38;5;12m|\u001b[0m\u001b[0m \u001b[0m\u001b[0m    pub finished_at: chrono::NaiveDateTime,\u001b[0m\n\u001b[0m   \u001b[0m\u001b[0m\u001b[1m\u001b[38;5;12m| \u001b[0m\u001b[0m        \u001b[0m\u001b[0m\u001b[1m\u001b[38;5;9m^^^^^^^^^^^\u001b[0m\u001b[0m \u001b[0m\u001b[0m\u001b[1m\u001b[38;5;9mthe trait `diesel::Expression` is not implemented for `NaiveDateTime`\u001b[0m\n\u001b[0m   \u001b[0m\u001b[0m\u001b[1m\u001b[38;5;12m|\u001b[0m\n\u001b[0m   \u001b[0m\u001b[0m\u001b[1m\u001b[38;5;12m= \u001b[0m\u001b[0m\u001b[1mhelp\u001b[0m\u001b[0m: the following other types implement trait `diesel::Expression`:\u001b[0m\n\u001b[0m             Box<T>\u001b[0m\n\u001b[0m             schema::users::columns::created_at\u001b[0m\n\u001b[0m             schema::users::columns::password\u001b[0m\n\u001b[0m             schema::users::columns::email\u001b[0m\n\u001b[0m             schema::users::columns::name\u001b[0m\n\u001b[0m             schema::users::columns::id\u001b[0m\n\u001b[0m             schema::users::columns::star\u001b[0m\n\u001b[0m             schema::moves::columns::created_at\u001b[0m\n\u001b[0m           and 163 others\u001b[0m\n\u001b[0m   \u001b[0m\u001b[0m\u001b[1m\u001b[38;5;12m= \u001b[0m\u001b[0m\u001b[1mnote\u001b[0m\u001b[0m: required for `NaiveDateTime` to implement `AsExpression<diesel::sql_types::Nullable<diesel::sql_types::Timestamp>>`\u001b[0m\n\n"}
{"$message_type":"diagnostic","message":"the trait bound `NaiveDateTime: diesel::Expression` is not satisfied","code":{"code":"E0277","explanation":"You tried to use a type which doesn't implement some trait in a place which\nexpected that trait.\n\nErroneous code example:\n\n```compile_fail,E0277\n// here we declare the Foo trait with a bar method\ntrait Foo {\n    fn bar(&self);\n}\n\n// we now declare a function which takes an object implementing the Foo trait\nfn some_func<T: Foo>(foo: T) {\n    foo.bar();\n}\n\nfn main() {\n    // we now call the method with the i32 type, which doesn't implement\n    // the Foo trait\n    some_func(5i32); // error: the trait bound `i32 : Foo` is not satisfied\n}\n```\n\nIn order to fix this error, verify that the type you're using does implement\nthe trait. Example:\n\n```\ntrait Foo {\n    fn bar(&self);\n}\n\n// we implement the trait on the i32 type\nimpl Foo for i32 {\n    fn bar(&self) {}\n}\n\nfn some_func<T: Foo>(foo: T) {\n    foo.bar(); // we can now use this method since i32 implements the\n               // Foo trait\n}\n\nfn main() {\n    some_func(5i32); // ok!\n}\n```\n\nOr in a generic context, an erroneous code example would look like:\n\n```compile_fail,E0277\nfn some_func<T>(foo: T) {\n    println!(\"{:?}\", foo); // error: the trait `core::fmt::Debug` is not\n                           //        implemented for the type `T`\n}\n\nfn main() {\n    // We now call the method with the i32 type,\n    // which *does* implement the Debug trait.\n    some_func(5i32);\n}\n```\n\nNote that the error here is in the definition of the generic function. Although\nwe only call it with a parameter that does implement `Debug`, the compiler\nstill rejects the function. It must work with all possible input types. In\norder to make this example compile, we need to restrict the generic type we're\naccepting:\n\n```\nuse std::fmt;\n\n// Restrict the input type to types that implement Debug.\nfn some_func<T: fmt::Debug>(foo: T) {\n    println!(\"{:?}\", foo);\n}\n\nfn main() {\n    // Calling the method is still fine, as i32 implements Debug.\n    some_func(5i32);\n\n    // This would fail to compile now:\n    // struct WithoutDebug;\n    // some_func(WithoutDebug);\n}\n```\n\nRust only looks at the signature of the called function, as such it must\nalready specify all requirements that will be used for every type parameter.\n"},"level":"error","spans":[{"file_name":"db/src/models.rs","byte_start":1133,"byte_end":1144,"line_start":47,"line_end":47,"column_start":9,"column_end":20,"is_primary":true,"text":[{"text":"    pub finished_at: chrono::NaiveDateTime,","highlight_start":9,"highlight_end":20}],"label":"the trait `diesel::Expression` is not implemented for `NaiveDateTime`","suggested_replacement":null,"suggestion_applicability":null,"expansion":null}],"children":[{"message":"the following other types implement trait `diesel::Expression`:\n  Box<T>\n  schema::users::columns::created_at\n  schema::users::columns::password\n  schema::users::columns::email\n  schema::users::columns::name\n  schema::users::columns::id\n  schema::users::columns::star\n  schema::moves::columns::created_at\nand 163 others","code":null,"level":"help","spans":[],"children":[],"rendered":null},{"message":"required for `&'insert NaiveDateTime` to implement `diesel::Expression`","code":null,"level":"note","spans":[],"children":[],"rendered":null},{"message":"required for `&'insert NaiveDateTime` to implement `AsExpression<diesel::sql_types::Nullable<diesel::sql_types::Timestamp>>`","code":null,"level":"note","spans":[],"children":[],"rendered":null}],"rendered":"\u001b[0m\u001b[1m\u001b[38;5;9merror[E0277]\u001b[0m\u001b[0m\u001b[1m: the trait bound `NaiveDateTime: diesel::Expression` is not satisfied\u001b[0m\n\u001b[0m  \u001b[0m\u001b[0m\u001b[1m\u001b[38;5;12m--> \u001b[0m\u001b[0mdb/src/models.rs:47:9\u001b[0m\n\u001b[0m   \u001b[0m\u001b[0m\u001b[1m\u001b[38;5;12m|\u001b[0m\n\u001b[0m\u001b[1m\u001b[38;5;12m47\u001b[0m\u001b[0m \u001b[0m\u001b[0m\u001b[1m\u001b[38;5;12m|\u001b[0m\u001b[0m \u001b[0m\u001b[0m    pub finished_at: chrono::NaiveDateTime,\u001b[0m\n\u001b[0m   \u001b[0m\u001b[0m\u001b[1m\u001b[38;5;12m| \u001b[0m\u001b[0m        \u001b[0m\u001b[0m\u001b[1m\u001b[38;5;9m^^^^^^^^^^^\u001b[0m\u001b[0m \u001b[0m\u001b[0m\u001b[1m\u001b[38;5;9mthe trait `diesel::Expression` is not implemented for `NaiveDateTime`\u001b[0m\n\u001b[0m   \u001b[0m\u001b[0m\u001b[1m\u001b[38;5;12m|\u001b[0m\n\u001b[0m   \u001b[0m\u001b[0m\u001b[1m\u001b[38;5;12m= \u001b[0m\u001b[0m\u001b[1mhelp\u001b[0m\u001b[0m: the following other types implement trait `diesel::Expression`:\u001b[0m\n\u001b[0m             Box<T>\u001b[0m\n\u001b[0m             schema::users::columns::created_at\u001b[0m\n\u001b[0m             schema::users::columns::password\u001b[0m\n\u001b[0m             schema::users::columns::email\u001b[0m\n\u001b[0m             schema::users::columns::name\u001b[0m\n\u001b[0m             schema::users::columns::id\u001b[0m\n\u001b[0m             schema::users::columns::star\u001b[0m\n\u001b[0m             schema::moves::columns::created_at\u001b[0m\n\u001b[0m           and 163 others\u001b[0m\n\u001b[0m   \u001b[0m\u001b[0m\u001b[1m\u001b[38;5;12m= \u001b[0m\u001b[0m\u001b[1mnote\u001b[0m\u001b[0m: required for `&'insert NaiveDateTime` to implement `diesel::Expression`\u001b[0m\n\u001b[0m   \u001b[0m\u001b[0m\u001b[1m\u001b[38;5;12m= \u001b[0m\u001b[0m\u001b[1mnote\u001b[0m\u001b[0m: required for `&'insert NaiveDateTime` to implement `AsExpression<diesel::sql_types::Nullable<diesel::sql_types::Timestamp>>`\u001b[0m\n\n"}
{"$message_type":"diagnostic","message":"the trait bound `NaiveDateTime: diesel::Expression` is not satisfied","code":{"code":"E0277","explanation":"You tried to use a type which doesn't implement some trait in a place which\nexpected that trait.\n\nErroneous code example:\n\n```compile_fail,E0277\n// here we declare the Foo trait with a bar method\ntrait Foo {\n    fn bar(&self);\n}\n\n// we now declare a function which takes an object implementing the Foo trait\nfn some_func<T: Foo>(foo: T) {\n    foo.bar();\n}\n\nfn main() {\n    // we now call the method with the i32 type, which doesn't implement\n    // the Foo trait\n    some_func(5i32); // error: the trait bound `i32 : Foo` is not satisfied\n}\n```\n\nIn order to fix this error, verify that the type you're using does implement\nthe trait. Example:\n\n```\ntrait Foo {\n    fn bar(&self);\n}\n\n// we implement the trait on the i32 type\nimpl Foo for i32 {\n    fn bar(&self) {}\n}\n\nfn some_func<T: Foo>(foo: T) {\n    foo.bar(); // we can now use this method since i32 implements the\n               // Foo trait\n}\n\nfn main() {\n    some_func(5i32); // ok!\n}\n```\n\nOr in a generic context, an erroneous code example would look like:\n\n```compile_fail,E0277\nfn some_func<T>(foo: T) {\n    println!(\"{:?}\", foo); // error: the trait `core::fmt::Debug` is not\n                           //        implemented for the type `T`\n}\n\nfn main() {\n    // We now call the method with the i32 type,\n    // which *does* implement the Debug trait.\n    some_func(5i32);\n}\n```\n\nNote that the error here is in the definition of the generic function. Although\nwe only call it with a parameter that does implement `Debug`, the compiler\nstill rejects the function. It must work with all possible input types. In\norder to make this example compile, we need to restrict the generic type we're\naccepting:\n\n```\nuse std::fmt;\n\n// Restrict the input type to types that implement Debug.\nfn some_func<T: fmt::Debug>(foo: T) {\n    println!(\"{:?}\", foo);\n}\n\nfn main() {\n    // Calling the method is still fine, as i32 implements Debug.\n    some_func(5i32);\n\n    // This would fail to compile now:\n    // struct WithoutDebug;\n    // some_func(WithoutDebug);\n}\n```\n\nRust only looks at the signature of the called function, as such it must\nalready specify all requirements that will be used for every type parameter.\n"},"level":"error","spans":[{"file_name":"db/src/models.rs","byte_start":1133,"byte_end":1144,"line_start":47,"line_end":47,"column_start":9,"column_end":20,"is_primary":true,"text":[{"text":"    pub finished_at: chrono::NaiveDateTime,","highlight_start":9,"highlight_end":20}],"label":"the trait `diesel::Expression` is not implemented for `NaiveDateTime`","suggested_replacement":null,"suggestion_applicability":null,"expansion":null}],"children":[{"message":"the following other types implement trait `diesel::Expression`:\n  Box<T>\n  schema::users::columns::created_at\n  schema::users::columns::password\n  schema::users::columns::email\n  schema::users::columns::name\n  schema::users::columns::id\n  schema::users::columns::star\n  schema::moves::columns::created_at\nand 163 others","code":null,"level":"help","spans":[],"children":[],"rendered":null},{"message":"required for `&'insert NaiveDateTime` to implement `diesel::Expression`","code":null,"level":"note","spans":[],"children":[],"rendered":null},{"message":"required for `&'insert NaiveDateTime` to implement `AsExpression<diesel::sql_types::Nullable<diesel::sql_types::Timestamp>>`","code":null,"level":"note","spans":[],"children":[],"rendered":null}],"rendered":"\u001b[0m\u001b[1m\u001b[38;5;9merror[E0277]\u001b[0m\u001b[0m\u001b[1m: the trait bound `NaiveDateTime: diesel::Expression` is not satisfied\u001b[0m\n\u001b[0m  \u001b[0m\u001b[0m\u001b[1m\u001b[38;5;12m--> \u001b[0m\u001b[0mdb/src/models.rs:47:9\u001b[0m\n\u001b[0m   \u001b[0m\u001b[0m\u001b[1m\u001b[38;5;12m|\u001b[0m\n\u001b[0m\u001b[1m\u001b[38;5;12m47\u001b[0m\u001b[0m \u001b[0m\u001b[0m\u001b[1m\u001b[38;5;12m|\u001b[0m\u001b[0m \u001b[0m\u001b[0m    pub finished_at: chrono::NaiveDateTime,\u001b[0m\n\u001b[0m   \u001b[0m\u001b[0m\u001b[1m\u001b[38;5;12m| \u001b[0m\u001b[0m        \u001b[0m\u001b[0m\u001b[1m\u001b[38;5;9m^^^^^^^^^^^\u001b[0m\u001b[0m \u001b[0m\u001b[0m\u001b[1m\u001b[38;5;9mthe trait `diesel::Expression` is not implemented for `NaiveDateTime`\u001b[0m\n\u001b[0m   \u001b[0m\u001b[0m\u001b[1m\u001b[38;5;12m|\u001b[0m\n\u001b[0m   \u001b[0m\u001b[0m\u001b[1m\u001b[38;5;12m= \u001b[0m\u001b[0m\u001b[1mhelp\u001b[0m\u001b[0m: the following other types implement trait `diesel::Expression`:\u001b[0m\n\u001b[0m             Box<T>\u001b[0m\n\u001b[0m             schema::users::columns::created_at\u001b[0m\n\u001b[0m             schema::users::columns::password\u001b[0m\n\u001b[0m             schema::users::columns::email\u001b[0m\n\u001b[0m             schema::users::columns::name\u001b[0m\n\u001b[0m             schema::users::columns::id\u001b[0m\n\u001b[0m             schema::users::columns::star\u001b[0m\n\u001b[0m             schema::moves::columns::created_at\u001b[0m\n\u001b[0m           and 163 others\u001b[0m\n\u001b[0m   \u001b[0m\u001b[0m\u001b[1m\u001b[38;5;12m= \u001b[0m\u001b[0m\u001b[1mnote\u001b[0m\u001b[0m: required for `&'insert NaiveDateTime` to implement `diesel::Expression`\u001b[0m\n\u001b[0m   \u001b[0m\u001b[0m\u001b[1m\u001b[38;5;12m= \u001b[0m\u001b[0m\u001b[1mnote\u001b[0m\u001b[0m: required for `&'insert NaiveDateTime` to implement `AsExpression<diesel::sql_types::Nullable<diesel::sql_types::Timestamp>>`\u001b[0m\n\n"}
{"$message_type":"diagnostic","message":"the trait bound `NaiveDateTime: diesel::Expression` is not satisfied","code":{"code":"E0277","explanation":"You tried to use a type which doesn't implement some trait in a place which\nexpected that trait.\n\nErroneous code example:\n\n```compile_fail,E0277\n// here we declare the Foo trait with a bar method\ntrait Foo {\n    fn bar(&self);\n}\n\n// we now declare a function which takes an object implementing the Foo trait\nfn some_func<T: Foo>(foo: T) {\n    foo.bar();\n}\n\nfn main() {\n    // we now call the method with the i32 type, which doesn't implement\n    // the Foo trait\n    some_func(5i32); // error: the trait bound `i32 : Foo` is not satisfied\n}\n```\n\nIn order to fix this error, verify that the type you're using does implement\nthe trait. Example:\n\n```\ntrait Foo {\n    fn bar(&self);\n}\n\n// we implement the trait on the i32 type\nimpl Foo for i32 {\n    fn bar(&self) {}\n}\n\nfn some_func<T: Foo>(foo: T) {\n    foo.bar(); // we can now use this method since i32 implements the\n               // Foo trait\n}\n\nfn main() {\n    some_func(5i32); // ok!\n}\n```\n\nOr in a generic context, an erroneous code example would look like:\n\n```compile_fail,E0277\nfn some_func<T>(foo: T) {\n    println!(\"{:?}\", foo); // error: the trait `core::fmt::Debug` is not\n                           //        implemented for the type `T`\n}\n\nfn main() {\n    // We now call the method with the i32 type,\n    // which *does* implement the Debug trait.\n    some_func(5i32);\n}\n```\n\nNote that the error here is in the definition of the generic function. Although\nwe only call it with a parameter that does implement `Debug`, the compiler\nstill rejects the function. It must work with all possible input types. In\norder to make this example compile, we need to restrict the generic type we're\naccepting:\n\n```\nuse std::fmt;\n\n// Restrict the input type to types that implement Debug.\nfn some_func<T: fmt::Debug>(foo: T) {\n    println!(\"{:?}\", foo);\n}\n\nfn main() {\n    // Calling the method is still fine, as i32 implements Debug.\n    some_func(5i32);\n\n    // This would fail to compile now:\n    // struct WithoutDebug;\n    // some_func(WithoutDebug);\n}\n```\n\nRust only looks at the signature of the called function, as such it must\nalready specify all requirements that will be used for every type parameter.\n"},"level":"error","spans":[{"file_name":"db/src/models.rs","byte_start":1674,"byte_end":1684,"line_start":70,"line_end":70,"column_start":9,"column_end":19,"is_primary":true,"text":[{"text":"    pub created_at: chrono::NaiveDateTime,","highlight_start":9,"highlight_end":19}],"label":"the trait `diesel::Expression` is not implemented for `NaiveDateTime`","suggested_replacement":null,"suggestion_applicability":null,"expansion":null}],"children":[{"message":"the following other types implement trait `diesel::Expression`:\n  Box<T>\n  schema::users::columns::created_at\n  schema::users::columns::password\n  schema::users::columns::email\n  schema::users::columns::name\n  schema::users::columns::id\n  schema::users::columns::star\n  schema::moves::columns::created_at\nand 163 others","code":null,"level":"help","spans":[],"children":[],"rendered":null},{"message":"required for `NaiveDateTime` to implement `AsExpression<diesel::sql_types::Nullable<diesel::sql_types::Timestamp>>`","code":null,"level":"note","spans":[],"children":[],"rendered":null}],"rendered":"\u001b[0m\u001b[1m\u001b[38;5;9merror[E0277]\u001b[0m\u001b[0m\u001b[1m: the trait bound `NaiveDateTime: diesel::Expression` is not satisfied\u001b[0m\n\u001b[0m  \u001b[0m\u001b[0m\u001b[1m\u001b[38;5;12m--> \u001b[0m\u001b[0mdb/src/models.rs:70:9\u001b[0m\n\u001b[0m   \u001b[0m\u001b[0m\u001b[1m\u001b[38;5;12m|\u001b[0m\n\u001b[0m\u001b[1m\u001b[38;5;12m70\u001b[0m\u001b[0m \u001b[0m\u001b[0m\u001b[1m\u001b[38;5;12m|\u001b[0m\u001b[0m \u001b[0m\u001b[0m    pub created_at: chrono::NaiveDateTime,\u001b[0m\n\u001b[0m   \u001b[0m\u001b[0m\u001b[1m\u001b[38;5;12m| \u001b[0m\u001b[0m        \u001b[0m\u001b[0m\u001b[1m\u001b[38;5;9m^^^^^^^^^^\u001b[0m\u001b[0m \u001b[0m\u001b[0m\u001b[1m\u001b[38;5;9mthe trait `diesel::Expression` is not implemented for `NaiveDateTime`\u001b[0m\n\u001b[0m   \u001b[0m\u001b[0m\u001b[1m\u001b[38;5;12m|\u001b[0m\n\u001b[0m   \u001b[0m\u001b[0m\u001b[1m\u001b[38;5;12m= \u001b[0m\u001b[0m\u001b[1mhelp\u001b[0m\u001b[0m: the following other types implement trait `diesel::Expression`:\u001b[0m\n\u001b[0m             Box<T>\u001b[0m\n\u001b[0m             schema::users::columns::created_at\u001b[0m\n\u001b[0m             schema::users::columns::password\u001b[0m\n\u001b[0m             schema::users::columns::email\u001b[0m\n\u001b[0m             schema::users::columns::name\u001b[0m\n\u001b[0m             schema::users::columns::id\u001b[0m\n\u001b[0m             schema::users::columns::star\u001b[0m\n\u001b[0m             schema::moves::columns::created_at\u001b[0m\n\u001b[0m           and 163 others\u001b[0m\n\u001b[0m   \u001b[0m\u001b[0m\u001b[1m\u001b[38;5;12m= \u001b[0m\u001b[0m\u001b[1mnote\u001b[0m\u001b[0m: required for `NaiveDateTime` to implement `AsExpression<diesel::sql_types::Nullable<diesel::sql_types::Timestamp>>`\u001b[0m\n\n"}
{"$message_type":"diagnostic","message":"the trait bound `NaiveDateTime: diesel::Expression` is not satisfied","code":{"code":"E0277","explanation":"You tried to use a type which doesn't implement some trait in a place which\nexpected that trait.\n\nErroneous code example:\n\n```compile_fail,E0277\n// here we declare the Foo trait with a bar method\ntrait Foo {\n    fn bar(&self);\n}\n\n// we now declare a function which takes an object implementing the Foo trait\nfn some_func<T: Foo>(foo: T) {\n    foo.bar();\n}\n\nfn main() {\n    // we now call the method with the i32 type, which doesn't implement\n    // the Foo trait\n    some_func(5i32); // error: the trait bound `i32 : Foo` is not satisfied\n}\n```\n\nIn order to fix this error, verify that the type you're using does implement\nthe trait. Example:\n\n```\ntrait Foo {\n    fn bar(&self);\n}\n\n// we implement the trait on the i32 type\nimpl Foo for i32 {\n    fn bar(&self) {}\n}\n\nfn some_func<T: Foo>(foo: T) {\n    foo.bar(); // we can now use this method since i32 implements the\n               // Foo trait\n}\n\nfn main() {\n    some_func(5i32); // ok!\n}\n```\n\nOr in a generic context, an erroneous code example would look like:\n\n```compile_fail,E0277\nfn some_func<T>(foo: T) {\n    println!(\"{:?}\", foo); // error: the trait `core::fmt::Debug` is not\n                           //        implemented for the type `T`\n}\n\nfn main() {\n    // We now call the method with the i32 type,\n    // which *does* implement the Debug trait.\n    some_func(5i32);\n}\n```\n\nNote that the error here is in the definition of the generic function. Although\nwe only call it with a parameter that does implement `Debug`, the compiler\nstill rejects the function. It must work with all possible input types. In\norder to make this example compile, we need to restrict the generic type we're\naccepting:\n\n```\nuse std::fmt;\n\n// Restrict the input type to types that implement Debug.\nfn some_func<T: fmt::Debug>(foo: T) {\n    println!(\"{:?}\", foo);\n}\n\nfn main() {\n    // Calling the method is still fine, as i32 implements Debug.\n    some_func(5i32);\n\n    // This would fail to compile now:\n    // struct WithoutDebug;\n    // some_func(WithoutDebug);\n}\n```\n\nRust only looks at the signature of the called function, as such it must\nalready specify all requirements that will be used for every type parameter.\n"},"level":"error","spans":[{"file_name":"db/src/models.rs","byte_start":1674,"byte_end":1684,"line_start":70,"line_end":70,"column_start":9,"column_end":19,"is_primary":true,"text":[{"text":"    pub created_at: chrono::NaiveDateTime,","highlight_start":9,"highlight_end":19}],"label":"the trait `diesel::Expression` is not implemented for `NaiveDateTime`","suggested_replacement":null,"suggestion_applicability":null,"expansion":null}],"children":[{"message":"the following other types implement trait `diesel::Expression`:\n  Box<T>\n  schema::users::columns::created_at\n  schema::users::columns::password\n  schema::users::columns::email\n  schema::users::columns::name\n  schema::users::columns::id\n  schema::users::columns::star\n  schema::moves::columns::created_at\nand 163 others","code":null,"level":"help","spans":[],"children":[],"rendered":null},{"message":"required for `NaiveDateTime` to implement `AsExpression<diesel::sql_types::Nullable<diesel::sql_types::Timestamp>>`","code":null,"level":"note","spans":[],"children":[],"rendered":null}],"rendered":"\u001b[0m\u001b[1m\u001b[38;5;9merror[E0277]\u001b[0m\u001b[0m\u001b[1m: the trait bound `NaiveDateTime: diesel::Expression` is not satisfied\u001b[0m\n\u001b[0m  \u001b[0m\u001b[0m\u001b[1m\u001b[38;5;12m--> \u001b[0m\u001b[0mdb/src/models.rs:70:9\u001b[0m\n\u001b[0m   \u001b[0m\u001b[0m\u001b[1m\u001b[38;5;12m|\u001b[0m\n\u001b[0m\u001b[1m\u001b[38;5;12m70\u001b[0m\u001b[0m \u001b[0m\u001b[0m\u001b[1m\u001b[38;5;12m|\u001b[0m\u001b[0m \u001b[0m\u001b[0m    pub created_at: chrono::NaiveDateTime,\u001b[0m\n\u001b[0m   \u001b[0m\u001b[0m\u001b[1m\u001b[38;5;12m| \u001b[0m\u001b[0m        \u001b[0m\u001b[0m\u001b[1m\u001b[38;5;9m^^^^^^^^^^\u001b[0m\u001b[0m \u001b[0m\u001b[0m\u001b[1m\u001b[38;5;9mthe trait `diesel::Expression` is not implemented for `NaiveDateTime`\u001b[0m\n\u001b[0m   \u001b[0m\u001b[0m\u001b[1m\u001b[38;5;12m|\u001b[0m\n\u001b[0m   \u001b[0m\u001b[0m\u001b[1m\u001b[38;5;12m= \u001b[0m\u001b[0m\u001b[1mhelp\u001b[0m\u001b[0m: the following other types implement trait `diesel::Expression`:\u001b[0m\n\u001b[0m             Box<T>\u001b[0m\n\u001b[0m             schema::users::columns::created_at\u001b[0m\n\u001b[0m             schema::users::columns::password\u001b[0m\n\u001b[0m             schema::users::columns::email\u001b[0m\n\u001b[0m             schema::users::columns::name\u001b[0m\n\u001b[0m             schema::users::columns::id\u001b[0m\n\u001b[0m             schema::users::columns::star\u001b[0m\n\u001b[0m             schema::moves::columns::created_at\u001b[0m\n\u001b[0m           and 163 others\u001b[0m\n\u001b[0m   \u001b[0m\u001b[0m\u001b[1m\u001b[38;5;12m= \u001b[0m\u001b[0m\u001b[1mnote\u001b[0m\u001b[0m: required for `NaiveDateTime` to implement `AsExpression<diesel::sql_types::Nullable<diesel::sql_types::Timestamp>>`\u001b[0m\n\n"}
{"$message_type":"diagnostic","message":"the trait bound `NaiveDateTime: diesel::Expression` is not satisfied","code":{"code":"E0277","explanation":"You tried to use a type which doesn't implement some trait in a place which\nexpected that trait.\n\nErroneous code example:\n\n```compile_fail,E0277\n// here we declare the Foo trait with a bar method\ntrait Foo {\n    fn bar(&self);\n}\n\n// we now declare a function which takes an object implementing the Foo trait\nfn some_func<T: Foo>(foo: T) {\n    foo.bar();\n}\n\nfn main() {\n    // we now call the method with the i32 type, which doesn't implement\n    // the Foo trait\n    some_func(5i32); // error: the trait bound `i32 : Foo` is not satisfied\n}\n```\n\nIn order to fix this error, verify that the type you're using does implement\nthe trait. Example:\n\n```\ntrait Foo {\n    fn bar(&self);\n}\n\n// we implement the trait on the i32 type\nimpl Foo for i32 {\n    fn bar(&self) {}\n}\n\nfn some_func<T: Foo>(foo: T) {\n    foo.bar(); // we can now use this method since i32 implements the\n               // Foo trait\n}\n\nfn main() {\n    some_func(5i32); // ok!\n}\n```\n\nOr in a generic context, an erroneous code example would look like:\n\n```compile_fail,E0277\nfn some_func<T>(foo: T) {\n    println!(\"{:?}\", foo); // error: the trait `core::fmt::Debug` is not\n                           //        implemented for the type `T`\n}\n\nfn main() {\n    // We now call the method with the i32 type,\n    // which *does* implement the Debug trait.\n    some_func(5i32);\n}\n```\n\nNote that the error here is in the definition of the generic function. Although\nwe only call it with a parameter that does implement `Debug`, the compiler\nstill rejects the function. It must work with all possible input types. In\norder to make this example compile, we need to restrict the generic type we're\naccepting:\n\n```\nuse std::fmt;\n\n// Restrict the input type to types that implement Debug.\nfn some_func<T: fmt::Debug>(foo: T) {\n    println!(\"{:?}\", foo);\n}\n\nfn main() {\n    // Calling the method is still fine, as i32 implements Debug.\n    some_func(5i32);\n\n    // This would fail to compile now:\n    // struct WithoutDebug;\n    // some_func(WithoutDebug);\n}\n```\n\nRust only looks at the signature of the called function, as such it must\nalready specify all requirements that will be used for every type parameter.\n"},"level":"error","spans":[{"file_name":"db/src/models.rs","byte_start":1674,"byte_end":1684,"line_start":70,"line_end":70,"column_start":9,"column_end":19,"is_primary":true,"text":[{"text":"    pub created_at: chrono::NaiveDateTime,","highlight_start":9,"highlight_end":19}],"label":"the trait `diesel::Expression` is not implemented for `NaiveDateTime`","suggested_replacement":null,"suggestion_applicability":null,"expansion":null}],"children":[{"message":"the following other types implement trait `diesel::Expression`:\n  Box<T>\n  schema::users::columns::created_at\n  schema::users::columns::password\n  schema::users::columns::email\n  schema::users::columns::name\n  schema::users::columns::id\n  schema::users::columns::star\n  schema::moves::columns::created_at\nand 163 others","code":null,"level":"help","spans":[],"children":[],"rendered":null},{"message":"required for `&'insert NaiveDateTime` to implement `diesel::Expression`","code":null,"level":"note","spans":[],"children":[],"rendered":null},{"message":"required for `&'insert NaiveDateTime` to implement `AsExpression<diesel::sql_types::Nullable<diesel::sql_types::Timestamp>>`","code":null,"level":"note","spans":[],"children":[],"rendered":null}],"rendered":"\u001b[0m\u001b[1m\u001b[38;5;9merror[E0277]\u001b[0m\u001b[0m\u001b[1m: the trait bound `NaiveDateTime: diesel::Expression` is not satisfied\u001b[0m\n\u001b[0m  \u001b[0m\u001b[0m\u001b[1m\u001b[38;5;12m--> \u001b[0m\u001b[0mdb/src/models.rs:70:9\u001b[0m\n\u001b[0m   \u001b[0m\u001b[0m\u001b[1m\u001b[38;5;12m|\u001b[0m\n\u001b[0m\u001b[1m\u001b[38;5;12m70\u001b[0m\u001b[0m \u001b[0m\u001b[0m\u001b[1m\u001b[38;5;12m|\u001b[0m\u001b[0m \u001b[0m\u001b[0m    pub created_at: chrono::NaiveDateTime,\u001b[0m\n\u001b[0m   \u001b[0m\u001b[0m\u001b[1m\u001b[38;5;12m| \u001b[0m\u001b[0m        \u001b[0m\u001b[0m\u001b[1m\u001b[38;5;9m^^^^^^^^^^\u001b[0m\u001b[0m \u001b[0m\u001b[0m\u001b[1m\u001b[38;5;9mthe trait `diesel::Expression` is not implemented for `NaiveDateTime`\u001b[0m\n\u001b[0m   \u001b[0m\u001b[0m\u001b[1m\u001b[38;5;12m|\u001b[0m\n\u001b[0m   \u001b[0m\u001b[0m\u001b[1m\u001b[38;5;12m= \u001b[0m\u001b[0m\u001b[1mhelp\u001b[0m\u001b[0m: the following other types implement trait `diesel::Expression`:\u001b[0m\n\u001b[0m             Box<T>\u001b[0m\n\u001b[0m             schema::users::columns::created_at\u001b[0m\n\u001b[0m             schema::users::columns::password\u001b[0m\n\u001b[0m             schema::users::columns::email\u001b[0m\n\u001b[0m             schema::users::columns::name\u001b[0m\n\u001b[0m             schema::users::columns::id\u001b[0m\n\u001b[0m             schema::users::columns::star\u001b[0m\n\u001b[0m             schema::moves::columns::created_at\u001b[0m\n\u001b[0m           and 163 others\u001b[0m\n\u001b[0m   \u001b[0m\u001b[0m\u001b[1m\u001b[38;5;12m= \u001b[0m\u001b[0m\u001b[1mnote\u001b[0m\u001b[0m: required for `&'insert NaiveDateTime` to implement `diesel::Expression`\u001b[0m\n\u001b[0m   \u001b[0m\u001b[0m\u001b[1m\u001b[38;5;12m= \u001b[0m\u001b[0m\u001b[1mnote\u001b[0m\u001b[0m: required for `&'insert NaiveDateTime` to implement `AsExpression<diesel::sql_types::Nullable<diesel::sql_types::Timestamp>>`\u001b[0m\n\n"}
{"$message_type":"diagnostic","message":"the trait bound `NaiveDateTime: diesel::Expression` is not satisfied","code":{"code":"E0277","explanation":"You tried to use a type which doesn't implement some trait in a place which\nexpected that trait.\n\nErroneous code example:\n\n```compile_fail,E0277\n// here we declare the Foo trait with a bar method\ntrait Foo {\n    fn bar(&self);\n}\n\n// we now declare a function which takes an object implementing the Foo trait\nfn some_func<T: Foo>(foo: T) {\n    foo.bar();\n}\n\nfn main() {\n    // we now call the method with the i32 type, which doesn't implement\n    // the Foo trait\n    some_func(5i32); // error: the trait bound `i32 : Foo` is not satisfied\n}\n```\n\nIn order to fix this error, verify that the type you're using does implement\nthe trait. Example:\n\n```\ntrait Foo {\n    fn bar(&self);\n}\n\n// we implement the trait on the i32 type\nimpl Foo for i32 {\n    fn bar(&self) {}\n}\n\nfn some_func<T: Foo>(foo: T) {\n    foo.bar(); // we can now use this method since i32 implements the\n               // Foo trait\n}\n\nfn main() {\n    some_func(5i32); // ok!\n}\n```\n\nOr in a generic context, an erroneous code example would look like:\n\n```compile_fail,E0277\nfn some_func<T>(foo: T) {\n    println!(\"{:?}\", foo); // error: the trait `core::fmt::Debug` is not\n                           //        implemented for the type `T`\n}\n\nfn main() {\n    // We now call the method with the i32 type,\n    // which *does* implement the Debug trait.\n    some_func(5i32);\n}\n```\n\nNote that the error here is in the definition of the generic function. Although\nwe only call it with a parameter that does implement `Debug`, the compiler\nstill rejects the function. It must work with all possible input types. In\norder to make this example compile, we need to restrict the generic type we're\naccepting:\n\n```\nuse std::fmt;\n\n// Restrict the input type to types that implement Debug.\nfn some_func<T: fmt::Debug>(foo: T) {\n    println!(\"{:?}\", foo);\n}\n\nfn main() {\n    // Calling the method is still fine, as i32 implements Debug.\n    some_func(5i32);\n\n    // This would fail to compile now:\n    // struct WithoutDebug;\n    // some_func(WithoutDebug);\n}\n```\n\nRust only looks at the signature of the called function, as such it must\nalready specify all requirements that will be used for every type parameter.\n"},"level":"error","spans":[{"file_name":"db/src/models.rs","byte_start":1674,"byte_end":1684,"line_start":70,"line_end":70,"column_start":9,"column_end":19,"is_primary":true,"text":[{"text":"    pub created_at: chrono::NaiveDateTime,","highlight_start":9,"highlight_end":19}],"label":"the trait `diesel::Expression` is not implemented for `NaiveDateTime`","suggested_replacement":null,"suggestion_applicability":null,"expansion":null}],"children":[{"message":"the following other types implement trait `diesel::Expression`:\n  Box<T>\n  schema::users::columns::created_at\n  schema::users::columns::password\n  schema::users::columns::email\n  schema::users::columns::name\n  schema::users::columns::id\n  schema::users::columns::star\n  schema::moves::columns::created_at\nand 163 others","code":null,"level":"help","spans":[],"children":[],"rendered":null},{"message":"required for `&'insert NaiveDateTime` to implement `diesel::Expression`","code":null,"level":"note","spans":[],"children":[],"rendered":null},{"message":"required for `&'insert NaiveDateTime` to implement `AsExpression<diesel::sql_types::Nullable<diesel::sql_types::Timestamp>>`","code":null,"level":"note","spans":[],"children":[],"rendered":null}],"rendered":"\u001b[0m\u001b[1m\u001b[38;5;9merror[E0277]\u001b[0m\u001b[0m\u001b[1m: the trait bound `NaiveDateTime: diesel::Expression` is not satisfied\u001b[0m\n\u001b[0m  \u001b[0m\u001b[0m\u001b[1m\u001b[38;5;12m--> \u001b[0m\u001b[0mdb/src/models.rs:70:9\u001b[0m\n\u001b[0m   \u001b[0m\u001b[0m\u001b[1m\u001b[38;5;12m|\u001b[0m\n\u001b[0m\u001b[1m\u001b[38;5;12m70\u001b[0m\u001b[0m \u001b[0m\u001b[0m\u001b[1m\u001b[38;5;12m|\u001b[0m\u001b[0m \u001b[0m\u001b[0m    pub created_at: chrono::NaiveDateTime,\u001b[0m\n\u001b[0m   \u001b[0m\u001b[0m\u001b[1m\u001b[38;5;12m| \u001b[0m\u001b[0m        \u001b[0m\u001b[0m\u001b[1m\u001b[38;5;9m^^^^^^^^^^\u001b[0m\u001b[0m \u001b[0m\u001b[0m\u001b[1m\u001b[38;5;9mthe trait `diesel::Expression` is not implemented for `NaiveDateTime`\u001b[0m\n\u001b[0m   \u001b[0m\u001b[0m\u001b[1m\u001b[38;5;12m|\u001b[0m\n\u001b[0m   \u001b[0m\u001b[0m\u001b[1m\u001b[38;5;12m= \u001b[0m\u001b[0m\u001b[1mhelp\u001b[0m\u001b[0m: the following other types implement trait `diesel::Expression`:\u001b[0m\n\u001b[0m             Box<T>\u001b[0m\n\u001b[0m             schema::users::columns::created_at\u001b[0m\n\u001b[0m             schema::users::columns::password\u001b[0m\n\u001b[0m             schema::users::columns::email\u001b[0m\n\u001b[0m             schema::users::columns::name\u001b[0m\n\u001b[0m             schema::users::columns::id\u001b[0m\n\u001b[0m             schema::users::columns::star\u001b[0m\n\u001b[0m             schema::moves::columns::created_at\u001b[0m\n\u001b[0m           and 163 others\u001b[0m\n\u001b[0m   \u001b[0m\u001b[0m\u001b[1m\u001b[38;5;12m= \u001b[0m\u001b[0m\u001b[1mnote\u001b[0m\u001b[0m: required for `&'insert NaiveDateTime` to implement `diesel::Expression`\u001b[0m\n\u001b[0m   \u001b[0m\u001b[0m\u001b[1m\u001b[38;5;12m= \u001b[0m\u001b[0m\u001b[1mnote\u001b[0m\u001b[0m: required for `&'insert NaiveDateTime` to implement `AsExpression<diesel::sql_types::Nullable<diesel::sql_types::Timestamp>>`\u001b[0m\n\n"}
{"$message_type":"diagnostic","message":"the trait bound `NaiveDateTime: diesel::Expression` is not satisfied","code":{"code":"E0277","explanation":"You tried to use a type which doesn't implement some trait in a place which\nexpected that trait.\n\nErroneous code example:\n\n```compile_fail,E0277\n// here we declare the Foo trait with a bar method\ntrait Foo {\n    fn bar(&self);\n}\n\n// we now declare a function which takes an object implementing the Foo trait\nfn some_func<T: Foo>(foo: T) {\n    foo.bar();\n}\n\nfn main() {\n    // we now call the method with the i32 type, which doesn't implement\n    // the Foo trait\n    some_func(5i32); // error: the trait bound `i32 : Foo` is not satisfied\n}\n```\n\nIn order to fix this error, verify that the type you're using does implement\nthe trait. Example:\n\n```\ntrait Foo {\n    fn bar(&self);\n}\n\n// we implement the trait on the i32 type\nimpl Foo for i32 {\n    fn bar(&self) {}\n}\n\nfn some_func<T: Foo>(foo: T) {\n    foo.bar(); // we can now use this method since i32 implements the\n               // Foo trait\n}\n\nfn main() {\n    some_func(5i32); // ok!\n}\n```\n\nOr in a generic context, an erroneous code example would look like:\n\n```compile_fail,E0277\nfn some_func<T>(foo: T) {\n    println!(\"{:?}\", foo); // error: the trait `core::fmt::Debug` is not\n                           //        implemented for the type `T`\n}\n\nfn main() {\n    // We now call the method with the i32 type,\n    // which *does* implement the Debug trait.\n    some_func(5i32);\n}\n```\n\nNote that the error here is in the definition of the generic function. Although\nwe only call it with a parameter that does implement `Debug`, the compiler\nstill rejects the function. It must work with all possible input types. In\norder to make this example compile, we need to restrict the generic type we're\naccepting:\n\n```\nuse std::fmt;\n\n// Restrict the input type to types that implement Debug.\nfn some_func<T: fmt::Debug>(foo: T) {\n    println!(\"{:?}\", foo);\n}\n\nfn main() {\n    // Calling the method is still fine, as i32 implements Debug.\n    some_func(5i32);\n\n    // This would fail to compile now:\n    // struct WithoutDebug;\n    // some_func(WithoutDebug);\n}\n```\n\nRust only looks at the signature of the called function, as such it must\nalready specify all requirements that will be used for every type parameter.\n"},"level":"error","spans":[{"file_name":"db/src/models.rs","byte_start":2093,"byte_end":2103,"line_start":89,"line_end":89,"column_start":9,"column_end":19,"is_primary":true,"text":[{"text":"    pub created_at: chrono::NaiveDateTime,","highlight_start":9,"highlight_end":19}],"label":"the trait `diesel::Expression` is not implemented for `NaiveDateTime`","suggested_replacement":null,"suggestion_applicability":null,"expansion":null}],"children":[{"message":"the following other types implement trait `diesel::Expression`:\n  Box<T>\n  schema::users::columns::created_at\n  schema::users::columns::password\n  schema::users::columns::email\n  schema::users::columns::name\n  schema::users::columns::id\n  schema::users::columns::star\n  schema::moves::columns::created_at\nand 163 others","code":null,"level":"help","spans":[],"children":[],"rendered":null},{"message":"required for `NaiveDateTime` to implement `AsExpression<diesel::sql_types::Nullable<diesel::sql_types::Timestamp>>`","code":null,"level":"note","spans":[],"children":[],"rendered":null}],"rendered":"\u001b[0m\u001b[1m\u001b[38;5;9merror[E0277]\u001b[0m\u001b[0m\u001b[1m: the trait bound `NaiveDateTime: diesel::Expression` is not satisfied\u001b[0m\n\u001b[0m  \u001b[0m\u001b[0m\u001b[1m\u001b[38;5;12m--> \u001b[0m\u001b[0mdb/src/models.rs:89:9\u001b[0m\n\u001b[0m   \u001b[0m\u001b[0m\u001b[1m\u001b[38;5;12m|\u001b[0m\n\u001b[0m\u001b[1m\u001b[38;5;12m89\u001b[0m\u001b[0m \u001b[0m\u001b[0m\u001b[1m\u001b[38;5;12m|\u001b[0m\u001b[0m \u001b[0m\u001b[0m    pub created_at: chrono::NaiveDateTime,\u001b[0m\n\u001b[0m   \u001b[0m\u001b[0m\u001b[1m\u001b[38;5;12m| \u001b[0m\u001b[0m        \u001b[0m\u001b[0m\u001b[1m\u001b[38;5;9m^^^^^^^^^^\u001b[0m\u001b[0m \u001b[0m\u001b[0m\u001b[1m\u001b[38;5;9mthe trait `diesel::Expression` is not implemented for `NaiveDateTime`\u001b[0m\n\u001b[0m   \u001b[0m\u001b[0m\u001b[1m\u001b[38;5;12m|\u001b[0m\n\u001b[0m   \u001b[0m\u001b[0m\u001b[1m\u001b[38;5;12m= \u001b[0m\u001b[0m\u001b[1mhelp\u001b[0m\u001b[0m: the following other types implement trait `diesel::Expression`:\u001b[0m\n\u001b[0m             Box<T>\u001b[0m\n\u001b[0m             schema::users::columns::created_at\u001b[0m\n\u001b[0m             schema::users::columns::password\u001b[0m\n\u001b[0m             schema::users::columns::email\u001b[0m\n\u001b[0m             schema::users::columns::name\u001b[0m\n\u001b[0m             schema::users::columns::id\u001b[0m\n\u001b[0m             schema::users::columns::star\u001b[0m\n\u001b[0m             schema::moves::columns::created_at\u001b[0m\n\u001b[0m           and 163 others\u001b[0m\n\u001b[0m   \u001b[0m\u001b[0m\u001b[1m\u001b[38;5;12m= \u001b[0m\u001b[0m\u001b[1mnote\u001b[0m\u001b[0m: required for `NaiveDateTime` to implement `AsExpression<diesel::sql_types::Nullable<diesel::sql_types::Timestamp>>`\u001b[0m\n\n"}
{"$message_type":"diagnostic","message":"the trait bound `NaiveDateTime: diesel::Expression` is not satisfied","code":{"code":"E0277","explanation":"You tried to use a type which doesn't implement some trait in a place which\nexpected that trait.\n\nErroneous code example:\n\n```compile_fail,E0277\n// here we declare the Foo trait with a bar method\ntrait Foo {\n    fn bar(&self);\n}\n\n// we now declare a function which takes an object implementing the Foo trait\nfn some_func<T: Foo>(foo: T) {\n    foo.bar();\n}\n\nfn main() {\n    // we now call the method with the i32 type, which doesn't implement\n    // the Foo trait\n    some_func(5i32); // error: the trait bound `i32 : Foo` is not satisfied\n}\n```\n\nIn order to fix this error, verify that the type you're using does implement\nthe trait. Example:\n\n```\ntrait Foo {\n    fn bar(&self);\n}\n\n// we implement the trait on the i32 type\nimpl Foo for i32 {\n    fn bar(&self) {}\n}\n\nfn some_func<T: Foo>(foo: T) {\n    foo.bar(); // we can now use this method since i32 implements the\n               // Foo trait\n}\n\nfn main() {\n    some_func(5i32); // ok!\n}\n```\n\nOr in a generic context, an erroneous code example would look like:\n\n```compile_fail,E0277\nfn some_func<T>(foo: T) {\n    println!(\"{:?}\", foo); // error: the trait `core::fmt::Debug` is not\n                           //        implemented for the type `T`\n}\n\nfn main() {\n    // We now call the method with the i32 type,\n    // which *does* implement the Debug trait.\n    some_func(5i32);\n}\n```\n\nNote that the error here is in the definition of the generic function. Although\nwe only call it with a parameter that does implement `Debug`, the compiler\nstill rejects the function. It must work with all possible input types. In\norder to make this example compile, we need to restrict the generic type we're\naccepting:\n\n```\nuse std::fmt;\n\n// Restrict the input type to types that implement Debug.\nfn some_func<T: fmt::Debug>(foo: T) {\n    println!(\"{:?}\", foo);\n}\n\nfn main() {\n    // Calling the method is still fine, as i32 implements Debug.\n    some_func(5i32);\n\n    // This would fail to compile now:\n    // struct WithoutDebug;\n    // some_func(WithoutDebug);\n}\n```\n\nRust only looks at the signature of the called function, as such it must\nalready specify all requirements that will be used for every type parameter.\n"},"level":"error","spans":[{"file_name":"db/src/models.rs","byte_start":2093,"byte_end":2103,"line_start":89,"line_end":89,"column_start":9,"column_end":19,"is_primary":true,"text":[{"text":"    pub created_at: chrono::NaiveDateTime,","highlight_start":9,"highlight_end":19}],"label":"the trait `diesel::Expression` is not implemented for `NaiveDateTime`","suggested_replacement":null,"suggestion_applicability":null,"expansion":null}],"children":[{"message":"the following other types implement trait `diesel::Expression`:\n  Box<T>\n  schema::users::columns::created_at\n  schema::users::columns::password\n  schema::users::columns::email\n  schema::users::columns::name\n  schema::users::columns::id\n  schema::users::columns::star\n  schema::moves::columns::created_at\nand 163 others","code":null,"level":"help","spans":[],"children":[],"rendered":null},{"message":"required for `NaiveDateTime` to implement `AsExpression<diesel::sql_types::Nullable<diesel::sql_types::Timestamp>>`","code":null,"level":"note","spans":[],"children":[],"rendered":null}],"rendered":"\u001b[0m\u001b[1m\u001b[38;5;9merror[E0277]\u001b[0m\u001b[0m\u001b[1m: the trait bound `NaiveDateTime: diesel::Expression` is not satisfied\u001b[0m\n\u001b[0m  \u001b[0m\u001b[0m\u001b[1m\u001b[38;5;12m--> \u001b[0m\u001b[0mdb/src/models.rs:89:9\u001b[0m\n\u001b[0m   \u001b[0m\u001b[0m\u001b[1m\u001b[38;5;12m|\u001b[0m\n\u001b[0m\u001b[1m\u001b[38;5;12m89\u001b[0m\u001b[0m \u001b[0m\u001b[0m\u001b[1m\u001b[38;5;12m|\u001b[0m\u001b[0m \u001b[0m\u001b[0m    pub created_at: chrono::NaiveDateTime,\u001b[0m\n\u001b[0m   \u001b[0m\u001b[0m\u001b[1m\u001b[38;5;12m| \u001b[0m\u001b[0m        \u001b[0m\u001b[0m\u001b[1m\u001b[38;5;9m^^^^^^^^^^\u001b[0m\u001b[0m \u001b[0m\u001b[0m\u001b[1m\u001b[38;5;9mthe trait `diesel::Expression` is not implemented for `NaiveDateTime`\u001b[0m\n\u001b[0m   \u001b[0m\u001b[0m\u001b[1m\u001b[38;5;12m|\u001b[0m\n\u001b[0m   \u001b[0m\u001b[0m\u001b[1m\u001b[38;5;12m= \u001b[0m\u001b[0m\u001b[1mhelp\u001b[0m\u001b[0m: the following other types implement trait `diesel::Expression`:\u001b[0m\n\u001b[0m             Box<T>\u001b[0m\n\u001b[0m             schema::users::columns::created_at\u001b[0m\n\u001b[0m             schema::users::columns::password\u001b[0m\n\u001b[0m             schema::users::columns::email\u001b[0m\n\u001b[0m             schema::users::columns::name\u001b[0m\n\u001b[0m             schema::users::columns::id\u001b[0m\n\u001b[0m             schema::users::columns::star\u001b[0m\n\u001b[0m             schema::moves::columns::created_at\u001b[0m\n\u001b[0m           and 163 others\u001b[0m\n\u001b[0m   \u001b[0m\u001b[0m\u001b[1m\u001b[38;5;12m= \u001b[0m\u001b[0m\u001b[1mnote\u001b[0m\u001b[0m: required for `NaiveDateTime` to implement `AsExpression<diesel::sql_types::Nullable<diesel::sql_types::Timestamp>>`\u001b[0m\n\n"}
{"$message_type":"diagnostic","message":"the trait bound `NaiveDateTime: diesel::Expression` is not satisfied","code":{"code":"E0277","explanation":"You tried to use a type which doesn't implement some trait in a place which\nexpected that trait.\n\nErroneous code example:\n\n```compile_fail,E0277\n// here we declare the Foo trait with a bar method\ntrait Foo {\n    fn bar(&self);\n}\n\n// we now declare a function which takes an object implementing the Foo trait\nfn some_func<T: Foo>(foo: T) {\n    foo.bar();\n}\n\nfn main() {\n    // we now call the method with the i32 type, which doesn't implement\n    // the Foo trait\n    some_func(5i32); // error: the trait bound `i32 : Foo` is not satisfied\n}\n```\n\nIn order to fix this error, verify that the type you're using does implement\nthe trait. Example:\n\n```\ntrait Foo {\n    fn bar(&self);\n}\n\n// we implement the trait on the i32 type\nimpl Foo for i32 {\n    fn bar(&self) {}\n}\n\nfn some_func<T: Foo>(foo: T) {\n    foo.bar(); // we can now use this method since i32 implements the\n               // Foo trait\n}\n\nfn main() {\n    some_func(5i32); // ok!\n}\n```\n\nOr in a generic context, an erroneous code example would look like:\n\n```compile_fail,E0277\nfn some_func<T>(foo: T) {\n    println!(\"{:?}\", foo); // error: the trait `core::fmt::Debug` is not\n                           //        implemented for the type `T`\n}\n\nfn main() {\n    // We now call the method with the i32 type,\n    // which *does* implement the Debug trait.\n    some_func(5i32);\n}\n```\n\nNote that the error here is in the definition of the generic function. Although\nwe only call it with a parameter that does implement `Debug`, the compiler\nstill rejects the function. It must work with all possible input types. In\norder to make this example compile, we need to restrict the generic type we're\naccepting:\n\n```\nuse std::fmt;\n\n// Restrict the input type to types that implement Debug.\nfn some_func<T: fmt::Debug>(foo: T) {\n    println!(\"{:?}\", foo);\n}\n\nfn main() {\n    // Calling the method is still fine, as i32 implements Debug.\n    some_func(5i32);\n\n    // This would fail to compile now:\n    // struct WithoutDebug;\n    // some_func(WithoutDebug);\n}\n```\n\nRust only looks at the signature of the called function, as such it must\nalready specify all requirements that will be used for every type parameter.\n"},"level":"error","spans":[{"file_name":"db/src/models.rs","byte_start":2093,"byte_end":2103,"line_start":89,"line_end":89,"column_start":9,"column_end":19,"is_primary":true,"text":[{"text":"    pub created_at: chrono::NaiveDateTime,","highlight_start":9,"highlight_end":19}],"label":"the trait `diesel::Expression` is not implemented for `NaiveDateTime`","suggested_replacement":null,"suggestion_applicability":null,"expansion":null}],"children":[{"message":"the following other types implement trait `diesel::Expression`:\n  Box<T>\n  schema::users::columns::created_at\n  schema::users::columns::password\n  schema::users::columns::email\n  schema::users::columns::name\n  schema::users::columns::id\n  schema::users::columns::star\n  schema::moves::columns::created_at\nand 163 others","code":null,"level":"help","spans":[],"children":[],"rendered":null},{"message":"required for `&'insert NaiveDateTime` to implement `diesel::Expression`","code":null,"level":"note","spans":[],"children":[],"rendered":null},{"message":"required for `&'insert NaiveDateTime` to implement `AsExpression<diesel::sql_types::Nullable<diesel::sql_types::Timestamp>>`","code":null,"level":"note","spans":[],"children":[],"rendered":null}],"rendered":"\u001b[0m\u001b[1m\u001b[38;5;9merror[E0277]\u001b[0m\u001b[0m\u001b[1m: the trait bound `NaiveDateTime: diesel::Expression` is not satisfied\u001b[0m\n\u001b[0m  \u001b[0m\u001b[0m\u001b[1m\u001b[38;5;12m--> \u001b[0m\u001b[0mdb/src/models.rs:89:9\u001b[0m\n\u001b[0m   \u001b[0m\u001b[0m\u001b[1m\u001b[38;5;12m|\u001b[0m\n\u001b[0m\u001b[1m\u001b[38;5;12m89\u001b[0m\u001b[0m \u001b[0m\u001b[0m\u001b[1m\u001b[38;5;12m|\u001b[0m\u001b[0m \u001b[0m\u001b[0m    pub created_at: chrono::NaiveDateTime,\u001b[0m\n\u001b[0m   \u001b[0m\u001b[0m\u001b[1m\u001b[38;5;12m| \u001b[0m\u001b[0m        \u001b[0m\u001b[0m\u001b[1m\u001b[38;5;9m^^^^^^^^^^\u001b[0m\u001b[0m \u001b[0m\u001b[0m\u001b[1m\u001b[38;5;9mthe trait `diesel::Expression` is not implemented for `NaiveDateTime`\u001b[0m\n\u001b[0m   \u001b[0m\u001b[0m\u001b[1m\u001b[38;5;12m|\u001b[0m\n\u001b[0m   \u001b[0m\u001b[0m\u001b[1m\u001b[38;5;12m= \u001b[0m\u001b[0m\u001b[1mhelp\u001b[0m\u001b[0m: the following other types implement trait `diesel::Expression`:\u001b[0m\n\u001b[0m             Box<T>\u001b[0m\n\u001b[0m             schema::users::columns::created_at\u001b[0m\n\u001b[0m             schema::users::columns::password\u001b[0m\n\u001b[0m             schema::users::columns::email\u001b[0m\n\u001b[0m             schema::users::columns::name\u001b[0m\n\u001b[0m             schema::users::columns::id\u001b[0m\n\u001b[0m             schema::users::columns::star\u001b[0m\n\u001b[0m             schema::moves::columns::created_at\u001b[0m\n\u001b[0m           and 163 others\u001b[0m\n\u001b[0m   \u001b[0m\u001b[0m\u001b[1m\u001b[38;5;12m= \u001b[0m\u001b[0m\u001b[1mnote\u001b[0m\u001b[0m: required for `&'insert NaiveDateTime` to implement `diesel::Expression`\u001b[0m\n\u001b[0m   \u001b[0m\u001b[0m\u001b[1m\u001b[38;5;12m= \u001b[0m\u001b[0m\u001b[1mnote\u001b[0m\u001b[0m: required for `&'insert NaiveDateTime` to implement `AsExpression<diesel::sql_types::Nullable<diesel::sql_types::Timestamp>>`\u001b[0m\n\n"}
{"$message_type":"diagnostic","message":"the trait bound `NaiveDateTime: diesel::Expression` is not satisfied","code":{"code":"E0277","explanation":"You tried to use a type which doesn't implement some trait in a place which\nexpected that trait.\n\nErroneous code example:\n\n```compile_fail,E0277\n// here we declare the Foo trait with a bar method\ntrait Foo {\n    fn bar(&self);\n}\n\n// we now declare a function which takes an object implementing the Foo trait\nfn some_func<T: Foo>(foo: T) {\n    foo.bar();\n}\n\nfn main() {\n    // we now call the method with the i32 type, which doesn't implement\n    // the Foo trait\n    some_func(5i32); // error: the trait bound `i32 : Foo` is not satisfied\n}\n```\n\nIn order to fix this error, verify that the type you're using does implement\nthe trait. Example:\n\n```\ntrait Foo {\n    fn bar(&self);\n}\n\n// we implement the trait on the i32 type\nimpl Foo for i32 {\n    fn bar(&self) {}\n}\n\nfn some_func<T: Foo>(foo: T) {\n    foo.bar(); // we can now use this method since i32 implements the\n               // Foo trait\n}\n\nfn main() {\n    some_func(5i32); // ok!\n}\n```\n\nOr in a generic context, an erroneous code example would look like:\n\n```compile_fail,E0277\nfn some_func<T>(foo: T) {\n    println!(\"{:?}\", foo); // error: the trait `core::fmt::Debug` is not\n                           //        implemented for the type `T`\n}\n\nfn main() {\n    // We now call the method with the i32 type,\n    // which *does* implement the Debug trait.\n    some_func(5i32);\n}\n```\n\nNote that the error here is in the definition of the generic function. Although\nwe only call it with a parameter that does implement `Debug`, the compiler\nstill rejects the function. It must work with all possible input types. In\norder to make this example compile, we need to restrict the generic type we're\naccepting:\n\n```\nuse std::fmt;\n\n// Restrict the input type to types that implement Debug.\nfn some_func<T: fmt::Debug>(foo: T) {\n    println!(\"{:?}\", foo);\n}\n\nfn main() {\n    // Calling the method is still fine, as i32 implements Debug.\n    some_func(5i32);\n\n    // This would fail to compile now:\n    // struct WithoutDebug;\n    // some_func(WithoutDebug);\n}\n```\n\nRust only looks at the signature of the called function, as such it must\nalready specify all requirements that will be used for every type parameter.\n"},"level":"error","spans":[{"file_name":"db/src/models.rs","byte_start":2093,"byte_end":2103,"line_start":89,"line_end":89,"column_start":9,"column_end":19,"is_primary":true,"text":[{"text":"    pub created_at: chrono::NaiveDateTime,","highlight_start":9,"highlight_end":19}],"label":"the trait `diesel::Expression` is not implemented for `NaiveDateTime`","suggested_replacement":null,"suggestion_applicability":null,"expansion":null}],"children":[{"message":"the following other types implement trait `diesel::Expression`:\n  Box<T>\n  schema::users::columns::created_at\n  schema::users::columns::password\n  schema::users::columns::email\n  schema::users::columns::name\n  schema::users::columns::id\n  schema::users::columns::star\n  schema::moves::columns::created_at\nand 163 others","code":null,"level":"help","spans":[],"children":[],"rendered":null},{"message":"required for `&'insert NaiveDateTime` to implement `diesel::Expression`","code":null,"level":"note","spans":[],"children":[],"rendered":null},{"message":"required for `&'insert NaiveDateTime` to implement `AsExpression<diesel::sql_types::Nullable<diesel::sql_types::Timestamp>>`","code":null,"level":"note","spans":[],"children":[],"rendered":null}],"rendered":"\u001b[0m\u001b[1m\u001b[38;5;9merror[E0277]\u001b[0m\u001b[0m\u001b[1m: the trait bound `NaiveDateTime: diesel::Expression` is not satisfied\u001b[0m\n\u001b[0m  \u001b[0m\u001b[0m\u001b[1m\u001b[38;5;12m--> \u001b[0m\u001b[0mdb/src/models.rs:89:9\u001b[0m\n\u001b[0m   \u001b[0m\u001b[0m\u001b[1m\u001b[38;5;12m|\u001b[0m\n\u001b[0m\u001b[1m\u001b[38;5;12m89\u001b[0m\u001b[0m \u001b[0m\u001b[0m\u001b[1m\u001b[38;5;12m|\u001b[0m\u001b[0m \u001b[0m\u001b[0m    pub created_at: chrono::NaiveDateTime,\u001b[0m\n\u001b[0m   \u001b[0m\u001b[0m\u001b[1m\u001b[38;5;12m| \u001b[0m\u001b[0m        \u001b[0m\u001b[0m\u001b[1m\u001b[38;5;9m^^^^^^^^^^\u001b[0m\u001b[0m \u001b[0m\u001b[0m\u001b[1m\u001b[38;5;9mthe trait `diesel::Expression` is not implemented for `NaiveDateTime`\u001b[0m\n\u001b[0m   \u001b[0m\u001b[0m\u001b[1m\u001b[38;5;12m|\u001b[0m\n\u001b[0m   \u001b[0m\u001b[0m\u001b[1m\u001b[38;5;12m= \u001b[0m\u001b[0m\u001b[1mhelp\u001b[0m\u001b[0m: the following other types implement trait `diesel::Expression`:\u001b[0m\n\u001b[0m             Box<T>\u001b[0m\n\u001b[0m             schema::users::columns::created_at\u001b[0m\n\u001b[0m             schema::users::columns::password\u001b[0m\n\u001b[0m             schema::users::columns::email\u001b[0m\n\u001b[0m             schema::users::columns::name\u001b[0m\n\u001b[0m             schema::users::columns::id\u001b[0m\n\u001b[0m             schema::users::columns::star\u001b[0m\n\u001b[0m             schema::moves::columns::created_at\u001b[0m\n\u001b[0m           and 163 others\u001b[0m\n\u001b[0m   \u001b[0m\u001b[0m\u001b[1m\u001b[38;5;12m= \u001b[0m\u001b[0m\u001b[1mnote\u001b[0m\u001b[0m: required for `&'insert NaiveDateTime` to implement `diesel::Expression`\u001b[0m\n\u001b[0m   \u001b[0m\u001b[0m\u001b[1m\u001b[38;5;12m= \u001b[0m\u001b[0m\u001b[1mnote\u001b[0m\u001b[0m: required for `&'insert NaiveDateTime` to implement `AsExpression<diesel::sql_types::Nullable<diesel::sql_types::Timestamp>>`\u001b[0m\n\n"}
{"$message_type":"diagnostic","message":"the trait bound `NaiveDateTime: diesel::Expression` is not satisfied","code":{"code":"E0277","explanation":"You tried to use a type which doesn't implement some trait in a place which\nexpected that trait.\n\nErroneous code example:\n\n```compile_fail,E0277\n// here we declare the Foo trait with a bar method\ntrait Foo {\n    fn bar(&self);\n}\n\n// we now declare a function which takes an object implementing the Foo trait\nfn some_func<T: Foo>(foo: T) {\n    foo.bar();\n}\n\nfn main() {\n    // we now call the method with the i32 type, which doesn't implement\n    // the Foo trait\n    some_func(5i32); // error: the trait bound `i32 : Foo` is not satisfied\n}\n```\n\nIn order to fix this error, verify that the type you're using does implement\nthe trait. Example:\n\n```\ntrait Foo {\n    fn bar(&self);\n}\n\n// we implement the trait on the i32 type\nimpl Foo for i32 {\n    fn bar(&self) {}\n}\n\nfn some_func<T: Foo>(foo: T) {\n    foo.bar(); // we can now use this method since i32 implements the\n               // Foo trait\n}\n\nfn main() {\n    some_func(5i32); // ok!\n}\n```\n\nOr in a generic context, an erroneous code example would look like:\n\n```compile_fail,E0277\nfn some_func<T>(foo: T) {\n    println!(\"{:?}\", foo); // error: the trait `core::fmt::Debug` is not\n                           //        implemented for the type `T`\n}\n\nfn main() {\n    // We now call the method with the i32 type,\n    // which *does* implement the Debug trait.\n    some_func(5i32);\n}\n```\n\nNote that the error here is in the definition of the generic function. Although\nwe only call it with a parameter that does implement `Debug`, the compiler\nstill rejects the function. It must work with all possible input types. In\norder to make this example compile, we need to restrict the generic type we're\naccepting:\n\n```\nuse std::fmt;\n\n// Restrict the input type to types that implement Debug.\nfn some_func<T: fmt::Debug>(foo: T) {\n    println!(\"{:?}\", foo);\n}\n\nfn main() {\n    // Calling the method is still fine, as i32 implements Debug.\n    some_func(5i32);\n\n    // This would fail to compile now:\n    // struct WithoutDebug;\n    // some_func(WithoutDebug);\n}\n```\n\nRust only looks at the signature of the called function, as such it must\nalready specify all requirements that will be used for every type parameter.\n"},"level":"error","spans":[{"file_name":"db/src/models.rs","byte_start":859,"byte_end":869,"line_start":37,"line_end":37,"column_start":10,"column_end":20,"is_primary":true,"text":[{"text":"#[derive(Insertable)]","highlight_start":10,"highlight_end":20}],"label":"the trait `diesel::Expression` is not implemented for `NaiveDateTime`","suggested_replacement":null,"suggestion_applicability":null,"expansion":{"span":{"file_name":"db/src/models.rs","byte_start":859,"byte_end":869,"line_start":37,"line_end":37,"column_start":10,"column_end":20,"is_primary":false,"text":[{"text":"#[derive(Insertable)]","highlight_start":10,"highlight_end":20}],"label":null,"suggested_replacement":null,"suggestion_applicability":null,"expansion":null},"macro_decl_name":"#[derive(Insertable)]","def_site_span":{"file_name":"/Users/riohatta/.cargo/registry/src/index.crates.io-6f17d22bba15001f/diesel_derives-2.1.4/src/lib.rs","byte_start":16393,"byte_end":16452,"line_start":411,"line_end":411,"column_start":1,"column_end":60,"is_primary":false,"text":[{"text":"pub fn derive_insertable(input: TokenStream) -> TokenStream {","highlight_start":1,"highlight_end":60}],"label":null,"suggested_replacement":null,"suggestion_applicability":null,"expansion":null}}}],"children":[{"message":"the following other types implement trait `diesel::Expression`:\n  Box<T>\n  schema::users::columns::created_at\n  schema::users::columns::password\n  schema::users::columns::email\n  schema::users::columns::name\n  schema::users::columns::id\n  schema::users::columns::star\n  schema::moves::columns::created_at\nand 163 others","code":null,"level":"help","spans":[],"children":[],"rendered":null},{"message":"required for `NaiveDateTime` to implement `AsExpression<diesel::sql_types::Nullable<diesel::sql_types::Timestamp>>`","code":null,"level":"note","spans":[],"children":[],"rendered":null}],"rendered":"\u001b[0m\u001b[1m\u001b[38;5;9merror[E0277]\u001b[0m\u001b[0m\u001b[1m: the trait bound `NaiveDateTime: diesel::Expression` is not satisfied\u001b[0m\n\u001b[0m  \u001b[0m\u001b[0m\u001b[1m\u001b[38;5;12m--> \u001b[0m\u001b[0mdb/src/models.rs:37:10\u001b[0m\n\u001b[0m   \u001b[0m\u001b[0m\u001b[1m\u001b[38;5;12m|\u001b[0m\n\u001b[0m\u001b[1m\u001b[38;5;12m37\u001b[0m\u001b[0m \u001b[0m\u001b[0m\u001b[1m\u001b[38;5;12m|\u001b[0m\u001b[0m \u001b[0m\u001b[0m#[derive(Insertable)]\u001b[0m\n\u001b[0m   \u001b[0m\u001b[0m\u001b[1m\u001b[38;5;12m| \u001b[0m\u001b[0m         \u001b[0m\u001b[0m\u001b[1m\u001b[38;5;9m^^^^^^^^^^\u001b[0m\u001b[0m \u001b[0m\u001b[0m\u001b[1m\u001b[38;5;9mthe trait `diesel::Expression` is not implemented for `NaiveDateTime`\u001b[0m\n\u001b[0m   \u001b[0m\u001b[0m\u001b[1m\u001b[38;5;12m|\u001b[0m\n\u001b[0m   \u001b[0m\u001b[0m\u001b[1m\u001b[38;5;12m= \u001b[0m\u001b[0m\u001b[1mhelp\u001b[0m\u001b[0m: the following other types implement trait `diesel::Expression`:\u001b[0m\n\u001b[0m             Box<T>\u001b[0m\n\u001b[0m             schema::users::columns::created_at\u001b[0m\n\u001b[0m             schema::users::columns::password\u001b[0m\n\u001b[0m             schema::users::columns::email\u001b[0m\n\u001b[0m             schema::users::columns::name\u001b[0m\n\u001b[0m             schema::users::columns::id\u001b[0m\n\u001b[0m             schema::users::columns::star\u001b[0m\n\u001b[0m             schema::moves::columns::created_at\u001b[0m\n\u001b[0m           and 163 others\u001b[0m\n\u001b[0m   \u001b[0m\u001b[0m\u001b[1m\u001b[38;5;12m= \u001b[0m\u001b[0m\u001b[1mnote\u001b[0m\u001b[0m: required for `NaiveDateTime` to implement `AsExpression<diesel::sql_types::Nullable<diesel::sql_types::Timestamp>>`\u001b[0m\n\u001b[0m   \u001b[0m\u001b[0m\u001b[1m\u001b[38;5;12m= \u001b[0m\u001b[0m\u001b[1mnote\u001b[0m\u001b[0m: this error originates in the derive macro `Insertable` (in Nightly builds, run with -Z macro-backtrace for more info)\u001b[0m\n\n"}
{"$message_type":"diagnostic","message":"the trait bound `NaiveDateTime: diesel::Expression` is not satisfied","code":{"code":"E0277","explanation":"You tried to use a type which doesn't implement some trait in a place which\nexpected that trait.\n\nErroneous code example:\n\n```compile_fail,E0277\n// here we declare the Foo trait with a bar method\ntrait Foo {\n    fn bar(&self);\n}\n\n// we now declare a function which takes an object implementing the Foo trait\nfn some_func<T: Foo>(foo: T) {\n    foo.bar();\n}\n\nfn main() {\n    // we now call the method with the i32 type, which doesn't implement\n    // the Foo trait\n    some_func(5i32); // error: the trait bound `i32 : Foo` is not satisfied\n}\n```\n\nIn order to fix this error, verify that the type you're using does implement\nthe trait. Example:\n\n```\ntrait Foo {\n    fn bar(&self);\n}\n\n// we implement the trait on the i32 type\nimpl Foo for i32 {\n    fn bar(&self) {}\n}\n\nfn some_func<T: Foo>(foo: T) {\n    foo.bar(); // we can now use this method since i32 implements the\n               // Foo trait\n}\n\nfn main() {\n    some_func(5i32); // ok!\n}\n```\n\nOr in a generic context, an erroneous code example would look like:\n\n```compile_fail,E0277\nfn some_func<T>(foo: T) {\n    println!(\"{:?}\", foo); // error: the trait `core::fmt::Debug` is not\n                           //        implemented for the type `T`\n}\n\nfn main() {\n    // We now call the method with the i32 type,\n    // which *does* implement the Debug trait.\n    some_func(5i32);\n}\n```\n\nNote that the error here is in the definition of the generic function. Although\nwe only call it with a parameter that does implement `Debug`, the compiler\nstill rejects the function. It must work with all possible input types. In\norder to make this example compile, we need to restrict the generic type we're\naccepting:\n\n```\nuse std::fmt;\n\n// Restrict the input type to types that implement Debug.\nfn some_func<T: fmt::Debug>(foo: T) {\n    println!(\"{:?}\", foo);\n}\n\nfn main() {\n    // Calling the method is still fine, as i32 implements Debug.\n    some_func(5i32);\n\n    // This would fail to compile now:\n    // struct WithoutDebug;\n    // some_func(WithoutDebug);\n}\n```\n\nRust only looks at the signature of the called function, as such it must\nalready specify all requirements that will be used for every type parameter.\n"},"level":"error","spans":[{"file_name":"db/src/models.rs","byte_start":859,"byte_end":869,"line_start":37,"line_end":37,"column_start":10,"column_end":20,"is_primary":true,"text":[{"text":"#[derive(Insertable)]","highlight_start":10,"highlight_end":20}],"label":"the trait `diesel::Expression` is not implemented for `NaiveDateTime`","suggested_replacement":null,"suggestion_applicability":null,"expansion":{"span":{"file_name":"db/src/models.rs","byte_start":859,"byte_end":869,"line_start":37,"line_end":37,"column_start":10,"column_end":20,"is_primary":false,"text":[{"text":"#[derive(Insertable)]","highlight_start":10,"highlight_end":20}],"label":null,"suggested_replacement":null,"suggestion_applicability":null,"expansion":null},"macro_decl_name":"#[derive(Insertable)]","def_site_span":{"file_name":"/Users/riohatta/.cargo/registry/src/index.crates.io-6f17d22bba15001f/diesel_derives-2.1.4/src/lib.rs","byte_start":16393,"byte_end":16452,"line_start":411,"line_end":411,"column_start":1,"column_end":60,"is_primary":false,"text":[{"text":"pub fn derive_insertable(input: TokenStream) -> TokenStream {","highlight_start":1,"highlight_end":60}],"label":null,"suggested_replacement":null,"suggestion_applicability":null,"expansion":null}}}],"children":[{"message":"the following other types implement trait `diesel::Expression`:\n  Box<T>\n  schema::users::columns::created_at\n  schema::users::columns::password\n  schema::users::columns::email\n  schema::users::columns::name\n  schema::users::columns::id\n  schema::users::columns::star\n  schema::moves::columns::created_at\nand 163 others","code":null,"level":"help","spans":[],"children":[],"rendered":null},{"message":"required for `NaiveDateTime` to implement `AsExpression<diesel::sql_types::Nullable<diesel::sql_types::Timestamp>>`","code":null,"level":"note","spans":[],"children":[],"rendered":null}],"rendered":"\u001b[0m\u001b[1m\u001b[38;5;9merror[E0277]\u001b[0m\u001b[0m\u001b[1m: the trait bound `NaiveDateTime: diesel::Expression` is not satisfied\u001b[0m\n\u001b[0m  \u001b[0m\u001b[0m\u001b[1m\u001b[38;5;12m--> \u001b[0m\u001b[0mdb/src/models.rs:37:10\u001b[0m\n\u001b[0m   \u001b[0m\u001b[0m\u001b[1m\u001b[38;5;12m|\u001b[0m\n\u001b[0m\u001b[1m\u001b[38;5;12m37\u001b[0m\u001b[0m \u001b[0m\u001b[0m\u001b[1m\u001b[38;5;12m|\u001b[0m\u001b[0m \u001b[0m\u001b[0m#[derive(Insertable)]\u001b[0m\n\u001b[0m   \u001b[0m\u001b[0m\u001b[1m\u001b[38;5;12m| \u001b[0m\u001b[0m         \u001b[0m\u001b[0m\u001b[1m\u001b[38;5;9m^^^^^^^^^^\u001b[0m\u001b[0m \u001b[0m\u001b[0m\u001b[1m\u001b[38;5;9mthe trait `diesel::Expression` is not implemented for `NaiveDateTime`\u001b[0m\n\u001b[0m   \u001b[0m\u001b[0m\u001b[1m\u001b[38;5;12m|\u001b[0m\n\u001b[0m   \u001b[0m\u001b[0m\u001b[1m\u001b[38;5;12m= \u001b[0m\u001b[0m\u001b[1mhelp\u001b[0m\u001b[0m: the following other types implement trait `diesel::Expression`:\u001b[0m\n\u001b[0m             Box<T>\u001b[0m\n\u001b[0m             schema::users::columns::created_at\u001b[0m\n\u001b[0m             schema::users::columns::password\u001b[0m\n\u001b[0m             schema::users::columns::email\u001b[0m\n\u001b[0m             schema::users::columns::name\u001b[0m\n\u001b[0m             schema::users::columns::id\u001b[0m\n\u001b[0m             schema::users::columns::star\u001b[0m\n\u001b[0m             schema::moves::columns::created_at\u001b[0m\n\u001b[0m           and 163 others\u001b[0m\n\u001b[0m   \u001b[0m\u001b[0m\u001b[1m\u001b[38;5;12m= \u001b[0m\u001b[0m\u001b[1mnote\u001b[0m\u001b[0m: required for `NaiveDateTime` to implement `AsExpression<diesel::sql_types::Nullable<diesel::sql_types::Timestamp>>`\u001b[0m\n\u001b[0m   \u001b[0m\u001b[0m\u001b[1m\u001b[38;5;12m= \u001b[0m\u001b[0m\u001b[1mnote\u001b[0m\u001b[0m: this error originates in the derive macro `Insertable` (in Nightly builds, run with -Z macro-backtrace for more info)\u001b[0m\n\n"}
{"$message_type":"diagnostic","message":"the trait bound `NaiveDateTime: diesel::Expression` is not satisfied","code":{"code":"E0277","explanation":"You tried to use a type which doesn't implement some trait in a place which\nexpected that trait.\n\nErroneous code example:\n\n```compile_fail,E0277\n// here we declare the Foo trait with a bar method\ntrait Foo {\n    fn bar(&self);\n}\n\n// we now declare a function which takes an object implementing the Foo trait\nfn some_func<T: Foo>(foo: T) {\n    foo.bar();\n}\n\nfn main() {\n    // we now call the method with the i32 type, which doesn't implement\n    // the Foo trait\n    some_func(5i32); // error: the trait bound `i32 : Foo` is not satisfied\n}\n```\n\nIn order to fix this error, verify that the type you're using does implement\nthe trait. Example:\n\n```\ntrait Foo {\n    fn bar(&self);\n}\n\n// we implement the trait on the i32 type\nimpl Foo for i32 {\n    fn bar(&self) {}\n}\n\nfn some_func<T: Foo>(foo: T) {\n    foo.bar(); // we can now use this method since i32 implements the\n               // Foo trait\n}\n\nfn main() {\n    some_func(5i32); // ok!\n}\n```\n\nOr in a generic context, an erroneous code example would look like:\n\n```compile_fail,E0277\nfn some_func<T>(foo: T) {\n    println!(\"{:?}\", foo); // error: the trait `core::fmt::Debug` is not\n                           //        implemented for the type `T`\n}\n\nfn main() {\n    // We now call the method with the i32 type,\n    // which *does* implement the Debug trait.\n    some_func(5i32);\n}\n```\n\nNote that the error here is in the definition of the generic function. Although\nwe only call it with a parameter that does implement `Debug`, the compiler\nstill rejects the function. It must work with all possible input types. In\norder to make this example compile, we need to restrict the generic type we're\naccepting:\n\n```\nuse std::fmt;\n\n// Restrict the input type to types that implement Debug.\nfn some_func<T: fmt::Debug>(foo: T) {\n    println!(\"{:?}\", foo);\n}\n\nfn main() {\n    // Calling the method is still fine, as i32 implements Debug.\n    some_func(5i32);\n\n    // This would fail to compile now:\n    // struct WithoutDebug;\n    // some_func(WithoutDebug);\n}\n```\n\nRust only looks at the signature of the called function, as such it must\nalready specify all requirements that will be used for every type parameter.\n"},"level":"error","spans":[{"file_name":"db/src/models.rs","byte_start":859,"byte_end":869,"line_start":37,"line_end":37,"column_start":10,"column_end":20,"is_primary":true,"text":[{"text":"#[derive(Insertable)]","highlight_start":10,"highlight_end":20}],"label":"the trait `diesel::Expression` is not implemented for `NaiveDateTime`","suggested_replacement":null,"suggestion_applicability":null,"expansion":{"span":{"file_name":"db/src/models.rs","byte_start":859,"byte_end":869,"line_start":37,"line_end":37,"column_start":10,"column_end":20,"is_primary":false,"text":[{"text":"#[derive(Insertable)]","highlight_start":10,"highlight_end":20}],"label":null,"suggested_replacement":null,"suggestion_applicability":null,"expansion":null},"macro_decl_name":"#[derive(Insertable)]","def_site_span":{"file_name":"/Users/riohatta/.cargo/registry/src/index.crates.io-6f17d22bba15001f/diesel_derives-2.1.4/src/lib.rs","byte_start":16393,"byte_end":16452,"line_start":411,"line_end":411,"column_start":1,"column_end":60,"is_primary":false,"text":[{"text":"pub fn derive_insertable(input: TokenStream) -> TokenStream {","highlight_start":1,"highlight_end":60}],"label":null,"suggested_replacement":null,"suggestion_applicability":null,"expansion":null}}}],"children":[{"message":"the following other types implement trait `diesel::Expression`:\n  Box<T>\n  schema::users::columns::created_at\n  schema::users::columns::password\n  schema::users::columns::email\n  schema::users::columns::name\n  schema::users::columns::id\n  schema::users::columns::star\n  schema::moves::columns::created_at\nand 163 others","code":null,"level":"help","spans":[],"children":[],"rendered":null},{"message":"required for `&'insert NaiveDateTime` to implement `diesel::Expression`","code":null,"level":"note","spans":[],"children":[],"rendered":null},{"message":"required for `&'insert NaiveDateTime` to implement `AsExpression<diesel::sql_types::Nullable<diesel::sql_types::Timestamp>>`","code":null,"level":"note","spans":[],"children":[],"rendered":null}],"rendered":"\u001b[0m\u001b[1m\u001b[38;5;9merror[E0277]\u001b[0m\u001b[0m\u001b[1m: the trait bound `NaiveDateTime: diesel::Expression` is not satisfied\u001b[0m\n\u001b[0m  \u001b[0m\u001b[0m\u001b[1m\u001b[38;5;12m--> \u001b[0m\u001b[0mdb/src/models.rs:37:10\u001b[0m\n\u001b[0m   \u001b[0m\u001b[0m\u001b[1m\u001b[38;5;12m|\u001b[0m\n\u001b[0m\u001b[1m\u001b[38;5;12m37\u001b[0m\u001b[0m \u001b[0m\u001b[0m\u001b[1m\u001b[38;5;12m|\u001b[0m\u001b[0m \u001b[0m\u001b[0m#[derive(Insertable)]\u001b[0m\n\u001b[0m   \u001b[0m\u001b[0m\u001b[1m\u001b[38;5;12m| \u001b[0m\u001b[0m         \u001b[0m\u001b[0m\u001b[1m\u001b[38;5;9m^^^^^^^^^^\u001b[0m\u001b[0m \u001b[0m\u001b[0m\u001b[1m\u001b[38;5;9mthe trait `diesel::Expression` is not implemented for `NaiveDateTime`\u001b[0m\n\u001b[0m   \u001b[0m\u001b[0m\u001b[1m\u001b[38;5;12m|\u001b[0m\n\u001b[0m   \u001b[0m\u001b[0m\u001b[1m\u001b[38;5;12m= \u001b[0m\u001b[0m\u001b[1mhelp\u001b[0m\u001b[0m: the following other types implement trait `diesel::Expression`:\u001b[0m\n\u001b[0m             Box<T>\u001b[0m\n\u001b[0m             schema::users::columns::created_at\u001b[0m\n\u001b[0m             schema::users::columns::password\u001b[0m\n\u001b[0m             schema::users::columns::email\u001b[0m\n\u001b[0m             schema::users::columns::name\u001b[0m\n\u001b[0m             schema::users::columns::id\u001b[0m\n\u001b[0m             schema::users::columns::star\u001b[0m\n\u001b[0m             schema::moves::columns::created_at\u001b[0m\n\u001b[0m           and 163 others\u001b[0m\n\u001b[0m   \u001b[0m\u001b[0m\u001b[1m\u001b[38;5;12m= \u001b[0m\u001b[0m\u001b[1mnote\u001b[0m\u001b[0m: required for `&'insert NaiveDateTime` to implement `diesel::Expression`\u001b[0m\n\u001b[0m   \u001b[0m\u001b[0m\u001b[1m\u001b[38;5;12m= \u001b[0m\u001b[0m\u001b[1mnote\u001b[0m\u001b[0m: required for `&'insert NaiveDateTime` to implement `AsExpression<diesel::sql_types::Nullable<diesel::sql_types::Timestamp>>`\u001b[0m\n\u001b[0m   \u001b[0m\u001b[0m\u001b[1m\u001b[38;5;12m= \u001b[0m\u001b[0m\u001b[1mnote\u001b[0m\u001b[0m: this error originates in the derive macro `Insertable` (in Nightly builds, run with -Z macro-backtrace for more info)\u001b[0m\n\n"}
{"$message_type":"diagnostic","message":"the trait bound `NaiveDateTime: diesel::Expression` is not satisfied","code":{"code":"E0277","explanation":"You tried to use a type which doesn't implement some trait in a place which\nexpected that trait.\n\nErroneous code example:\n\n```compile_fail,E0277\n// here we declare the Foo trait with a bar method\ntrait Foo {\n    fn bar(&self);\n}\n\n// we now declare a function which takes an object implementing the Foo trait\nfn some_func<T: Foo>(foo: T) {\n    foo.bar();\n}\n\nfn main() {\n    // we now call the method with the i32 type, which doesn't implement\n    // the Foo trait\n    some_func(5i32); // error: the trait bound `i32 : Foo` is not satisfied\n}\n```\n\nIn order to fix this error, verify that the type you're using does implement\nthe trait. Example:\n\n```\ntrait Foo {\n    fn bar(&self);\n}\n\n// we implement the trait on the i32 type\nimpl Foo for i32 {\n    fn bar(&self) {}\n}\n\nfn some_func<T: Foo>(foo: T) {\n    foo.bar(); // we can now use this method since i32 implements the\n               // Foo trait\n}\n\nfn main() {\n    some_func(5i32); // ok!\n}\n```\n\nOr in a generic context, an erroneous code example would look like:\n\n```compile_fail,E0277\nfn some_func<T>(foo: T) {\n    println!(\"{:?}\", foo); // error: the trait `core::fmt::Debug` is not\n                           //        implemented for the type `T`\n}\n\nfn main() {\n    // We now call the method with the i32 type,\n    // which *does* implement the Debug trait.\n    some_func(5i32);\n}\n```\n\nNote that the error here is in the definition of the generic function. Although\nwe only call it with a parameter that does implement `Debug`, the compiler\nstill rejects the function. It must work with all possible input types. In\norder to make this example compile, we need to restrict the generic type we're\naccepting:\n\n```\nuse std::fmt;\n\n// Restrict the input type to types that implement Debug.\nfn some_func<T: fmt::Debug>(foo: T) {\n    println!(\"{:?}\", foo);\n}\n\nfn main() {\n    // Calling the method is still fine, as i32 implements Debug.\n    some_func(5i32);\n\n    // This would fail to compile now:\n    // struct WithoutDebug;\n    // some_func(WithoutDebug);\n}\n```\n\nRust only looks at the signature of the called function, as such it must\nalready specify all requirements that will be used for every type parameter.\n"},"level":"error","spans":[{"file_name":"db/src/models.rs","byte_start":859,"byte_end":869,"line_start":37,"line_end":37,"column_start":10,"column_end":20,"is_primary":true,"text":[{"text":"#[derive(Insertable)]","highlight_start":10,"highlight_end":20}],"label":"the trait `diesel::Expression` is not implemented for `NaiveDateTime`","suggested_replacement":null,"suggestion_applicability":null,"expansion":{"span":{"file_name":"db/src/models.rs","byte_start":859,"byte_end":869,"line_start":37,"line_end":37,"column_start":10,"column_end":20,"is_primary":false,"text":[{"text":"#[derive(Insertable)]","highlight_start":10,"highlight_end":20}],"label":null,"suggested_replacement":null,"suggestion_applicability":null,"expansion":null},"macro_decl_name":"#[derive(Insertable)]","def_site_span":{"file_name":"/Users/riohatta/.cargo/registry/src/index.crates.io-6f17d22bba15001f/diesel_derives-2.1.4/src/lib.rs","byte_start":16393,"byte_end":16452,"line_start":411,"line_end":411,"column_start":1,"column_end":60,"is_primary":false,"text":[{"text":"pub fn derive_insertable(input: TokenStream) -> TokenStream {","highlight_start":1,"highlight_end":60}],"label":null,"suggested_replacement":null,"suggestion_applicability":null,"expansion":null}}}],"children":[{"message":"the following other types implement trait `diesel::Expression`:\n  Box<T>\n  schema::users::columns::created_at\n  schema::users::columns::password\n  schema::users::columns::email\n  schema::users::columns::name\n  schema::users::columns::id\n  schema::users::columns::star\n  schema::moves::columns::created_at\nand 163 others","code":null,"level":"help","spans":[],"children":[],"rendered":null},{"message":"required for `&'insert NaiveDateTime` to implement `diesel::Expression`","code":null,"level":"note","spans":[],"children":[],"rendered":null},{"message":"required for `&'insert NaiveDateTime` to implement `AsExpression<diesel::sql_types::Nullable<diesel::sql_types::Timestamp>>`","code":null,"level":"note","spans":[],"children":[],"rendered":null}],"rendered":"\u001b[0m\u001b[1m\u001b[38;5;9merror[E0277]\u001b[0m\u001b[0m\u001b[1m: the trait bound `NaiveDateTime: diesel::Expression` is not satisfied\u001b[0m\n\u001b[0m  \u001b[0m\u001b[0m\u001b[1m\u001b[38;5;12m--> \u001b[0m\u001b[0mdb/src/models.rs:37:10\u001b[0m\n\u001b[0m   \u001b[0m\u001b[0m\u001b[1m\u001b[38;5;12m|\u001b[0m\n\u001b[0m\u001b[1m\u001b[38;5;12m37\u001b[0m\u001b[0m \u001b[0m\u001b[0m\u001b[1m\u001b[38;5;12m|\u001b[0m\u001b[0m \u001b[0m\u001b[0m#[derive(Insertable)]\u001b[0m\n\u001b[0m   \u001b[0m\u001b[0m\u001b[1m\u001b[38;5;12m| \u001b[0m\u001b[0m         \u001b[0m\u001b[0m\u001b[1m\u001b[38;5;9m^^^^^^^^^^\u001b[0m\u001b[0m \u001b[0m\u001b[0m\u001b[1m\u001b[38;5;9mthe trait `diesel::Expression` is not implemented for `NaiveDateTime`\u001b[0m\n\u001b[0m   \u001b[0m\u001b[0m\u001b[1m\u001b[38;5;12m|\u001b[0m\n\u001b[0m   \u001b[0m\u001b[0m\u001b[1m\u001b[38;5;12m= \u001b[0m\u001b[0m\u001b[1mhelp\u001b[0m\u001b[0m: the following other types implement trait `diesel::Expression`:\u001b[0m\n\u001b[0m             Box<T>\u001b[0m\n\u001b[0m             schema::users::columns::created_at\u001b[0m\n\u001b[0m             schema::users::columns::password\u001b[0m\n\u001b[0m             schema::users::columns::email\u001b[0m\n\u001b[0m             schema::users::columns::name\u001b[0m\n\u001b[0m             schema::users::columns::id\u001b[0m\n\u001b[0m             schema::users::columns::star\u001b[0m\n\u001b[0m             schema::moves::columns::created_at\u001b[0m\n\u001b[0m           and 163 others\u001b[0m\n\u001b[0m   \u001b[0m\u001b[0m\u001b[1m\u001b[38;5;12m= \u001b[0m\u001b[0m\u001b[1mnote\u001b[0m\u001b[0m: required for `&'insert NaiveDateTime` to implement `diesel::Expression`\u001b[0m\n\u001b[0m   \u001b[0m\u001b[0m\u001b[1m\u001b[38;5;12m= \u001b[0m\u001b[0m\u001b[1mnote\u001b[0m\u001b[0m: required for `&'insert NaiveDateTime` to implement `AsExpression<diesel::sql_types::Nullable<diesel::sql_types::Timestamp>>`\u001b[0m\n\u001b[0m   \u001b[0m\u001b[0m\u001b[1m\u001b[38;5;12m= \u001b[0m\u001b[0m\u001b[1mnote\u001b[0m\u001b[0m: this error originates in the derive macro `Insertable` (in Nightly builds, run with -Z macro-backtrace for more info)\u001b[0m\n\n"}
{"$message_type":"diagnostic","message":"the trait bound `NaiveDateTime: diesel::Expression` is not satisfied","code":{"code":"E0277","explanation":"You tried to use a type which doesn't implement some trait in a place which\nexpected that trait.\n\nErroneous code example:\n\n```compile_fail,E0277\n// here we declare the Foo trait with a bar method\ntrait Foo {\n    fn bar(&self);\n}\n\n// we now declare a function which takes an object implementing the Foo trait\nfn some_func<T: Foo>(foo: T) {\n    foo.bar();\n}\n\nfn main() {\n    // we now call the method with the i32 type, which doesn't implement\n    // the Foo trait\n    some_func(5i32); // error: the trait bound `i32 : Foo` is not satisfied\n}\n```\n\nIn order to fix this error, verify that the type you're using does implement\nthe trait. Example:\n\n```\ntrait Foo {\n    fn bar(&self);\n}\n\n// we implement the trait on the i32 type\nimpl Foo for i32 {\n    fn bar(&self) {}\n}\n\nfn some_func<T: Foo>(foo: T) {\n    foo.bar(); // we can now use this method since i32 implements the\n               // Foo trait\n}\n\nfn main() {\n    some_func(5i32); // ok!\n}\n```\n\nOr in a generic context, an erroneous code example would look like:\n\n```compile_fail,E0277\nfn some_func<T>(foo: T) {\n    println!(\"{:?}\", foo); // error: the trait `core::fmt::Debug` is not\n                           //        implemented for the type `T`\n}\n\nfn main() {\n    // We now call the method with the i32 type,\n    // which *does* implement the Debug trait.\n    some_func(5i32);\n}\n```\n\nNote that the error here is in the definition of the generic function. Although\nwe only call it with a parameter that does implement `Debug`, the compiler\nstill rejects the function. It must work with all possible input types. In\norder to make this example compile, we need to restrict the generic type we're\naccepting:\n\n```\nuse std::fmt;\n\n// Restrict the input type to types that implement Debug.\nfn some_func<T: fmt::Debug>(foo: T) {\n    println!(\"{:?}\", foo);\n}\n\nfn main() {\n    // Calling the method is still fine, as i32 implements Debug.\n    some_func(5i32);\n\n    // This would fail to compile now:\n    // struct WithoutDebug;\n    // some_func(WithoutDebug);\n}\n```\n\nRust only looks at the signature of the called function, as such it must\nalready specify all requirements that will be used for every type parameter.\n"},"level":"error","spans":[{"file_name":"db/src/models.rs","byte_start":1488,"byte_end":1498,"line_start":62,"line_end":62,"column_start":10,"column_end":20,"is_primary":true,"text":[{"text":"#[derive(Insertable)]","highlight_start":10,"highlight_end":20}],"label":"the trait `diesel::Expression` is not implemented for `NaiveDateTime`","suggested_replacement":null,"suggestion_applicability":null,"expansion":{"span":{"file_name":"db/src/models.rs","byte_start":1488,"byte_end":1498,"line_start":62,"line_end":62,"column_start":10,"column_end":20,"is_primary":false,"text":[{"text":"#[derive(Insertable)]","highlight_start":10,"highlight_end":20}],"label":null,"suggested_replacement":null,"suggestion_applicability":null,"expansion":null},"macro_decl_name":"#[derive(Insertable)]","def_site_span":{"file_name":"/Users/riohatta/.cargo/registry/src/index.crates.io-6f17d22bba15001f/diesel_derives-2.1.4/src/lib.rs","byte_start":16393,"byte_end":16452,"line_start":411,"line_end":411,"column_start":1,"column_end":60,"is_primary":false,"text":[{"text":"pub fn derive_insertable(input: TokenStream) -> TokenStream {","highlight_start":1,"highlight_end":60}],"label":null,"suggested_replacement":null,"suggestion_applicability":null,"expansion":null}}}],"children":[{"message":"the following other types implement trait `diesel::Expression`:\n  Box<T>\n  schema::users::columns::created_at\n  schema::users::columns::password\n  schema::users::columns::email\n  schema::users::columns::name\n  schema::users::columns::id\n  schema::users::columns::star\n  schema::moves::columns::created_at\nand 163 others","code":null,"level":"help","spans":[],"children":[],"rendered":null},{"message":"required for `NaiveDateTime` to implement `AsExpression<diesel::sql_types::Nullable<diesel::sql_types::Timestamp>>`","code":null,"level":"note","spans":[],"children":[],"rendered":null}],"rendered":"\u001b[0m\u001b[1m\u001b[38;5;9merror[E0277]\u001b[0m\u001b[0m\u001b[1m: the trait bound `NaiveDateTime: diesel::Expression` is not satisfied\u001b[0m\n\u001b[0m  \u001b[0m\u001b[0m\u001b[1m\u001b[38;5;12m--> \u001b[0m\u001b[0mdb/src/models.rs:62:10\u001b[0m\n\u001b[0m   \u001b[0m\u001b[0m\u001b[1m\u001b[38;5;12m|\u001b[0m\n\u001b[0m\u001b[1m\u001b[38;5;12m62\u001b[0m\u001b[0m \u001b[0m\u001b[0m\u001b[1m\u001b[38;5;12m|\u001b[0m\u001b[0m \u001b[0m\u001b[0m#[derive(Insertable)]\u001b[0m\n\u001b[0m   \u001b[0m\u001b[0m\u001b[1m\u001b[38;5;12m| \u001b[0m\u001b[0m         \u001b[0m\u001b[0m\u001b[1m\u001b[38;5;9m^^^^^^^^^^\u001b[0m\u001b[0m \u001b[0m\u001b[0m\u001b[1m\u001b[38;5;9mthe trait `diesel::Expression` is not implemented for `NaiveDateTime`\u001b[0m\n\u001b[0m   \u001b[0m\u001b[0m\u001b[1m\u001b[38;5;12m|\u001b[0m\n\u001b[0m   \u001b[0m\u001b[0m\u001b[1m\u001b[38;5;12m= \u001b[0m\u001b[0m\u001b[1mhelp\u001b[0m\u001b[0m: the following other types implement trait `diesel::Expression`:\u001b[0m\n\u001b[0m             Box<T>\u001b[0m\n\u001b[0m             schema::users::columns::created_at\u001b[0m\n\u001b[0m             schema::users::columns::password\u001b[0m\n\u001b[0m             schema::users::columns::email\u001b[0m\n\u001b[0m             schema::users::columns::name\u001b[0m\n\u001b[0m             schema::users::columns::id\u001b[0m\n\u001b[0m             schema::users::columns::star\u001b[0m\n\u001b[0m             schema::moves::columns::created_at\u001b[0m\n\u001b[0m           and 163 others\u001b[0m\n\u001b[0m   \u001b[0m\u001b[0m\u001b[1m\u001b[38;5;12m= \u001b[0m\u001b[0m\u001b[1mnote\u001b[0m\u001b[0m: required for `NaiveDateTime` to implement `AsExpression<diesel::sql_types::Nullable<diesel::sql_types::Timestamp>>`\u001b[0m\n\u001b[0m   \u001b[0m\u001b[0m\u001b[1m\u001b[38;5;12m= \u001b[0m\u001b[0m\u001b[1mnote\u001b[0m\u001b[0m: this error originates in the derive macro `Insertable` (in Nightly builds, run with -Z macro-backtrace for more info)\u001b[0m\n\n"}
{"$message_type":"diagnostic","message":"the trait bound `NaiveDateTime: diesel::Expression` is not satisfied","code":{"code":"E0277","explanation":"You tried to use a type which doesn't implement some trait in a place which\nexpected that trait.\n\nErroneous code example:\n\n```compile_fail,E0277\n// here we declare the Foo trait with a bar method\ntrait Foo {\n    fn bar(&self);\n}\n\n// we now declare a function which takes an object implementing the Foo trait\nfn some_func<T: Foo>(foo: T) {\n    foo.bar();\n}\n\nfn main() {\n    // we now call the method with the i32 type, which doesn't implement\n    // the Foo trait\n    some_func(5i32); // error: the trait bound `i32 : Foo` is not satisfied\n}\n```\n\nIn order to fix this error, verify that the type you're using does implement\nthe trait. Example:\n\n```\ntrait Foo {\n    fn bar(&self);\n}\n\n// we implement the trait on the i32 type\nimpl Foo for i32 {\n    fn bar(&self) {}\n}\n\nfn some_func<T: Foo>(foo: T) {\n    foo.bar(); // we can now use this method since i32 implements the\n               // Foo trait\n}\n\nfn main() {\n    some_func(5i32); // ok!\n}\n```\n\nOr in a generic context, an erroneous code example would look like:\n\n```compile_fail,E0277\nfn some_func<T>(foo: T) {\n    println!(\"{:?}\", foo); // error: the trait `core::fmt::Debug` is not\n                           //        implemented for the type `T`\n}\n\nfn main() {\n    // We now call the method with the i32 type,\n    // which *does* implement the Debug trait.\n    some_func(5i32);\n}\n```\n\nNote that the error here is in the definition of the generic function. Although\nwe only call it with a parameter that does implement `Debug`, the compiler\nstill rejects the function. It must work with all possible input types. In\norder to make this example compile, we need to restrict the generic type we're\naccepting:\n\n```\nuse std::fmt;\n\n// Restrict the input type to types that implement Debug.\nfn some_func<T: fmt::Debug>(foo: T) {\n    println!(\"{:?}\", foo);\n}\n\nfn main() {\n    // Calling the method is still fine, as i32 implements Debug.\n    some_func(5i32);\n\n    // This would fail to compile now:\n    // struct WithoutDebug;\n    // some_func(WithoutDebug);\n}\n```\n\nRust only looks at the signature of the called function, as such it must\nalready specify all requirements that will be used for every type parameter.\n"},"level":"error","spans":[{"file_name":"db/src/models.rs","byte_start":1488,"byte_end":1498,"line_start":62,"line_end":62,"column_start":10,"column_end":20,"is_primary":true,"text":[{"text":"#[derive(Insertable)]","highlight_start":10,"highlight_end":20}],"label":"the trait `diesel::Expression` is not implemented for `NaiveDateTime`","suggested_replacement":null,"suggestion_applicability":null,"expansion":{"span":{"file_name":"db/src/models.rs","byte_start":1488,"byte_end":1498,"line_start":62,"line_end":62,"column_start":10,"column_end":20,"is_primary":false,"text":[{"text":"#[derive(Insertable)]","highlight_start":10,"highlight_end":20}],"label":null,"suggested_replacement":null,"suggestion_applicability":null,"expansion":null},"macro_decl_name":"#[derive(Insertable)]","def_site_span":{"file_name":"/Users/riohatta/.cargo/registry/src/index.crates.io-6f17d22bba15001f/diesel_derives-2.1.4/src/lib.rs","byte_start":16393,"byte_end":16452,"line_start":411,"line_end":411,"column_start":1,"column_end":60,"is_primary":false,"text":[{"text":"pub fn derive_insertable(input: TokenStream) -> TokenStream {","highlight_start":1,"highlight_end":60}],"label":null,"suggested_replacement":null,"suggestion_applicability":null,"expansion":null}}}],"children":[{"message":"the following other types implement trait `diesel::Expression`:\n  Box<T>\n  schema::users::columns::created_at\n  schema::users::columns::password\n  schema::users::columns::email\n  schema::users::columns::name\n  schema::users::columns::id\n  schema::users::columns::star\n  schema::moves::columns::created_at\nand 163 others","code":null,"level":"help","spans":[],"children":[],"rendered":null},{"message":"required for `NaiveDateTime` to implement `AsExpression<diesel::sql_types::Nullable<diesel::sql_types::Timestamp>>`","code":null,"level":"note","spans":[],"children":[],"rendered":null}],"rendered":"\u001b[0m\u001b[1m\u001b[38;5;9merror[E0277]\u001b[0m\u001b[0m\u001b[1m: the trait bound `NaiveDateTime: diesel::Expression` is not satisfied\u001b[0m\n\u001b[0m  \u001b[0m\u001b[0m\u001b[1m\u001b[38;5;12m--> \u001b[0m\u001b[0mdb/src/models.rs:62:10\u001b[0m\n\u001b[0m   \u001b[0m\u001b[0m\u001b[1m\u001b[38;5;12m|\u001b[0m\n\u001b[0m\u001b[1m\u001b[38;5;12m62\u001b[0m\u001b[0m \u001b[0m\u001b[0m\u001b[1m\u001b[38;5;12m|\u001b[0m\u001b[0m \u001b[0m\u001b[0m#[derive(Insertable)]\u001b[0m\n\u001b[0m   \u001b[0m\u001b[0m\u001b[1m\u001b[38;5;12m| \u001b[0m\u001b[0m         \u001b[0m\u001b[0m\u001b[1m\u001b[38;5;9m^^^^^^^^^^\u001b[0m\u001b[0m \u001b[0m\u001b[0m\u001b[1m\u001b[38;5;9mthe trait `diesel::Expression` is not implemented for `NaiveDateTime`\u001b[0m\n\u001b[0m   \u001b[0m\u001b[0m\u001b[1m\u001b[38;5;12m|\u001b[0m\n\u001b[0m   \u001b[0m\u001b[0m\u001b[1m\u001b[38;5;12m= \u001b[0m\u001b[0m\u001b[1mhelp\u001b[0m\u001b[0m: the following other types implement trait `diesel::Expression`:\u001b[0m\n\u001b[0m             Box<T>\u001b[0m\n\u001b[0m             schema::users::columns::created_at\u001b[0m\n\u001b[0m             schema::users::columns::password\u001b[0m\n\u001b[0m             schema::users::columns::email\u001b[0m\n\u001b[0m             schema::users::columns::name\u001b[0m\n\u001b[0m             schema::users::columns::id\u001b[0m\n\u001b[0m             schema::users::columns::star\u001b[0m\n\u001b[0m             schema::moves::columns::created_at\u001b[0m\n\u001b[0m           and 163 others\u001b[0m\n\u001b[0m   \u001b[0m\u001b[0m\u001b[1m\u001b[38;5;12m= \u001b[0m\u001b[0m\u001b[1mnote\u001b[0m\u001b[0m: required for `NaiveDateTime` to implement `AsExpression<diesel::sql_types::Nullable<diesel::sql_types::Timestamp>>`\u001b[0m\n\u001b[0m   \u001b[0m\u001b[0m\u001b[1m\u001b[38;5;12m= \u001b[0m\u001b[0m\u001b[1mnote\u001b[0m\u001b[0m: this error originates in the derive macro `Insertable` (in Nightly builds, run with -Z macro-backtrace for more info)\u001b[0m\n\n"}
{"$message_type":"diagnostic","message":"the trait bound `NaiveDateTime: diesel::Expression` is not satisfied","code":{"code":"E0277","explanation":"You tried to use a type which doesn't implement some trait in a place which\nexpected that trait.\n\nErroneous code example:\n\n```compile_fail,E0277\n// here we declare the Foo trait with a bar method\ntrait Foo {\n    fn bar(&self);\n}\n\n// we now declare a function which takes an object implementing the Foo trait\nfn some_func<T: Foo>(foo: T) {\n    foo.bar();\n}\n\nfn main() {\n    // we now call the method with the i32 type, which doesn't implement\n    // the Foo trait\n    some_func(5i32); // error: the trait bound `i32 : Foo` is not satisfied\n}\n```\n\nIn order to fix this error, verify that the type you're using does implement\nthe trait. Example:\n\n```\ntrait Foo {\n    fn bar(&self);\n}\n\n// we implement the trait on the i32 type\nimpl Foo for i32 {\n    fn bar(&self) {}\n}\n\nfn some_func<T: Foo>(foo: T) {\n    foo.bar(); // we can now use this method since i32 implements the\n               // Foo trait\n}\n\nfn main() {\n    some_func(5i32); // ok!\n}\n```\n\nOr in a generic context, an erroneous code example would look like:\n\n```compile_fail,E0277\nfn some_func<T>(foo: T) {\n    println!(\"{:?}\", foo); // error: the trait `core::fmt::Debug` is not\n                           //        implemented for the type `T`\n}\n\nfn main() {\n    // We now call the method with the i32 type,\n    // which *does* implement the Debug trait.\n    some_func(5i32);\n}\n```\n\nNote that the error here is in the definition of the generic function. Although\nwe only call it with a parameter that does implement `Debug`, the compiler\nstill rejects the function. It must work with all possible input types. In\norder to make this example compile, we need to restrict the generic type we're\naccepting:\n\n```\nuse std::fmt;\n\n// Restrict the input type to types that implement Debug.\nfn some_func<T: fmt::Debug>(foo: T) {\n    println!(\"{:?}\", foo);\n}\n\nfn main() {\n    // Calling the method is still fine, as i32 implements Debug.\n    some_func(5i32);\n\n    // This would fail to compile now:\n    // struct WithoutDebug;\n    // some_func(WithoutDebug);\n}\n```\n\nRust only looks at the signature of the called function, as such it must\nalready specify all requirements that will be used for every type parameter.\n"},"level":"error","spans":[{"file_name":"db/src/models.rs","byte_start":1488,"byte_end":1498,"line_start":62,"line_end":62,"column_start":10,"column_end":20,"is_primary":true,"text":[{"text":"#[derive(Insertable)]","highlight_start":10,"highlight_end":20}],"label":"the trait `diesel::Expression` is not implemented for `NaiveDateTime`","suggested_replacement":null,"suggestion_applicability":null,"expansion":{"span":{"file_name":"db/src/models.rs","byte_start":1488,"byte_end":1498,"line_start":62,"line_end":62,"column_start":10,"column_end":20,"is_primary":false,"text":[{"text":"#[derive(Insertable)]","highlight_start":10,"highlight_end":20}],"label":null,"suggested_replacement":null,"suggestion_applicability":null,"expansion":null},"macro_decl_name":"#[derive(Insertable)]","def_site_span":{"file_name":"/Users/riohatta/.cargo/registry/src/index.crates.io-6f17d22bba15001f/diesel_derives-2.1.4/src/lib.rs","byte_start":16393,"byte_end":16452,"line_start":411,"line_end":411,"column_start":1,"column_end":60,"is_primary":false,"text":[{"text":"pub fn derive_insertable(input: TokenStream) -> TokenStream {","highlight_start":1,"highlight_end":60}],"label":null,"suggested_replacement":null,"suggestion_applicability":null,"expansion":null}}}],"children":[{"message":"the following other types implement trait `diesel::Expression`:\n  Box<T>\n  schema::users::columns::created_at\n  schema::users::columns::password\n  schema::users::columns::email\n  schema::users::columns::name\n  schema::users::columns::id\n  schema::users::columns::star\n  schema::moves::columns::created_at\nand 163 others","code":null,"level":"help","spans":[],"children":[],"rendered":null},{"message":"required for `&'insert NaiveDateTime` to implement `diesel::Expression`","code":null,"level":"note","spans":[],"children":[],"rendered":null},{"message":"required for `&'insert NaiveDateTime` to implement `AsExpression<diesel::sql_types::Nullable<diesel::sql_types::Timestamp>>`","code":null,"level":"note","spans":[],"children":[],"rendered":null}],"rendered":"\u001b[0m\u001b[1m\u001b[38;5;9merror[E0277]\u001b[0m\u001b[0m\u001b[1m: the trait bound `NaiveDateTime: diesel::Expression` is not satisfied\u001b[0m\n\u001b[0m  \u001b[0m\u001b[0m\u001b[1m\u001b[38;5;12m--> \u001b[0m\u001b[0mdb/src/models.rs:62:10\u001b[0m\n\u001b[0m   \u001b[0m\u001b[0m\u001b[1m\u001b[38;5;12m|\u001b[0m\n\u001b[0m\u001b[1m\u001b[38;5;12m62\u001b[0m\u001b[0m \u001b[0m\u001b[0m\u001b[1m\u001b[38;5;12m|\u001b[0m\u001b[0m \u001b[0m\u001b[0m#[derive(Insertable)]\u001b[0m\n\u001b[0m   \u001b[0m\u001b[0m\u001b[1m\u001b[38;5;12m| \u001b[0m\u001b[0m         \u001b[0m\u001b[0m\u001b[1m\u001b[38;5;9m^^^^^^^^^^\u001b[0m\u001b[0m \u001b[0m\u001b[0m\u001b[1m\u001b[38;5;9mthe trait `diesel::Expression` is not implemented for `NaiveDateTime`\u001b[0m\n\u001b[0m   \u001b[0m\u001b[0m\u001b[1m\u001b[38;5;12m|\u001b[0m\n\u001b[0m   \u001b[0m\u001b[0m\u001b[1m\u001b[38;5;12m= \u001b[0m\u001b[0m\u001b[1mhelp\u001b[0m\u001b[0m: the following other types implement trait `diesel::Expression`:\u001b[0m\n\u001b[0m             Box<T>\u001b[0m\n\u001b[0m             schema::users::columns::created_at\u001b[0m\n\u001b[0m             schema::users::columns::password\u001b[0m\n\u001b[0m             schema::users::columns::email\u001b[0m\n\u001b[0m             schema::users::columns::name\u001b[0m\n\u001b[0m             schema::users::columns::id\u001b[0m\n\u001b[0m             schema::users::columns::star\u001b[0m\n\u001b[0m             schema::moves::columns::created_at\u001b[0m\n\u001b[0m           and 163 others\u001b[0m\n\u001b[0m   \u001b[0m\u001b[0m\u001b[1m\u001b[38;5;12m= \u001b[0m\u001b[0m\u001b[1mnote\u001b[0m\u001b[0m: required for `&'insert NaiveDateTime` to implement `diesel::Expression`\u001b[0m\n\u001b[0m   \u001b[0m\u001b[0m\u001b[1m\u001b[38;5;12m= \u001b[0m\u001b[0m\u001b[1mnote\u001b[0m\u001b[0m: required for `&'insert NaiveDateTime` to implement `AsExpression<diesel::sql_types::Nullable<diesel::sql_types::Timestamp>>`\u001b[0m\n\u001b[0m   \u001b[0m\u001b[0m\u001b[1m\u001b[38;5;12m= \u001b[0m\u001b[0m\u001b[1mnote\u001b[0m\u001b[0m: this error originates in the derive macro `Insertable` (in Nightly builds, run with -Z macro-backtrace for more info)\u001b[0m\n\n"}
{"$message_type":"diagnostic","message":"the trait bound `NaiveDateTime: diesel::Expression` is not satisfied","code":{"code":"E0277","explanation":"You tried to use a type which doesn't implement some trait in a place which\nexpected that trait.\n\nErroneous code example:\n\n```compile_fail,E0277\n// here we declare the Foo trait with a bar method\ntrait Foo {\n    fn bar(&self);\n}\n\n// we now declare a function which takes an object implementing the Foo trait\nfn some_func<T: Foo>(foo: T) {\n    foo.bar();\n}\n\nfn main() {\n    // we now call the method with the i32 type, which doesn't implement\n    // the Foo trait\n    some_func(5i32); // error: the trait bound `i32 : Foo` is not satisfied\n}\n```\n\nIn order to fix this error, verify that the type you're using does implement\nthe trait. Example:\n\n```\ntrait Foo {\n    fn bar(&self);\n}\n\n// we implement the trait on the i32 type\nimpl Foo for i32 {\n    fn bar(&self) {}\n}\n\nfn some_func<T: Foo>(foo: T) {\n    foo.bar(); // we can now use this method since i32 implements the\n               // Foo trait\n}\n\nfn main() {\n    some_func(5i32); // ok!\n}\n```\n\nOr in a generic context, an erroneous code example would look like:\n\n```compile_fail,E0277\nfn some_func<T>(foo: T) {\n    println!(\"{:?}\", foo); // error: the trait `core::fmt::Debug` is not\n                           //        implemented for the type `T`\n}\n\nfn main() {\n    // We now call the method with the i32 type,\n    // which *does* implement the Debug trait.\n    some_func(5i32);\n}\n```\n\nNote that the error here is in the definition of the generic function. Although\nwe only call it with a parameter that does implement `Debug`, the compiler\nstill rejects the function. It must work with all possible input types. In\norder to make this example compile, we need to restrict the generic type we're\naccepting:\n\n```\nuse std::fmt;\n\n// Restrict the input type to types that implement Debug.\nfn some_func<T: fmt::Debug>(foo: T) {\n    println!(\"{:?}\", foo);\n}\n\nfn main() {\n    // Calling the method is still fine, as i32 implements Debug.\n    some_func(5i32);\n\n    // This would fail to compile now:\n    // struct WithoutDebug;\n    // some_func(WithoutDebug);\n}\n```\n\nRust only looks at the signature of the called function, as such it must\nalready specify all requirements that will be used for every type parameter.\n"},"level":"error","spans":[{"file_name":"db/src/models.rs","byte_start":1488,"byte_end":1498,"line_start":62,"line_end":62,"column_start":10,"column_end":20,"is_primary":true,"text":[{"text":"#[derive(Insertable)]","highlight_start":10,"highlight_end":20}],"label":"the trait `diesel::Expression` is not implemented for `NaiveDateTime`","suggested_replacement":null,"suggestion_applicability":null,"expansion":{"span":{"file_name":"db/src/models.rs","byte_start":1488,"byte_end":1498,"line_start":62,"line_end":62,"column_start":10,"column_end":20,"is_primary":false,"text":[{"text":"#[derive(Insertable)]","highlight_start":10,"highlight_end":20}],"label":null,"suggested_replacement":null,"suggestion_applicability":null,"expansion":null},"macro_decl_name":"#[derive(Insertable)]","def_site_span":{"file_name":"/Users/riohatta/.cargo/registry/src/index.crates.io-6f17d22bba15001f/diesel_derives-2.1.4/src/lib.rs","byte_start":16393,"byte_end":16452,"line_start":411,"line_end":411,"column_start":1,"column_end":60,"is_primary":false,"text":[{"text":"pub fn derive_insertable(input: TokenStream) -> TokenStream {","highlight_start":1,"highlight_end":60}],"label":null,"suggested_replacement":null,"suggestion_applicability":null,"expansion":null}}}],"children":[{"message":"the following other types implement trait `diesel::Expression`:\n  Box<T>\n  schema::users::columns::created_at\n  schema::users::columns::password\n  schema::users::columns::email\n  schema::users::columns::name\n  schema::users::columns::id\n  schema::users::columns::star\n  schema::moves::columns::created_at\nand 163 others","code":null,"level":"help","spans":[],"children":[],"rendered":null},{"message":"required for `&'insert NaiveDateTime` to implement `diesel::Expression`","code":null,"level":"note","spans":[],"children":[],"rendered":null},{"message":"required for `&'insert NaiveDateTime` to implement `AsExpression<diesel::sql_types::Nullable<diesel::sql_types::Timestamp>>`","code":null,"level":"note","spans":[],"children":[],"rendered":null}],"rendered":"\u001b[0m\u001b[1m\u001b[38;5;9merror[E0277]\u001b[0m\u001b[0m\u001b[1m: the trait bound `NaiveDateTime: diesel::Expression` is not satisfied\u001b[0m\n\u001b[0m  \u001b[0m\u001b[0m\u001b[1m\u001b[38;5;12m--> \u001b[0m\u001b[0mdb/src/models.rs:62:10\u001b[0m\n\u001b[0m   \u001b[0m\u001b[0m\u001b[1m\u001b[38;5;12m|\u001b[0m\n\u001b[0m\u001b[1m\u001b[38;5;12m62\u001b[0m\u001b[0m \u001b[0m\u001b[0m\u001b[1m\u001b[38;5;12m|\u001b[0m\u001b[0m \u001b[0m\u001b[0m#[derive(Insertable)]\u001b[0m\n\u001b[0m   \u001b[0m\u001b[0m\u001b[1m\u001b[38;5;12m| \u001b[0m\u001b[0m         \u001b[0m\u001b[0m\u001b[1m\u001b[38;5;9m^^^^^^^^^^\u001b[0m\u001b[0m \u001b[0m\u001b[0m\u001b[1m\u001b[38;5;9mthe trait `diesel::Expression` is not implemented for `NaiveDateTime`\u001b[0m\n\u001b[0m   \u001b[0m\u001b[0m\u001b[1m\u001b[38;5;12m|\u001b[0m\n\u001b[0m   \u001b[0m\u001b[0m\u001b[1m\u001b[38;5;12m= \u001b[0m\u001b[0m\u001b[1mhelp\u001b[0m\u001b[0m: the following other types implement trait `diesel::Expression`:\u001b[0m\n\u001b[0m             Box<T>\u001b[0m\n\u001b[0m             schema::users::columns::created_at\u001b[0m\n\u001b[0m             schema::users::columns::password\u001b[0m\n\u001b[0m             schema::users::columns::email\u001b[0m\n\u001b[0m             schema::users::columns::name\u001b[0m\n\u001b[0m             schema::users::columns::id\u001b[0m\n\u001b[0m             schema::users::columns::star\u001b[0m\n\u001b[0m             schema::moves::columns::created_at\u001b[0m\n\u001b[0m           and 163 others\u001b[0m\n\u001b[0m   \u001b[0m\u001b[0m\u001b[1m\u001b[38;5;12m= \u001b[0m\u001b[0m\u001b[1mnote\u001b[0m\u001b[0m: required for `&'insert NaiveDateTime` to implement `diesel::Expression`\u001b[0m\n\u001b[0m   \u001b[0m\u001b[0m\u001b[1m\u001b[38;5;12m= \u001b[0m\u001b[0m\u001b[1mnote\u001b[0m\u001b[0m: required for `&'insert NaiveDateTime` to implement `AsExpression<diesel::sql_types::Nullable<diesel::sql_types::Timestamp>>`\u001b[0m\n\u001b[0m   \u001b[0m\u001b[0m\u001b[1m\u001b[38;5;12m= \u001b[0m\u001b[0m\u001b[1mnote\u001b[0m\u001b[0m: this error originates in the derive macro `Insertable` (in Nightly builds, run with -Z macro-backtrace for more info)\u001b[0m\n\n"}
{"$message_type":"diagnostic","message":"the trait bound `NaiveDateTime: diesel::Expression` is not satisfied","code":{"code":"E0277","explanation":"You tried to use a type which doesn't implement some trait in a place which\nexpected that trait.\n\nErroneous code example:\n\n```compile_fail,E0277\n// here we declare the Foo trait with a bar method\ntrait Foo {\n    fn bar(&self);\n}\n\n// we now declare a function which takes an object implementing the Foo trait\nfn some_func<T: Foo>(foo: T) {\n    foo.bar();\n}\n\nfn main() {\n    // we now call the method with the i32 type, which doesn't implement\n    // the Foo trait\n    some_func(5i32); // error: the trait bound `i32 : Foo` is not satisfied\n}\n```\n\nIn order to fix this error, verify that the type you're using does implement\nthe trait. Example:\n\n```\ntrait Foo {\n    fn bar(&self);\n}\n\n// we implement the trait on the i32 type\nimpl Foo for i32 {\n    fn bar(&self) {}\n}\n\nfn some_func<T: Foo>(foo: T) {\n    foo.bar(); // we can now use this method since i32 implements the\n               // Foo trait\n}\n\nfn main() {\n    some_func(5i32); // ok!\n}\n```\n\nOr in a generic context, an erroneous code example would look like:\n\n```compile_fail,E0277\nfn some_func<T>(foo: T) {\n    println!(\"{:?}\", foo); // error: the trait `core::fmt::Debug` is not\n                           //        implemented for the type `T`\n}\n\nfn main() {\n    // We now call the method with the i32 type,\n    // which *does* implement the Debug trait.\n    some_func(5i32);\n}\n```\n\nNote that the error here is in the definition of the generic function. Although\nwe only call it with a parameter that does implement `Debug`, the compiler\nstill rejects the function. It must work with all possible input types. In\norder to make this example compile, we need to restrict the generic type we're\naccepting:\n\n```\nuse std::fmt;\n\n// Restrict the input type to types that implement Debug.\nfn some_func<T: fmt::Debug>(foo: T) {\n    println!(\"{:?}\", foo);\n}\n\nfn main() {\n    // Calling the method is still fine, as i32 implements Debug.\n    some_func(5i32);\n\n    // This would fail to compile now:\n    // struct WithoutDebug;\n    // some_func(WithoutDebug);\n}\n```\n\nRust only looks at the signature of the called function, as such it must\nalready specify all requirements that will be used for every type parameter.\n"},"level":"error","spans":[{"file_name":"db/src/models.rs","byte_start":1970,"byte_end":1980,"line_start":84,"line_end":84,"column_start":10,"column_end":20,"is_primary":true,"text":[{"text":"#[derive(Insertable)]","highlight_start":10,"highlight_end":20}],"label":"the trait `diesel::Expression` is not implemented for `NaiveDateTime`","suggested_replacement":null,"suggestion_applicability":null,"expansion":{"span":{"file_name":"db/src/models.rs","byte_start":1970,"byte_end":1980,"line_start":84,"line_end":84,"column_start":10,"column_end":20,"is_primary":false,"text":[{"text":"#[derive(Insertable)]","highlight_start":10,"highlight_end":20}],"label":null,"suggested_replacement":null,"suggestion_applicability":null,"expansion":null},"macro_decl_name":"#[derive(Insertable)]","def_site_span":{"file_name":"/Users/riohatta/.cargo/registry/src/index.crates.io-6f17d22bba15001f/diesel_derives-2.1.4/src/lib.rs","byte_start":16393,"byte_end":16452,"line_start":411,"line_end":411,"column_start":1,"column_end":60,"is_primary":false,"text":[{"text":"pub fn derive_insertable(input: TokenStream) -> TokenStream {","highlight_start":1,"highlight_end":60}],"label":null,"suggested_replacement":null,"suggestion_applicability":null,"expansion":null}}}],"children":[{"message":"the following other types implement trait `diesel::Expression`:\n  Box<T>\n  schema::users::columns::created_at\n  schema::users::columns::password\n  schema::users::columns::email\n  schema::users::columns::name\n  schema::users::columns::id\n  schema::users::columns::star\n  schema::moves::columns::created_at\nand 163 others","code":null,"level":"help","spans":[],"children":[],"rendered":null},{"message":"required for `NaiveDateTime` to implement `AsExpression<diesel::sql_types::Nullable<diesel::sql_types::Timestamp>>`","code":null,"level":"note","spans":[],"children":[],"rendered":null}],"rendered":"\u001b[0m\u001b[1m\u001b[38;5;9merror[E0277]\u001b[0m\u001b[0m\u001b[1m: the trait bound `NaiveDateTime: diesel::Expression` is not satisfied\u001b[0m\n\u001b[0m  \u001b[0m\u001b[0m\u001b[1m\u001b[38;5;12m--> \u001b[0m\u001b[0mdb/src/models.rs:84:10\u001b[0m\n\u001b[0m   \u001b[0m\u001b[0m\u001b[1m\u001b[38;5;12m|\u001b[0m\n\u001b[0m\u001b[1m\u001b[38;5;12m84\u001b[0m\u001b[0m \u001b[0m\u001b[0m\u001b[1m\u001b[38;5;12m|\u001b[0m\u001b[0m \u001b[0m\u001b[0m#[derive(Insertable)]\u001b[0m\n\u001b[0m   \u001b[0m\u001b[0m\u001b[1m\u001b[38;5;12m| \u001b[0m\u001b[0m         \u001b[0m\u001b[0m\u001b[1m\u001b[38;5;9m^^^^^^^^^^\u001b[0m\u001b[0m \u001b[0m\u001b[0m\u001b[1m\u001b[38;5;9mthe trait `diesel::Expression` is not implemented for `NaiveDateTime`\u001b[0m\n\u001b[0m   \u001b[0m\u001b[0m\u001b[1m\u001b[38;5;12m|\u001b[0m\n\u001b[0m   \u001b[0m\u001b[0m\u001b[1m\u001b[38;5;12m= \u001b[0m\u001b[0m\u001b[1mhelp\u001b[0m\u001b[0m: the following other types implement trait `diesel::Expression`:\u001b[0m\n\u001b[0m             Box<T>\u001b[0m\n\u001b[0m             schema::users::columns::created_at\u001b[0m\n\u001b[0m             schema::users::columns::password\u001b[0m\n\u001b[0m             schema::users::columns::email\u001b[0m\n\u001b[0m             schema::users::columns::name\u001b[0m\n\u001b[0m             schema::users::columns::id\u001b[0m\n\u001b[0m             schema::users::columns::star\u001b[0m\n\u001b[0m             schema::moves::columns::created_at\u001b[0m\n\u001b[0m           and 163 others\u001b[0m\n\u001b[0m   \u001b[0m\u001b[0m\u001b[1m\u001b[38;5;12m= \u001b[0m\u001b[0m\u001b[1mnote\u001b[0m\u001b[0m: required for `NaiveDateTime` to implement `AsExpression<diesel::sql_types::Nullable<diesel::sql_types::Timestamp>>`\u001b[0m\n\u001b[0m   \u001b[0m\u001b[0m\u001b[1m\u001b[38;5;12m= \u001b[0m\u001b[0m\u001b[1mnote\u001b[0m\u001b[0m: this error originates in the derive macro `Insertable` (in Nightly builds, run with -Z macro-backtrace for more info)\u001b[0m\n\n"}
{"$message_type":"diagnostic","message":"the trait bound `NaiveDateTime: diesel::Expression` is not satisfied","code":{"code":"E0277","explanation":"You tried to use a type which doesn't implement some trait in a place which\nexpected that trait.\n\nErroneous code example:\n\n```compile_fail,E0277\n// here we declare the Foo trait with a bar method\ntrait Foo {\n    fn bar(&self);\n}\n\n// we now declare a function which takes an object implementing the Foo trait\nfn some_func<T: Foo>(foo: T) {\n    foo.bar();\n}\n\nfn main() {\n    // we now call the method with the i32 type, which doesn't implement\n    // the Foo trait\n    some_func(5i32); // error: the trait bound `i32 : Foo` is not satisfied\n}\n```\n\nIn order to fix this error, verify that the type you're using does implement\nthe trait. Example:\n\n```\ntrait Foo {\n    fn bar(&self);\n}\n\n// we implement the trait on the i32 type\nimpl Foo for i32 {\n    fn bar(&self) {}\n}\n\nfn some_func<T: Foo>(foo: T) {\n    foo.bar(); // we can now use this method since i32 implements the\n               // Foo trait\n}\n\nfn main() {\n    some_func(5i32); // ok!\n}\n```\n\nOr in a generic context, an erroneous code example would look like:\n\n```compile_fail,E0277\nfn some_func<T>(foo: T) {\n    println!(\"{:?}\", foo); // error: the trait `core::fmt::Debug` is not\n                           //        implemented for the type `T`\n}\n\nfn main() {\n    // We now call the method with the i32 type,\n    // which *does* implement the Debug trait.\n    some_func(5i32);\n}\n```\n\nNote that the error here is in the definition of the generic function. Although\nwe only call it with a parameter that does implement `Debug`, the compiler\nstill rejects the function. It must work with all possible input types. In\norder to make this example compile, we need to restrict the generic type we're\naccepting:\n\n```\nuse std::fmt;\n\n// Restrict the input type to types that implement Debug.\nfn some_func<T: fmt::Debug>(foo: T) {\n    println!(\"{:?}\", foo);\n}\n\nfn main() {\n    // Calling the method is still fine, as i32 implements Debug.\n    some_func(5i32);\n\n    // This would fail to compile now:\n    // struct WithoutDebug;\n    // some_func(WithoutDebug);\n}\n```\n\nRust only looks at the signature of the called function, as such it must\nalready specify all requirements that will be used for every type parameter.\n"},"level":"error","spans":[{"file_name":"db/src/models.rs","byte_start":1970,"byte_end":1980,"line_start":84,"line_end":84,"column_start":10,"column_end":20,"is_primary":true,"text":[{"text":"#[derive(Insertable)]","highlight_start":10,"highlight_end":20}],"label":"the trait `diesel::Expression` is not implemented for `NaiveDateTime`","suggested_replacement":null,"suggestion_applicability":null,"expansion":{"span":{"file_name":"db/src/models.rs","byte_start":1970,"byte_end":1980,"line_start":84,"line_end":84,"column_start":10,"column_end":20,"is_primary":false,"text":[{"text":"#[derive(Insertable)]","highlight_start":10,"highlight_end":20}],"label":null,"suggested_replacement":null,"suggestion_applicability":null,"expansion":null},"macro_decl_name":"#[derive(Insertable)]","def_site_span":{"file_name":"/Users/riohatta/.cargo/registry/src/index.crates.io-6f17d22bba15001f/diesel_derives-2.1.4/src/lib.rs","byte_start":16393,"byte_end":16452,"line_start":411,"line_end":411,"column_start":1,"column_end":60,"is_primary":false,"text":[{"text":"pub fn derive_insertable(input: TokenStream) -> TokenStream {","highlight_start":1,"highlight_end":60}],"label":null,"suggested_replacement":null,"suggestion_applicability":null,"expansion":null}}}],"children":[{"message":"the following other types implement trait `diesel::Expression`:\n  Box<T>\n  schema::users::columns::created_at\n  schema::users::columns::password\n  schema::users::columns::email\n  schema::users::columns::name\n  schema::users::columns::id\n  schema::users::columns::star\n  schema::moves::columns::created_at\nand 163 others","code":null,"level":"help","spans":[],"children":[],"rendered":null},{"message":"required for `NaiveDateTime` to implement `AsExpression<diesel::sql_types::Nullable<diesel::sql_types::Timestamp>>`","code":null,"level":"note","spans":[],"children":[],"rendered":null}],"rendered":"\u001b[0m\u001b[1m\u001b[38;5;9merror[E0277]\u001b[0m\u001b[0m\u001b[1m: the trait bound `NaiveDateTime: diesel::Expression` is not satisfied\u001b[0m\n\u001b[0m  \u001b[0m\u001b[0m\u001b[1m\u001b[38;5;12m--> \u001b[0m\u001b[0mdb/src/models.rs:84:10\u001b[0m\n\u001b[0m   \u001b[0m\u001b[0m\u001b[1m\u001b[38;5;12m|\u001b[0m\n\u001b[0m\u001b[1m\u001b[38;5;12m84\u001b[0m\u001b[0m \u001b[0m\u001b[0m\u001b[1m\u001b[38;5;12m|\u001b[0m\u001b[0m \u001b[0m\u001b[0m#[derive(Insertable)]\u001b[0m\n\u001b[0m   \u001b[0m\u001b[0m\u001b[1m\u001b[38;5;12m| \u001b[0m\u001b[0m         \u001b[0m\u001b[0m\u001b[1m\u001b[38;5;9m^^^^^^^^^^\u001b[0m\u001b[0m \u001b[0m\u001b[0m\u001b[1m\u001b[38;5;9mthe trait `diesel::Expression` is not implemented for `NaiveDateTime`\u001b[0m\n\u001b[0m   \u001b[0m\u001b[0m\u001b[1m\u001b[38;5;12m|\u001b[0m\n\u001b[0m   \u001b[0m\u001b[0m\u001b[1m\u001b[38;5;12m= \u001b[0m\u001b[0m\u001b[1mhelp\u001b[0m\u001b[0m: the following other types implement trait `diesel::Expression`:\u001b[0m\n\u001b[0m             Box<T>\u001b[0m\n\u001b[0m             schema::users::columns::created_at\u001b[0m\n\u001b[0m             schema::users::columns::password\u001b[0m\n\u001b[0m             schema::users::columns::email\u001b[0m\n\u001b[0m             schema::users::columns::name\u001b[0m\n\u001b[0m             schema::users::columns::id\u001b[0m\n\u001b[0m             schema::users::columns::star\u001b[0m\n\u001b[0m             schema::moves::columns::created_at\u001b[0m\n\u001b[0m           and 163 others\u001b[0m\n\u001b[0m   \u001b[0m\u001b[0m\u001b[1m\u001b[38;5;12m= \u001b[0m\u001b[0m\u001b[1mnote\u001b[0m\u001b[0m: required for `NaiveDateTime` to implement `AsExpression<diesel::sql_types::Nullable<diesel::sql_types::Timestamp>>`\u001b[0m\n\u001b[0m   \u001b[0m\u001b[0m\u001b[1m\u001b[38;5;12m= \u001b[0m\u001b[0m\u001b[1mnote\u001b[0m\u001b[0m: this error originates in the derive macro `Insertable` (in Nightly builds, run with -Z macro-backtrace for more info)\u001b[0m\n\n"}
{"$message_type":"diagnostic","message":"the trait bound `NaiveDateTime: diesel::Expression` is not satisfied","code":{"code":"E0277","explanation":"You tried to use a type which doesn't implement some trait in a place which\nexpected that trait.\n\nErroneous code example:\n\n```compile_fail,E0277\n// here we declare the Foo trait with a bar method\ntrait Foo {\n    fn bar(&self);\n}\n\n// we now declare a function which takes an object implementing the Foo trait\nfn some_func<T: Foo>(foo: T) {\n    foo.bar();\n}\n\nfn main() {\n    // we now call the method with the i32 type, which doesn't implement\n    // the Foo trait\n    some_func(5i32); // error: the trait bound `i32 : Foo` is not satisfied\n}\n```\n\nIn order to fix this error, verify that the type you're using does implement\nthe trait. Example:\n\n```\ntrait Foo {\n    fn bar(&self);\n}\n\n// we implement the trait on the i32 type\nimpl Foo for i32 {\n    fn bar(&self) {}\n}\n\nfn some_func<T: Foo>(foo: T) {\n    foo.bar(); // we can now use this method since i32 implements the\n               // Foo trait\n}\n\nfn main() {\n    some_func(5i32); // ok!\n}\n```\n\nOr in a generic context, an erroneous code example would look like:\n\n```compile_fail,E0277\nfn some_func<T>(foo: T) {\n    println!(\"{:?}\", foo); // error: the trait `core::fmt::Debug` is not\n                           //        implemented for the type `T`\n}\n\nfn main() {\n    // We now call the method with the i32 type,\n    // which *does* implement the Debug trait.\n    some_func(5i32);\n}\n```\n\nNote that the error here is in the definition of the generic function. Although\nwe only call it with a parameter that does implement `Debug`, the compiler\nstill rejects the function. It must work with all possible input types. In\norder to make this example compile, we need to restrict the generic type we're\naccepting:\n\n```\nuse std::fmt;\n\n// Restrict the input type to types that implement Debug.\nfn some_func<T: fmt::Debug>(foo: T) {\n    println!(\"{:?}\", foo);\n}\n\nfn main() {\n    // Calling the method is still fine, as i32 implements Debug.\n    some_func(5i32);\n\n    // This would fail to compile now:\n    // struct WithoutDebug;\n    // some_func(WithoutDebug);\n}\n```\n\nRust only looks at the signature of the called function, as such it must\nalready specify all requirements that will be used for every type parameter.\n"},"level":"error","spans":[{"file_name":"db/src/models.rs","byte_start":1970,"byte_end":1980,"line_start":84,"line_end":84,"column_start":10,"column_end":20,"is_primary":true,"text":[{"text":"#[derive(Insertable)]","highlight_start":10,"highlight_end":20}],"label":"the trait `diesel::Expression` is not implemented for `NaiveDateTime`","suggested_replacement":null,"suggestion_applicability":null,"expansion":{"span":{"file_name":"db/src/models.rs","byte_start":1970,"byte_end":1980,"line_start":84,"line_end":84,"column_start":10,"column_end":20,"is_primary":false,"text":[{"text":"#[derive(Insertable)]","highlight_start":10,"highlight_end":20}],"label":null,"suggested_replacement":null,"suggestion_applicability":null,"expansion":null},"macro_decl_name":"#[derive(Insertable)]","def_site_span":{"file_name":"/Users/riohatta/.cargo/registry/src/index.crates.io-6f17d22bba15001f/diesel_derives-2.1.4/src/lib.rs","byte_start":16393,"byte_end":16452,"line_start":411,"line_end":411,"column_start":1,"column_end":60,"is_primary":false,"text":[{"text":"pub fn derive_insertable(input: TokenStream) -> TokenStream {","highlight_start":1,"highlight_end":60}],"label":null,"suggested_replacement":null,"suggestion_applicability":null,"expansion":null}}}],"children":[{"message":"the following other types implement trait `diesel::Expression`:\n  Box<T>\n  schema::users::columns::created_at\n  schema::users::columns::password\n  schema::users::columns::email\n  schema::users::columns::name\n  schema::users::columns::id\n  schema::users::columns::star\n  schema::moves::columns::created_at\nand 163 others","code":null,"level":"help","spans":[],"children":[],"rendered":null},{"message":"required for `&'insert NaiveDateTime` to implement `diesel::Expression`","code":null,"level":"note","spans":[],"children":[],"rendered":null},{"message":"required for `&'insert NaiveDateTime` to implement `AsExpression<diesel::sql_types::Nullable<diesel::sql_types::Timestamp>>`","code":null,"level":"note","spans":[],"children":[],"rendered":null}],"rendered":"\u001b[0m\u001b[1m\u001b[38;5;9merror[E0277]\u001b[0m\u001b[0m\u001b[1m: the trait bound `NaiveDateTime: diesel::Expression` is not satisfied\u001b[0m\n\u001b[0m  \u001b[0m\u001b[0m\u001b[1m\u001b[38;5;12m--> \u001b[0m\u001b[0mdb/src/models.rs:84:10\u001b[0m\n\u001b[0m   \u001b[0m\u001b[0m\u001b[1m\u001b[38;5;12m|\u001b[0m\n\u001b[0m\u001b[1m\u001b[38;5;12m84\u001b[0m\u001b[0m \u001b[0m\u001b[0m\u001b[1m\u001b[38;5;12m|\u001b[0m\u001b[0m \u001b[0m\u001b[0m#[derive(Insertable)]\u001b[0m\n\u001b[0m   \u001b[0m\u001b[0m\u001b[1m\u001b[38;5;12m| \u001b[0m\u001b[0m         \u001b[0m\u001b[0m\u001b[1m\u001b[38;5;9m^^^^^^^^^^\u001b[0m\u001b[0m \u001b[0m\u001b[0m\u001b[1m\u001b[38;5;9mthe trait `diesel::Expression` is not implemented for `NaiveDateTime`\u001b[0m\n\u001b[0m   \u001b[0m\u001b[0m\u001b[1m\u001b[38;5;12m|\u001b[0m\n\u001b[0m   \u001b[0m\u001b[0m\u001b[1m\u001b[38;5;12m= \u001b[0m\u001b[0m\u001b[1mhelp\u001b[0m\u001b[0m: the following other types implement trait `diesel::Expression`:\u001b[0m\n\u001b[0m             Box<T>\u001b[0m\n\u001b[0m             schema::users::columns::created_at\u001b[0m\n\u001b[0m             schema::users::columns::password\u001b[0m\n\u001b[0m             schema::users::columns::email\u001b[0m\n\u001b[0m             schema::users::columns::name\u001b[0m\n\u001b[0m             schema::users::columns::id\u001b[0m\n\u001b[0m             schema::users::columns::star\u001b[0m\n\u001b[0m             schema::moves::columns::created_at\u001b[0m\n\u001b[0m           and 163 others\u001b[0m\n\u001b[0m   \u001b[0m\u001b[0m\u001b[1m\u001b[38;5;12m= \u001b[0m\u001b[0m\u001b[1mnote\u001b[0m\u001b[0m: required for `&'insert NaiveDateTime` to implement `diesel::Expression`\u001b[0m\n\u001b[0m   \u001b[0m\u001b[0m\u001b[1m\u001b[38;5;12m= \u001b[0m\u001b[0m\u001b[1mnote\u001b[0m\u001b[0m: required for `&'insert NaiveDateTime` to implement `AsExpression<diesel::sql_types::Nullable<diesel::sql_types::Timestamp>>`\u001b[0m\n\u001b[0m   \u001b[0m\u001b[0m\u001b[1m\u001b[38;5;12m= \u001b[0m\u001b[0m\u001b[1mnote\u001b[0m\u001b[0m: this error originates in the derive macro `Insertable` (in Nightly builds, run with -Z macro-backtrace for more info)\u001b[0m\n\n"}
{"$message_type":"diagnostic","message":"the trait bound `NaiveDateTime: diesel::Expression` is not satisfied","code":{"code":"E0277","explanation":"You tried to use a type which doesn't implement some trait in a place which\nexpected that trait.\n\nErroneous code example:\n\n```compile_fail,E0277\n// here we declare the Foo trait with a bar method\ntrait Foo {\n    fn bar(&self);\n}\n\n// we now declare a function which takes an object implementing the Foo trait\nfn some_func<T: Foo>(foo: T) {\n    foo.bar();\n}\n\nfn main() {\n    // we now call the method with the i32 type, which doesn't implement\n    // the Foo trait\n    some_func(5i32); // error: the trait bound `i32 : Foo` is not satisfied\n}\n```\n\nIn order to fix this error, verify that the type you're using does implement\nthe trait. Example:\n\n```\ntrait Foo {\n    fn bar(&self);\n}\n\n// we implement the trait on the i32 type\nimpl Foo for i32 {\n    fn bar(&self) {}\n}\n\nfn some_func<T: Foo>(foo: T) {\n    foo.bar(); // we can now use this method since i32 implements the\n               // Foo trait\n}\n\nfn main() {\n    some_func(5i32); // ok!\n}\n```\n\nOr in a generic context, an erroneous code example would look like:\n\n```compile_fail,E0277\nfn some_func<T>(foo: T) {\n    println!(\"{:?}\", foo); // error: the trait `core::fmt::Debug` is not\n                           //        implemented for the type `T`\n}\n\nfn main() {\n    // We now call the method with the i32 type,\n    // which *does* implement the Debug trait.\n    some_func(5i32);\n}\n```\n\nNote that the error here is in the definition of the generic function. Although\nwe only call it with a parameter that does implement `Debug`, the compiler\nstill rejects the function. It must work with all possible input types. In\norder to make this example compile, we need to restrict the generic type we're\naccepting:\n\n```\nuse std::fmt;\n\n// Restrict the input type to types that implement Debug.\nfn some_func<T: fmt::Debug>(foo: T) {\n    println!(\"{:?}\", foo);\n}\n\nfn main() {\n    // Calling the method is still fine, as i32 implements Debug.\n    some_func(5i32);\n\n    // This would fail to compile now:\n    // struct WithoutDebug;\n    // some_func(WithoutDebug);\n}\n```\n\nRust only looks at the signature of the called function, as such it must\nalready specify all requirements that will be used for every type parameter.\n"},"level":"error","spans":[{"file_name":"db/src/models.rs","byte_start":1970,"byte_end":1980,"line_start":84,"line_end":84,"column_start":10,"column_end":20,"is_primary":true,"text":[{"text":"#[derive(Insertable)]","highlight_start":10,"highlight_end":20}],"label":"the trait `diesel::Expression` is not implemented for `NaiveDateTime`","suggested_replacement":null,"suggestion_applicability":null,"expansion":{"span":{"file_name":"db/src/models.rs","byte_start":1970,"byte_end":1980,"line_start":84,"line_end":84,"column_start":10,"column_end":20,"is_primary":false,"text":[{"text":"#[derive(Insertable)]","highlight_start":10,"highlight_end":20}],"label":null,"suggested_replacement":null,"suggestion_applicability":null,"expansion":null},"macro_decl_name":"#[derive(Insertable)]","def_site_span":{"file_name":"/Users/riohatta/.cargo/registry/src/index.crates.io-6f17d22bba15001f/diesel_derives-2.1.4/src/lib.rs","byte_start":16393,"byte_end":16452,"line_start":411,"line_end":411,"column_start":1,"column_end":60,"is_primary":false,"text":[{"text":"pub fn derive_insertable(input: TokenStream) -> TokenStream {","highlight_start":1,"highlight_end":60}],"label":null,"suggested_replacement":null,"suggestion_applicability":null,"expansion":null}}}],"children":[{"message":"the following other types implement trait `diesel::Expression`:\n  Box<T>\n  schema::users::columns::created_at\n  schema::users::columns::password\n  schema::users::columns::email\n  schema::users::columns::name\n  schema::users::columns::id\n  schema::users::columns::star\n  schema::moves::columns::created_at\nand 163 others","code":null,"level":"help","spans":[],"children":[],"rendered":null},{"message":"required for `&'insert NaiveDateTime` to implement `diesel::Expression`","code":null,"level":"note","spans":[],"children":[],"rendered":null},{"message":"required for `&'insert NaiveDateTime` to implement `AsExpression<diesel::sql_types::Nullable<diesel::sql_types::Timestamp>>`","code":null,"level":"note","spans":[],"children":[],"rendered":null}],"rendered":"\u001b[0m\u001b[1m\u001b[38;5;9merror[E0277]\u001b[0m\u001b[0m\u001b[1m: the trait bound `NaiveDateTime: diesel::Expression` is not satisfied\u001b[0m\n\u001b[0m  \u001b[0m\u001b[0m\u001b[1m\u001b[38;5;12m--> \u001b[0m\u001b[0mdb/src/models.rs:84:10\u001b[0m\n\u001b[0m   \u001b[0m\u001b[0m\u001b[1m\u001b[38;5;12m|\u001b[0m\n\u001b[0m\u001b[1m\u001b[38;5;12m84\u001b[0m\u001b[0m \u001b[0m\u001b[0m\u001b[1m\u001b[38;5;12m|\u001b[0m\u001b[0m \u001b[0m\u001b[0m#[derive(Insertable)]\u001b[0m\n\u001b[0m   \u001b[0m\u001b[0m\u001b[1m\u001b[38;5;12m| \u001b[0m\u001b[0m         \u001b[0m\u001b[0m\u001b[1m\u001b[38;5;9m^^^^^^^^^^\u001b[0m\u001b[0m \u001b[0m\u001b[0m\u001b[1m\u001b[38;5;9mthe trait `diesel::Expression` is not implemented for `NaiveDateTime`\u001b[0m\n\u001b[0m   \u001b[0m\u001b[0m\u001b[1m\u001b[38;5;12m|\u001b[0m\n\u001b[0m   \u001b[0m\u001b[0m\u001b[1m\u001b[38;5;12m= \u001b[0m\u001b[0m\u001b[1mhelp\u001b[0m\u001b[0m: the following other types implement trait `diesel::Expression`:\u001b[0m\n\u001b[0m             Box<T>\u001b[0m\n\u001b[0m             schema::users::columns::created_at\u001b[0m\n\u001b[0m             schema::users::columns::password\u001b[0m\n\u001b[0m             schema::users::columns::email\u001b[0m\n\u001b[0m             schema::users::columns::name\u001b[0m\n\u001b[0m             schema::users::columns::id\u001b[0m\n\u001b[0m             schema::users::columns::star\u001b[0m\n\u001b[0m             schema::moves::columns::created_at\u001b[0m\n\u001b[0m           and 163 others\u001b[0m\n\u001b[0m   \u001b[0m\u001b[0m\u001b[1m\u001b[38;5;12m= \u001b[0m\u001b[0m\u001b[1mnote\u001b[0m\u001b[0m: required for `&'insert NaiveDateTime` to implement `diesel::Expression`\u001b[0m\n\u001b[0m   \u001b[0m\u001b[0m\u001b[1m\u001b[38;5;12m= \u001b[0m\u001b[0m\u001b[1mnote\u001b[0m\u001b[0m: required for `&'insert NaiveDateTime` to implement `AsExpression<diesel::sql_types::Nullable<diesel::sql_types::Timestamp>>`\u001b[0m\n\u001b[0m   \u001b[0m\u001b[0m\u001b[1m\u001b[38;5;12m= \u001b[0m\u001b[0m\u001b[1mnote\u001b[0m\u001b[0m: this error originates in the derive macro `Insertable` (in Nightly builds, run with -Z macro-backtrace for more info)\u001b[0m\n\n"}
{"$message_type":"diagnostic","message":"aborting due to 31 previous errors","code":null,"level":"error","spans":[],"children":[],"rendered":"\u001b[0m\u001b[1m\u001b[38;5;9merror\u001b[0m\u001b[0m\u001b[1m: aborting due to 31 previous errors\u001b[0m\n\n"}
{"$message_type":"diagnostic","message":"For more information about this error, try `rustc --explain E0277`.","code":null,"level":"failure-note","spans":[],"children":[],"rendered":"\u001b[0m\u001b[1mFor more information about this error, try `rustc --explain E0277`.\u001b[0m\n"}
